2025-04-23 13:28:25,253 - root:setup_logging:143 - INFO - File logging (DEBUG level) activated: /radraid2/dongwoolee/VNet_LungNoduleSeg/richard/logs/train_25-04-23_13:28:25.log
2025-04-23 13:28:25,253 - root:setup_logging:149 - INFO - Console logging level set to: INFO
2025-04-23 13:28:25,254 - root:setup_logging:151 - INFO - File logging level set to: DEBUG
2025-04-23 13:28:25,255 - root:<module>:239 - INFO - Start time: 25-04-23_13:28:25
2025-04-23 13:28:25,255 - root:<module>:240 - INFO - This is a finetune script.
2025-04-23 13:28:25,265 - richard.src.utils.utils:_load_and_merge_yaml_configs:290 - INFO - Decorator loaded base config from: richard/config/finetune.yaml
2025-04-23 13:28:25,270 - richard.src.utils.utils:_load_and_merge_yaml_configs:307 - INFO - Decorator loaded config for 'model' from: richard/config/model/vnet.yaml
2025-04-23 13:28:25,277 - richard.src.utils.utils:_load_and_merge_yaml_configs:307 - INFO - Decorator loaded config for 'dataset' from: richard/config/dataset/splits_2d.yaml
2025-04-23 13:28:25,283 - richard.src.utils.utils:_load_and_merge_yaml_configs:307 - INFO - Decorator loaded config for 'dataloader' from: richard/config/dataloader/dataloader.yaml
2025-04-23 13:28:25,287 - richard.src.utils.utils:_load_and_merge_yaml_configs:307 - INFO - Decorator loaded config for 'optimizer' from: richard/config/optimizer/AdamW.yaml
2025-04-23 13:28:25,292 - richard.src.utils.utils:_load_and_merge_yaml_configs:307 - INFO - Decorator loaded config for 'scheduler' from: richard/config/scheduler/ReduceLROnPlateau.yaml
2025-04-23 13:28:25,293 - richard.src.utils.utils:wrapper:364 - INFO - Decorator successfully loaded and merged configurations.
2025-04-23 13:28:25,293 - richard.src.utils.utils:wrapper:372 - INFO - Decorator injecting loaded 'cfg' into function call.
2025-04-23 13:28:25,294 - richard.src.utils.utils:wrapper:382 - DEBUG - Decorator injected 'cfg' into function call:
 {
  "model": {
    "name": "VNet2D",
    "in_channels": 1,
    "out_channels": 1,
    "conv_kernel_size": 5,
    "conv_stride": 1,
    "conv_padding": 2,
    "conv_bn": true,
    "conv_activation_fn": null,
    "sampling_conv_kernel_size": 2,
    "sampling_conv_stride": 2,
    "sampling_conv_padding": 0,
    "sampling_conv_bn": true,
    "sampling_conv_activation_fn": null,
    "dropout_rate": 0.3
  },
  "dataset": {
    "train": {
      "image_dir": "/radraid2/dongwoolee/VNet_LungNoduleSeg/richard/data/splits/train/images_2D_0axis/",
      "mask_dir": "/radraid2/dongwoolee/VNet_LungNoduleSeg/richard/data/splits/train/masks_2D_0axis/",
      "augment": true,
      "normalize": true,
      "mean": [
        -493.0376
      ],
      "std": [
        443.1897
      ]
    },
    "val": {
      "image_dir": "/radraid2/dongwoolee/VNet_LungNoduleSeg/richard/data/splits/val/images_2D_0axis/",
      "mask_dir": "/radraid2/dongwoolee/VNet_LungNoduleSeg/richard/data/splits/val/masks_2D_0axis/",
      "augment": false,
      "normalize": true,
      "mean": [
        -493.0376
      ],
      "std": [
        443.1897
      ]
    }
  },
  "dataloader": {
    "train": {
      "batch_size": 16,
      "shuffle": true,
      "num_workers": 8
    },
    "val": {
      "batch_size": 16,
      "shuffle": false,
      "num_workers": 8
    },
    "test": {
      "batch_size": 16,
      "shuffle": false,
      "num_workers": 8
    }
  },
  "optimizer": {
    "name": "AdamW",
    "lr": 1e-05,
    "weight_decay": 0.01
  },
  "scheduler": {
    "name": "ReduceLROnPlateau",
    "factor": 0.2,
    "mode": "max",
    "patience": 5,
    "min_lr": 1e-06
  },
  "criterion": {
    "Dice": {
      "name": "DiceLoss",
      "weight": 1.0
    }
  },
  "training": {
    "num_epochs": 30,
    "batch_size": 16,
    "early_stopping_patience": 15,
    "early_stopping_min_delta": 0.0005
  },
  "checkpoint": {
    "path": "/radraid2/dongwoolee/VNet_LungNoduleSeg/richard/checkpoints/final_checkpoint_25-04-17_14:02:37.pth",
    "freeze_config": {
      "freeze": true,
      "config": {
        "init_conv": true,
        "downsample_block_1": true,
        "downsample_block_2": true,
        "downsample_block_3": true,
        "downsample_block_4": true,
        "upsample_block_1": false,
        "upsample_block_2": false,
        "upsample_block_3": false,
        "upsample_block_4": false,
        "final_conv": false
      }
    }
  }
}
2025-04-23 13:28:25,394 - root:train:29 - INFO - Using device: cuda
2025-04-23 13:28:25,395 - root:train:32 - INFO - Train function received config keys: ['model', 'dataset', 'dataloader', 'optimizer', 'scheduler', 'criterion', 'training', 'checkpoint']
2025-04-23 13:28:25,396 - root:train:36 - DEBUG - Created deep copy of config for instantiation.
2025-04-23 13:28:25,959 - root:train:53 - INFO - Loaded train dataset with 21340 samples.
2025-04-23 13:28:25,960 - root:train:54 - INFO - Loaded validation dataset with 15181 samples.
2025-04-23 13:28:25,961 - root:train:58 - INFO - Created DataLoaders.
2025-04-23 13:28:26,350 - root:train:73 - INFO - Initialized model: VNet2D
2025-04-23 13:28:26,706 - root:train:91 - INFO - Loaded model state_dict from checkpoint: /radraid2/dongwoolee/VNet_LungNoduleSeg/richard/checkpoints/final_checkpoint_25-04-17_14:02:37.pth
2025-04-23 13:28:26,707 - root:train:93 - DEBUG - Original Model Training Config: {
  "model": {
    "in_channels": 1,
    "out_channels": 1,
    "conv_kernel_size": 5,
    "conv_stride": 1,
    "conv_padding": 2,
    "conv_bn": true,
    "conv_activation_fn": null,
    "sampling_conv_kernel_size": 2,
    "sampling_conv_stride": 2,
    "sampling_conv_padding": 0,
    "sampling_conv_bn": true,
    "sampling_conv_activation_fn": null,
    "dropout_rate": 0.3
  },
  "dataset": {
    "train": {
      "image_dir": "/radraid2/dongwoolee/VNet_LungNoduleSeg/richard/data/LUNA16/train/images_2D_0axis/",
      "mask_dir": "/radraid2/dongwoolee/VNet_LungNoduleSeg/richard/data/LUNA16/train/masks_2D_0axis/",
      "augment": true,
      "normalize": true,
      "mean": [
        -593.997
      ],
      "std": [
        417.0208
      ]
    },
    "val": {
      "image_dir": "/radraid2/dongwoolee/VNet_LungNoduleSeg/richard/data/LUNA16/val/images_2D_0axis/",
      "mask_dir": "/radraid2/dongwoolee/VNet_LungNoduleSeg/richard/data/LUNA16/val/masks_2D_0axis/",
      "augment": false,
      "normalize": true,
      "mean": [
        -593.997
      ],
      "std": [
        417.0208
      ]
    }
  },
  "dataloader": {
    "train": {
      "batch_size": 16,
      "shuffle": true,
      "num_workers": 8
    },
    "val": {
      "batch_size": 16,
      "shuffle": false,
      "num_workers": 8
    },
    "test": {
      "batch_size": 16,
      "shuffle": false,
      "num_workers": 8
    }
  },
  "optimizer": {
    "lr": 1e-05,
    "weight_decay": 0.01
  },
  "scheduler": {
    "factor": 0.2,
    "mode": "max",
    "patience": 5,
    "min_lr": 1e-06
  },
  "criterion": {
    "Focal": {
      "name": "FocalLoss",
      "weight": 1.0,
      "params": {
        "alpha": 0.25,
        "gamma": 2.0
      }
    }
  },
  "training": {
    "num_epochs": 30,
    "batch_size": 16,
    "early_stopping_patience": 15,
    "early_stopping_min_delta": 0.0005
  }
}
2025-04-23 13:28:26,738 - root:train:125 - INFO - Frozen parameters based on freeze_config: ['init_conv.conv1.weight', 'init_conv.conv1.bias', 'init_conv.bn1.weight', 'init_conv.bn1.bias', 'downsample_block_1.downsample.conv1.weight', 'downsample_block_1.downsample.conv1.bias', 'downsample_block_1.downsample.bn1.weight', 'downsample_block_1.downsample.bn1.bias', 'downsample_block_1.downsample.activation_fn.weight', 'downsample_block_1.conv_blocks.0.conv1.weight', 'downsample_block_1.conv_blocks.0.conv1.bias', 'downsample_block_1.conv_blocks.0.bn1.weight', 'downsample_block_1.conv_blocks.0.bn1.bias', 'downsample_block_1.conv_blocks.1.conv1.weight', 'downsample_block_1.conv_blocks.1.conv1.bias', 'downsample_block_1.conv_blocks.1.bn1.weight', 'downsample_block_1.conv_blocks.1.bn1.bias', 'downsample_block_2.downsample.conv1.weight', 'downsample_block_2.downsample.conv1.bias', 'downsample_block_2.downsample.bn1.weight', 'downsample_block_2.downsample.bn1.bias', 'downsample_block_2.downsample.activation_fn.weight', 'downsample_block_2.conv_blocks.0.conv1.weight', 'downsample_block_2.conv_blocks.0.conv1.bias', 'downsample_block_2.conv_blocks.0.bn1.weight', 'downsample_block_2.conv_blocks.0.bn1.bias', 'downsample_block_2.conv_blocks.1.conv1.weight', 'downsample_block_2.conv_blocks.1.conv1.bias', 'downsample_block_2.conv_blocks.1.bn1.weight', 'downsample_block_2.conv_blocks.1.bn1.bias', 'downsample_block_2.conv_blocks.2.conv1.weight', 'downsample_block_2.conv_blocks.2.conv1.bias', 'downsample_block_2.conv_blocks.2.bn1.weight', 'downsample_block_2.conv_blocks.2.bn1.bias', 'downsample_block_3.downsample.conv1.weight', 'downsample_block_3.downsample.conv1.bias', 'downsample_block_3.downsample.bn1.weight', 'downsample_block_3.downsample.bn1.bias', 'downsample_block_3.downsample.activation_fn.weight', 'downsample_block_3.conv_blocks.0.conv1.weight', 'downsample_block_3.conv_blocks.0.conv1.bias', 'downsample_block_3.conv_blocks.0.bn1.weight', 'downsample_block_3.conv_blocks.0.bn1.bias', 'downsample_block_3.conv_blocks.1.conv1.weight', 'downsample_block_3.conv_blocks.1.conv1.bias', 'downsample_block_3.conv_blocks.1.bn1.weight', 'downsample_block_3.conv_blocks.1.bn1.bias', 'downsample_block_3.conv_blocks.2.conv1.weight', 'downsample_block_3.conv_blocks.2.conv1.bias', 'downsample_block_3.conv_blocks.2.bn1.weight', 'downsample_block_3.conv_blocks.2.bn1.bias', 'downsample_block_4.downsample.conv1.weight', 'downsample_block_4.downsample.conv1.bias', 'downsample_block_4.downsample.bn1.weight', 'downsample_block_4.downsample.bn1.bias', 'downsample_block_4.downsample.activation_fn.weight', 'downsample_block_4.conv_blocks.0.conv1.weight', 'downsample_block_4.conv_blocks.0.conv1.bias', 'downsample_block_4.conv_blocks.0.bn1.weight', 'downsample_block_4.conv_blocks.0.bn1.bias', 'downsample_block_4.conv_blocks.1.conv1.weight', 'downsample_block_4.conv_blocks.1.conv1.bias', 'downsample_block_4.conv_blocks.1.bn1.weight', 'downsample_block_4.conv_blocks.1.bn1.bias', 'downsample_block_4.conv_blocks.2.conv1.weight', 'downsample_block_4.conv_blocks.2.conv1.bias', 'downsample_block_4.conv_blocks.2.bn1.weight', 'downsample_block_4.conv_blocks.2.bn1.bias']
2025-04-23 13:28:26,739 - root:train:148 - INFO - Initialized AdamW optimizer with params: {'lr': 1e-05, 'weight_decay': 0.01}
2025-04-23 13:28:26,739 - root:train:171 - INFO - Initialized ReduceLROnPlateau scheduler with params: {'factor': 0.2, 'mode': 'max', 'patience': 5, 'min_lr': 1e-06}
2025-04-23 13:28:26,739 - richard.src.utils.loss:__init__:202 - INFO - Initialized loss component 'Dice' (DiceLoss) with effective params: {}
2025-04-23 13:28:26,740 - richard.src.utils.loss:__init__:231 - INFO - Final combined loss weights: {'Dice': 1.0}
2025-04-23 13:28:26,740 - root:train:188 - INFO - Initialized CombinedLoss criterion.
2025-04-23 13:28:26,740 - richard.src.train.trainer:__init__:39 - INFO - Trainer initialized with optimizer: AdamW
2025-04-23 13:28:26,740 - richard.src.train.trainer:__init__:45 - INFO - Trainer initialized with scheduler: ReduceLROnPlateau
2025-04-23 13:28:26,740 - richard.src.train.trainer:__init__:53 - INFO - Trainer initialized with criterion: CombinedLoss
2025-04-23 13:28:26,740 - richard.src.train.trainer:__init__:97 - INFO - Early stopping enabled with patience: 15, min_delta: 0.0005
2025-04-23 13:28:26,740 - richard.src.train.trainer:__init__:107 - DEBUG - Initialized raw loss tracking for components: ['Dice']
2025-04-23 13:28:26,740 - root:train:209 - INFO - Starting training for 30 epochs...
2025-04-23 13:28:54,629 - richard.src.train.trainer:train:140 - DEBUG - Stepped ReduceLROnPlateau scheduler with val_dice: 0.4414
2025-04-23 13:28:54,630 - richard.src.train.trainer:train:146 - DEBUG - Epoch 1: Current learning rate: 1.00e-05
2025-04-23 13:28:55,560 - richard.src.train.trainer:save_checkpoint:395 - DEBUG - Saved new best checkpoint to /radraid2/dongwoolee/VNet_LungNoduleSeg/richard/checkpoints/best_checkpoint_25-04-23_13:28:25_epoch_1.pth with val Dice: 0.4414
2025-04-23 13:28:55,561 - richard.src.train.trainer:train:152 - DEBUG - Epoch 1 Summary:
2025-04-23 13:28:55,561 - richard.src.train.trainer:train:153 - DEBUG -   Train Loss: 0.9044, Train Dice: 0.3446
2025-04-23 13:28:55,561 - richard.src.train.trainer:train:156 - DEBUG -   Raw Train Losses: {Dice: 0.9044}
2025-04-23 13:28:55,561 - richard.src.train.trainer:train:158 - DEBUG -     Val Loss: 0.8073,   Val Dice: 0.4414
2025-04-23 13:28:55,561 - richard.src.train.trainer:train:161 - DEBUG -   Raw Val Losses: {Dice: 0.8073}
2025-04-23 13:28:55,561 - richard.src.train.trainer:train:163 - DEBUG - Best Val Loss So Far: inf, Best Val Dice So Far: 0.4414
2025-04-23 13:29:22,459 - richard.src.train.trainer:train:140 - DEBUG - Stepped ReduceLROnPlateau scheduler with val_dice: 0.5179
2025-04-23 13:29:22,460 - richard.src.train.trainer:train:146 - DEBUG - Epoch 2: Current learning rate: 1.00e-05
2025-04-23 13:29:23,394 - richard.src.train.trainer:save_checkpoint:395 - DEBUG - Saved new best checkpoint to /radraid2/dongwoolee/VNet_LungNoduleSeg/richard/checkpoints/best_checkpoint_25-04-23_13:28:25_epoch_2.pth with val Dice: 0.5179
2025-04-23 13:29:23,425 - richard.src.train.trainer:save_checkpoint:405 - DEBUG - Removed previous best checkpoint: /radraid2/dongwoolee/VNet_LungNoduleSeg/richard/checkpoints/best_checkpoint_25-04-23_13:28:25_epoch_1.pth
2025-04-23 13:29:23,426 - richard.src.train.trainer:train:152 - DEBUG - Epoch 2 Summary:
2025-04-23 13:29:23,426 - richard.src.train.trainer:train:153 - DEBUG -   Train Loss: 0.8725, Train Dice: 0.4395
2025-04-23 13:29:23,426 - richard.src.train.trainer:train:156 - DEBUG -   Raw Train Losses: {Dice: 0.8725}
2025-04-23 13:29:23,426 - richard.src.train.trainer:train:158 - DEBUG -     Val Loss: 0.7749,   Val Dice: 0.5179
2025-04-23 13:29:23,426 - richard.src.train.trainer:train:161 - DEBUG -   Raw Val Losses: {Dice: 0.7749}
2025-04-23 13:29:23,426 - richard.src.train.trainer:train:163 - DEBUG - Best Val Loss So Far: 0.8073, Best Val Dice So Far: 0.5179
2025-04-23 13:29:55,298 - richard.src.train.trainer:train:132 - DEBUG - Epoch 3: No improvement in val_dice for 1 epoch(s). Patience: 15
2025-04-23 13:29:55,299 - richard.src.train.trainer:train:140 - DEBUG - Stepped ReduceLROnPlateau scheduler with val_dice: 0.4963
2025-04-23 13:29:55,299 - richard.src.train.trainer:train:146 - DEBUG - Epoch 3: Current learning rate: 1.00e-05
2025-04-23 13:29:55,299 - richard.src.train.trainer:save_checkpoint:409 - DEBUG - Epoch 3: Val Dice 0.4963 did not improve over best 0.5179
2025-04-23 13:29:55,299 - richard.src.train.trainer:train:152 - DEBUG - Epoch 3 Summary:
2025-04-23 13:29:55,299 - richard.src.train.trainer:train:153 - DEBUG -   Train Loss: 0.8403, Train Dice: 0.4959
2025-04-23 13:29:55,299 - richard.src.train.trainer:train:156 - DEBUG -   Raw Train Losses: {Dice: 0.8403}
2025-04-23 13:29:55,299 - richard.src.train.trainer:train:158 - DEBUG -     Val Loss: 0.7346,   Val Dice: 0.4963
2025-04-23 13:29:55,299 - richard.src.train.trainer:train:161 - DEBUG -   Raw Val Losses: {Dice: 0.7346}
2025-04-23 13:29:55,299 - richard.src.train.trainer:train:163 - DEBUG - Best Val Loss So Far: 0.7749, Best Val Dice So Far: 0.5179
2025-04-23 13:30:34,218 - richard.src.train.trainer:train:140 - DEBUG - Stepped ReduceLROnPlateau scheduler with val_dice: 0.5649
2025-04-23 13:30:34,219 - richard.src.train.trainer:train:146 - DEBUG - Epoch 4: Current learning rate: 1.00e-05
2025-04-23 13:30:35,155 - richard.src.train.trainer:save_checkpoint:395 - DEBUG - Saved new best checkpoint to /radraid2/dongwoolee/VNet_LungNoduleSeg/richard/checkpoints/best_checkpoint_25-04-23_13:28:25_epoch_4.pth with val Dice: 0.5649
2025-04-23 13:30:35,203 - richard.src.train.trainer:save_checkpoint:405 - DEBUG - Removed previous best checkpoint: /radraid2/dongwoolee/VNet_LungNoduleSeg/richard/checkpoints/best_checkpoint_25-04-23_13:28:25_epoch_2.pth
2025-04-23 13:30:35,203 - richard.src.train.trainer:train:152 - DEBUG - Epoch 4 Summary:
2025-04-23 13:30:35,204 - richard.src.train.trainer:train:153 - DEBUG -   Train Loss: 0.8001, Train Dice: 0.5477
2025-04-23 13:30:35,204 - richard.src.train.trainer:train:156 - DEBUG -   Raw Train Losses: {Dice: 0.8001}
2025-04-23 13:30:35,204 - richard.src.train.trainer:train:158 - DEBUG -     Val Loss: 0.6834,   Val Dice: 0.5649
2025-04-23 13:30:35,204 - richard.src.train.trainer:train:161 - DEBUG -   Raw Val Losses: {Dice: 0.6834}
2025-04-23 13:30:35,204 - richard.src.train.trainer:train:163 - DEBUG - Best Val Loss So Far: 0.7346, Best Val Dice So Far: 0.5649
2025-04-23 13:31:12,594 - richard.src.train.trainer:train:140 - DEBUG - Stepped ReduceLROnPlateau scheduler with val_dice: 0.5940
2025-04-23 13:31:12,594 - richard.src.train.trainer:train:146 - DEBUG - Epoch 5: Current learning rate: 1.00e-05
2025-04-23 13:31:13,785 - richard.src.train.trainer:save_checkpoint:395 - DEBUG - Saved new best checkpoint to /radraid2/dongwoolee/VNet_LungNoduleSeg/richard/checkpoints/best_checkpoint_25-04-23_13:28:25_epoch_5.pth with val Dice: 0.5940
2025-04-23 13:31:13,828 - richard.src.train.trainer:save_checkpoint:405 - DEBUG - Removed previous best checkpoint: /radraid2/dongwoolee/VNet_LungNoduleSeg/richard/checkpoints/best_checkpoint_25-04-23_13:28:25_epoch_4.pth
2025-04-23 13:31:13,829 - richard.src.train.trainer:train:152 - DEBUG - Epoch 5 Summary:
2025-04-23 13:31:13,829 - richard.src.train.trainer:train:153 - DEBUG -   Train Loss: 0.7504, Train Dice: 0.5942
2025-04-23 13:31:13,829 - richard.src.train.trainer:train:156 - DEBUG -   Raw Train Losses: {Dice: 0.7504}
2025-04-23 13:31:13,829 - richard.src.train.trainer:train:158 - DEBUG -     Val Loss: 0.6470,   Val Dice: 0.5940
2025-04-23 13:31:13,829 - richard.src.train.trainer:train:161 - DEBUG -   Raw Val Losses: {Dice: 0.6470}
2025-04-23 13:31:13,829 - richard.src.train.trainer:train:163 - DEBUG - Best Val Loss So Far: 0.6834, Best Val Dice So Far: 0.5940
2025-04-23 13:31:52,389 - richard.src.train.trainer:train:140 - DEBUG - Stepped ReduceLROnPlateau scheduler with val_dice: 0.6209
2025-04-23 13:31:52,390 - richard.src.train.trainer:train:146 - DEBUG - Epoch 6: Current learning rate: 1.00e-05
2025-04-23 13:31:54,271 - richard.src.train.trainer:save_checkpoint:395 - DEBUG - Saved new best checkpoint to /radraid2/dongwoolee/VNet_LungNoduleSeg/richard/checkpoints/best_checkpoint_25-04-23_13:28:25_epoch_6.pth with val Dice: 0.6209
2025-04-23 13:31:54,316 - richard.src.train.trainer:save_checkpoint:405 - DEBUG - Removed previous best checkpoint: /radraid2/dongwoolee/VNet_LungNoduleSeg/richard/checkpoints/best_checkpoint_25-04-23_13:28:25_epoch_5.pth
2025-04-23 13:31:54,317 - richard.src.train.trainer:train:152 - DEBUG - Epoch 6 Summary:
2025-04-23 13:31:54,318 - richard.src.train.trainer:train:153 - DEBUG -   Train Loss: 0.7005, Train Dice: 0.6275
2025-04-23 13:31:54,318 - richard.src.train.trainer:train:156 - DEBUG -   Raw Train Losses: {Dice: 0.7005}
2025-04-23 13:31:54,318 - richard.src.train.trainer:train:158 - DEBUG -     Val Loss: 0.5920,   Val Dice: 0.6209
2025-04-23 13:31:54,318 - richard.src.train.trainer:train:161 - DEBUG -   Raw Val Losses: {Dice: 0.5920}
2025-04-23 13:31:54,318 - richard.src.train.trainer:train:163 - DEBUG - Best Val Loss So Far: 0.6470, Best Val Dice So Far: 0.6209
2025-04-23 13:32:37,228 - richard.src.train.trainer:train:140 - DEBUG - Stepped ReduceLROnPlateau scheduler with val_dice: 0.6276
2025-04-23 13:32:37,228 - richard.src.train.trainer:train:146 - DEBUG - Epoch 7: Current learning rate: 1.00e-05
2025-04-23 13:32:38,331 - richard.src.train.trainer:save_checkpoint:395 - DEBUG - Saved new best checkpoint to /radraid2/dongwoolee/VNet_LungNoduleSeg/richard/checkpoints/best_checkpoint_25-04-23_13:28:25_epoch_7.pth with val Dice: 0.6276
2025-04-23 13:32:38,373 - richard.src.train.trainer:save_checkpoint:405 - DEBUG - Removed previous best checkpoint: /radraid2/dongwoolee/VNet_LungNoduleSeg/richard/checkpoints/best_checkpoint_25-04-23_13:28:25_epoch_6.pth
2025-04-23 13:32:38,374 - richard.src.train.trainer:train:152 - DEBUG - Epoch 7 Summary:
2025-04-23 13:32:38,374 - richard.src.train.trainer:train:153 - DEBUG -   Train Loss: 0.6430, Train Dice: 0.6542
2025-04-23 13:32:38,374 - richard.src.train.trainer:train:156 - DEBUG -   Raw Train Losses: {Dice: 0.6430}
2025-04-23 13:32:38,374 - richard.src.train.trainer:train:158 - DEBUG -     Val Loss: 0.5546,   Val Dice: 0.6276
2025-04-23 13:32:38,374 - richard.src.train.trainer:train:161 - DEBUG -   Raw Val Losses: {Dice: 0.5546}
2025-04-23 13:32:38,374 - richard.src.train.trainer:train:163 - DEBUG - Best Val Loss So Far: 0.5920, Best Val Dice So Far: 0.6276
2025-04-23 13:33:16,248 - richard.src.train.trainer:train:140 - DEBUG - Stepped ReduceLROnPlateau scheduler with val_dice: 0.6389
2025-04-23 13:33:16,248 - richard.src.train.trainer:train:146 - DEBUG - Epoch 8: Current learning rate: 1.00e-05
2025-04-23 13:33:17,366 - richard.src.train.trainer:save_checkpoint:395 - DEBUG - Saved new best checkpoint to /radraid2/dongwoolee/VNet_LungNoduleSeg/richard/checkpoints/best_checkpoint_25-04-23_13:28:25_epoch_8.pth with val Dice: 0.6389
2025-04-23 13:33:17,412 - richard.src.train.trainer:save_checkpoint:405 - DEBUG - Removed previous best checkpoint: /radraid2/dongwoolee/VNet_LungNoduleSeg/richard/checkpoints/best_checkpoint_25-04-23_13:28:25_epoch_7.pth
2025-04-23 13:33:17,413 - richard.src.train.trainer:train:152 - DEBUG - Epoch 8 Summary:
2025-04-23 13:33:17,413 - richard.src.train.trainer:train:153 - DEBUG -   Train Loss: 0.5915, Train Dice: 0.6743
2025-04-23 13:33:17,414 - richard.src.train.trainer:train:156 - DEBUG -   Raw Train Losses: {Dice: 0.5915}
2025-04-23 13:33:17,414 - richard.src.train.trainer:train:158 - DEBUG -     Val Loss: 0.5033,   Val Dice: 0.6389
2025-04-23 13:33:17,414 - richard.src.train.trainer:train:161 - DEBUG -   Raw Val Losses: {Dice: 0.5033}
2025-04-23 13:33:17,414 - richard.src.train.trainer:train:163 - DEBUG - Best Val Loss So Far: 0.5546, Best Val Dice So Far: 0.6389
2025-04-23 13:33:57,806 - richard.src.train.trainer:train:132 - DEBUG - Epoch 9: No improvement in val_dice for 1 epoch(s). Patience: 15
2025-04-23 13:33:57,807 - richard.src.train.trainer:train:140 - DEBUG - Stepped ReduceLROnPlateau scheduler with val_dice: 0.6310
2025-04-23 13:33:57,807 - richard.src.train.trainer:train:146 - DEBUG - Epoch 9: Current learning rate: 1.00e-05
2025-04-23 13:33:57,807 - richard.src.train.trainer:save_checkpoint:409 - DEBUG - Epoch 9: Val Dice 0.6310 did not improve over best 0.6389
2025-04-23 13:33:57,807 - richard.src.train.trainer:train:152 - DEBUG - Epoch 9 Summary:
2025-04-23 13:33:57,807 - richard.src.train.trainer:train:153 - DEBUG -   Train Loss: 0.5375, Train Dice: 0.6895
2025-04-23 13:33:57,807 - richard.src.train.trainer:train:156 - DEBUG -   Raw Train Losses: {Dice: 0.5375}
2025-04-23 13:33:57,807 - richard.src.train.trainer:train:158 - DEBUG -     Val Loss: 0.4835,   Val Dice: 0.6310
2025-04-23 13:33:57,807 - richard.src.train.trainer:train:161 - DEBUG -   Raw Val Losses: {Dice: 0.4835}
2025-04-23 13:33:57,808 - richard.src.train.trainer:train:163 - DEBUG - Best Val Loss So Far: 0.5033, Best Val Dice So Far: 0.6389
2025-04-23 13:34:35,338 - richard.src.train.trainer:train:132 - DEBUG - Epoch 10: No improvement in val_dice for 2 epoch(s). Patience: 15
2025-04-23 13:34:35,338 - richard.src.train.trainer:train:140 - DEBUG - Stepped ReduceLROnPlateau scheduler with val_dice: 0.6388
2025-04-23 13:34:35,338 - richard.src.train.trainer:train:146 - DEBUG - Epoch 10: Current learning rate: 1.00e-05
2025-04-23 13:34:35,339 - richard.src.train.trainer:save_checkpoint:409 - DEBUG - Epoch 10: Val Dice 0.6388 did not improve over best 0.6389
2025-04-23 13:34:35,339 - richard.src.train.trainer:train:152 - DEBUG - Epoch 10 Summary:
2025-04-23 13:34:35,339 - richard.src.train.trainer:train:153 - DEBUG -   Train Loss: 0.4905, Train Dice: 0.7029
2025-04-23 13:34:35,339 - richard.src.train.trainer:train:156 - DEBUG -   Raw Train Losses: {Dice: 0.4905}
2025-04-23 13:34:35,339 - richard.src.train.trainer:train:158 - DEBUG -     Val Loss: 0.4484,   Val Dice: 0.6388
2025-04-23 13:34:35,339 - richard.src.train.trainer:train:161 - DEBUG -   Raw Val Losses: {Dice: 0.4484}
2025-04-23 13:34:35,339 - richard.src.train.trainer:train:163 - DEBUG - Best Val Loss So Far: 0.4835, Best Val Dice So Far: 0.6389
2025-04-23 13:35:12,043 - richard.src.train.trainer:train:140 - DEBUG - Stepped ReduceLROnPlateau scheduler with val_dice: 0.6414
2025-04-23 13:35:12,043 - richard.src.train.trainer:train:146 - DEBUG - Epoch 11: Current learning rate: 1.00e-05
2025-04-23 13:35:12,983 - richard.src.train.trainer:save_checkpoint:395 - DEBUG - Saved new best checkpoint to /radraid2/dongwoolee/VNet_LungNoduleSeg/richard/checkpoints/best_checkpoint_25-04-23_13:28:25_epoch_11.pth with val Dice: 0.6414
2025-04-23 13:35:13,015 - richard.src.train.trainer:save_checkpoint:405 - DEBUG - Removed previous best checkpoint: /radraid2/dongwoolee/VNet_LungNoduleSeg/richard/checkpoints/best_checkpoint_25-04-23_13:28:25_epoch_8.pth
2025-04-23 13:35:13,015 - richard.src.train.trainer:train:152 - DEBUG - Epoch 11 Summary:
2025-04-23 13:35:13,016 - richard.src.train.trainer:train:153 - DEBUG -   Train Loss: 0.4471, Train Dice: 0.7126
2025-04-23 13:35:13,016 - richard.src.train.trainer:train:156 - DEBUG -   Raw Train Losses: {Dice: 0.4471}
2025-04-23 13:35:13,016 - richard.src.train.trainer:train:158 - DEBUG -     Val Loss: 0.4271,   Val Dice: 0.6414
2025-04-23 13:35:13,016 - richard.src.train.trainer:train:161 - DEBUG -   Raw Val Losses: {Dice: 0.4271}
2025-04-23 13:35:13,016 - richard.src.train.trainer:train:163 - DEBUG - Best Val Loss So Far: 0.4484, Best Val Dice So Far: 0.6414
2025-04-23 13:35:48,778 - richard.src.train.trainer:train:132 - DEBUG - Epoch 12: No improvement in val_dice for 1 epoch(s). Patience: 15
2025-04-23 13:35:48,778 - richard.src.train.trainer:train:140 - DEBUG - Stepped ReduceLROnPlateau scheduler with val_dice: 0.6296
2025-04-23 13:35:48,778 - richard.src.train.trainer:train:146 - DEBUG - Epoch 12: Current learning rate: 1.00e-05
2025-04-23 13:35:48,778 - richard.src.train.trainer:save_checkpoint:409 - DEBUG - Epoch 12: Val Dice 0.6296 did not improve over best 0.6414
2025-04-23 13:35:48,779 - richard.src.train.trainer:train:152 - DEBUG - Epoch 12 Summary:
2025-04-23 13:35:48,779 - richard.src.train.trainer:train:153 - DEBUG -   Train Loss: 0.4139, Train Dice: 0.7177
2025-04-23 13:35:48,779 - richard.src.train.trainer:train:156 - DEBUG -   Raw Train Losses: {Dice: 0.4139}
2025-04-23 13:35:48,779 - richard.src.train.trainer:train:158 - DEBUG -     Val Loss: 0.4231,   Val Dice: 0.6296
2025-04-23 13:35:48,779 - richard.src.train.trainer:train:161 - DEBUG -   Raw Val Losses: {Dice: 0.4231}
2025-04-23 13:35:48,779 - richard.src.train.trainer:train:163 - DEBUG - Best Val Loss So Far: 0.4271, Best Val Dice So Far: 0.6414
2025-04-23 13:36:31,680 - richard.src.train.trainer:train:132 - DEBUG - Epoch 13: No improvement in val_dice for 2 epoch(s). Patience: 15
2025-04-23 13:36:31,680 - richard.src.train.trainer:train:140 - DEBUG - Stepped ReduceLROnPlateau scheduler with val_dice: 0.6273
2025-04-23 13:36:31,681 - richard.src.train.trainer:train:146 - DEBUG - Epoch 13: Current learning rate: 1.00e-05
2025-04-23 13:36:31,681 - richard.src.train.trainer:save_checkpoint:409 - DEBUG - Epoch 13: Val Dice 0.6273 did not improve over best 0.6414
2025-04-23 13:36:31,681 - richard.src.train.trainer:train:152 - DEBUG - Epoch 13 Summary:
2025-04-23 13:36:31,681 - richard.src.train.trainer:train:153 - DEBUG -   Train Loss: 0.3855, Train Dice: 0.7218
2025-04-23 13:36:31,681 - richard.src.train.trainer:train:156 - DEBUG -   Raw Train Losses: {Dice: 0.3855}
2025-04-23 13:36:31,681 - richard.src.train.trainer:train:158 - DEBUG -     Val Loss: 0.4122,   Val Dice: 0.6273
2025-04-23 13:36:31,681 - richard.src.train.trainer:train:161 - DEBUG -   Raw Val Losses: {Dice: 0.4122}
2025-04-23 13:36:31,681 - richard.src.train.trainer:train:163 - DEBUG - Best Val Loss So Far: 0.4231, Best Val Dice So Far: 0.6414
2025-04-23 13:37:08,929 - richard.src.train.trainer:train:132 - DEBUG - Epoch 14: No improvement in val_dice for 3 epoch(s). Patience: 15
2025-04-23 13:37:08,929 - richard.src.train.trainer:train:140 - DEBUG - Stepped ReduceLROnPlateau scheduler with val_dice: 0.6356
2025-04-23 13:37:08,930 - richard.src.train.trainer:train:146 - DEBUG - Epoch 14: Current learning rate: 1.00e-05
2025-04-23 13:37:08,930 - richard.src.train.trainer:save_checkpoint:409 - DEBUG - Epoch 14: Val Dice 0.6356 did not improve over best 0.6414
2025-04-23 13:37:08,930 - richard.src.train.trainer:train:152 - DEBUG - Epoch 14 Summary:
2025-04-23 13:37:08,930 - richard.src.train.trainer:train:153 - DEBUG -   Train Loss: 0.3558, Train Dice: 0.7300
2025-04-23 13:37:08,930 - richard.src.train.trainer:train:156 - DEBUG -   Raw Train Losses: {Dice: 0.3558}
2025-04-23 13:37:08,930 - richard.src.train.trainer:train:158 - DEBUG -     Val Loss: 0.3926,   Val Dice: 0.6356
2025-04-23 13:37:08,930 - richard.src.train.trainer:train:161 - DEBUG -   Raw Val Losses: {Dice: 0.3926}
2025-04-23 13:37:08,930 - richard.src.train.trainer:train:163 - DEBUG - Best Val Loss So Far: 0.4122, Best Val Dice So Far: 0.6414
2025-04-23 13:37:47,707 - richard.src.train.trainer:train:140 - DEBUG - Stepped ReduceLROnPlateau scheduler with val_dice: 0.6526
2025-04-23 13:37:47,707 - richard.src.train.trainer:train:146 - DEBUG - Epoch 15: Current learning rate: 1.00e-05
2025-04-23 13:37:49,198 - richard.src.train.trainer:save_checkpoint:395 - DEBUG - Saved new best checkpoint to /radraid2/dongwoolee/VNet_LungNoduleSeg/richard/checkpoints/best_checkpoint_25-04-23_13:28:25_epoch_15.pth with val Dice: 0.6526
2025-04-23 13:37:49,246 - richard.src.train.trainer:save_checkpoint:405 - DEBUG - Removed previous best checkpoint: /radraid2/dongwoolee/VNet_LungNoduleSeg/richard/checkpoints/best_checkpoint_25-04-23_13:28:25_epoch_11.pth
2025-04-23 13:37:49,248 - richard.src.train.trainer:train:152 - DEBUG - Epoch 15 Summary:
2025-04-23 13:37:49,249 - richard.src.train.trainer:train:153 - DEBUG -   Train Loss: 0.3431, Train Dice: 0.7287
2025-04-23 13:37:49,249 - richard.src.train.trainer:train:156 - DEBUG -   Raw Train Losses: {Dice: 0.3431}
2025-04-23 13:37:49,249 - richard.src.train.trainer:train:158 - DEBUG -     Val Loss: 0.3691,   Val Dice: 0.6526
2025-04-23 13:37:49,249 - richard.src.train.trainer:train:161 - DEBUG -   Raw Val Losses: {Dice: 0.3691}
2025-04-23 13:37:49,249 - richard.src.train.trainer:train:163 - DEBUG - Best Val Loss So Far: 0.3926, Best Val Dice So Far: 0.6526
2025-04-23 13:38:27,712 - richard.src.train.trainer:train:132 - DEBUG - Epoch 16: No improvement in val_dice for 1 epoch(s). Patience: 15
2025-04-23 13:38:27,713 - richard.src.train.trainer:train:140 - DEBUG - Stepped ReduceLROnPlateau scheduler with val_dice: 0.6479
2025-04-23 13:38:27,713 - richard.src.train.trainer:train:146 - DEBUG - Epoch 16: Current learning rate: 1.00e-05
2025-04-23 13:38:27,713 - richard.src.train.trainer:save_checkpoint:409 - DEBUG - Epoch 16: Val Dice 0.6479 did not improve over best 0.6526
2025-04-23 13:38:27,744 - richard.src.train.trainer:train:152 - DEBUG - Epoch 16 Summary:
2025-04-23 13:38:27,744 - richard.src.train.trainer:train:153 - DEBUG -   Train Loss: 0.3241, Train Dice: 0.7330
2025-04-23 13:38:27,744 - richard.src.train.trainer:train:156 - DEBUG -   Raw Train Losses: {Dice: 0.3241}
2025-04-23 13:38:27,744 - richard.src.train.trainer:train:158 - DEBUG -     Val Loss: 0.3678,   Val Dice: 0.6479
2025-04-23 13:38:27,744 - richard.src.train.trainer:train:161 - DEBUG -   Raw Val Losses: {Dice: 0.3678}
2025-04-23 13:38:27,744 - richard.src.train.trainer:train:163 - DEBUG - Best Val Loss So Far: 0.3691, Best Val Dice So Far: 0.6526
2025-04-23 13:39:12,172 - richard.src.train.trainer:train:140 - DEBUG - Stepped ReduceLROnPlateau scheduler with val_dice: 0.6549
2025-04-23 13:39:12,173 - richard.src.train.trainer:train:146 - DEBUG - Epoch 17: Current learning rate: 1.00e-05
2025-04-23 13:39:13,910 - richard.src.train.trainer:save_checkpoint:395 - DEBUG - Saved new best checkpoint to /radraid2/dongwoolee/VNet_LungNoduleSeg/richard/checkpoints/best_checkpoint_25-04-23_13:28:25_epoch_17.pth with val Dice: 0.6549
2025-04-23 13:39:13,955 - richard.src.train.trainer:save_checkpoint:405 - DEBUG - Removed previous best checkpoint: /radraid2/dongwoolee/VNet_LungNoduleSeg/richard/checkpoints/best_checkpoint_25-04-23_13:28:25_epoch_15.pth
2025-04-23 13:39:13,956 - richard.src.train.trainer:train:152 - DEBUG - Epoch 17 Summary:
2025-04-23 13:39:13,956 - richard.src.train.trainer:train:153 - DEBUG -   Train Loss: 0.3141, Train Dice: 0.7334
2025-04-23 13:39:13,956 - richard.src.train.trainer:train:156 - DEBUG -   Raw Train Losses: {Dice: 0.3141}
2025-04-23 13:39:13,956 - richard.src.train.trainer:train:158 - DEBUG -     Val Loss: 0.3571,   Val Dice: 0.6549
2025-04-23 13:39:13,956 - richard.src.train.trainer:train:161 - DEBUG -   Raw Val Losses: {Dice: 0.3571}
2025-04-23 13:39:13,956 - richard.src.train.trainer:train:163 - DEBUG - Best Val Loss So Far: 0.3678, Best Val Dice So Far: 0.6549
2025-04-23 13:39:54,487 - richard.src.train.trainer:train:132 - DEBUG - Epoch 18: No improvement in val_dice for 1 epoch(s). Patience: 15
2025-04-23 13:39:54,488 - richard.src.train.trainer:train:140 - DEBUG - Stepped ReduceLROnPlateau scheduler with val_dice: 0.6506
2025-04-23 13:39:54,488 - richard.src.train.trainer:train:146 - DEBUG - Epoch 18: Current learning rate: 1.00e-05
2025-04-23 13:39:54,488 - richard.src.train.trainer:save_checkpoint:409 - DEBUG - Epoch 18: Val Dice 0.6506 did not improve over best 0.6549
2025-04-23 13:39:54,488 - richard.src.train.trainer:train:152 - DEBUG - Epoch 18 Summary:
2025-04-23 13:39:54,488 - richard.src.train.trainer:train:153 - DEBUG -   Train Loss: 0.2997, Train Dice: 0.7392
2025-04-23 13:39:54,488 - richard.src.train.trainer:train:156 - DEBUG -   Raw Train Losses: {Dice: 0.2997}
2025-04-23 13:39:54,488 - richard.src.train.trainer:train:158 - DEBUG -     Val Loss: 0.3588,   Val Dice: 0.6506
2025-04-23 13:39:54,488 - richard.src.train.trainer:train:161 - DEBUG -   Raw Val Losses: {Dice: 0.3588}
2025-04-23 13:39:54,488 - richard.src.train.trainer:train:163 - DEBUG - Best Val Loss So Far: 0.3571, Best Val Dice So Far: 0.6549
2025-04-23 13:40:31,042 - richard.src.train.trainer:train:132 - DEBUG - Epoch 19: No improvement in val_dice for 2 epoch(s). Patience: 15
2025-04-23 13:40:31,042 - richard.src.train.trainer:train:140 - DEBUG - Stepped ReduceLROnPlateau scheduler with val_dice: 0.6493
2025-04-23 13:40:31,042 - richard.src.train.trainer:train:146 - DEBUG - Epoch 19: Current learning rate: 1.00e-05
2025-04-23 13:40:31,042 - richard.src.train.trainer:save_checkpoint:409 - DEBUG - Epoch 19: Val Dice 0.6493 did not improve over best 0.6549
2025-04-23 13:40:31,043 - richard.src.train.trainer:train:152 - DEBUG - Epoch 19 Summary:
2025-04-23 13:40:31,043 - richard.src.train.trainer:train:153 - DEBUG -   Train Loss: 0.2897, Train Dice: 0.7427
2025-04-23 13:40:31,043 - richard.src.train.trainer:train:156 - DEBUG -   Raw Train Losses: {Dice: 0.2897}
2025-04-23 13:40:31,043 - richard.src.train.trainer:train:158 - DEBUG -     Val Loss: 0.3579,   Val Dice: 0.6493
2025-04-23 13:40:31,043 - richard.src.train.trainer:train:161 - DEBUG -   Raw Val Losses: {Dice: 0.3579}
2025-04-23 13:40:31,043 - richard.src.train.trainer:train:163 - DEBUG - Best Val Loss So Far: 0.3571, Best Val Dice So Far: 0.6549
2025-04-23 13:41:11,728 - richard.src.train.trainer:train:132 - DEBUG - Epoch 20: No improvement in val_dice for 3 epoch(s). Patience: 15
2025-04-23 13:41:11,729 - richard.src.train.trainer:train:140 - DEBUG - Stepped ReduceLROnPlateau scheduler with val_dice: 0.6404
2025-04-23 13:41:11,729 - richard.src.train.trainer:train:146 - DEBUG - Epoch 20: Current learning rate: 1.00e-05
2025-04-23 13:41:11,729 - richard.src.train.trainer:save_checkpoint:409 - DEBUG - Epoch 20: Val Dice 0.6404 did not improve over best 0.6549
2025-04-23 13:41:11,729 - richard.src.train.trainer:train:152 - DEBUG - Epoch 20 Summary:
2025-04-23 13:41:11,729 - richard.src.train.trainer:train:153 - DEBUG -   Train Loss: 0.2858, Train Dice: 0.7414
2025-04-23 13:41:11,729 - richard.src.train.trainer:train:156 - DEBUG -   Raw Train Losses: {Dice: 0.2858}
2025-04-23 13:41:11,729 - richard.src.train.trainer:train:158 - DEBUG -     Val Loss: 0.3653,   Val Dice: 0.6404
2025-04-23 13:41:11,729 - richard.src.train.trainer:train:161 - DEBUG -   Raw Val Losses: {Dice: 0.3653}
2025-04-23 13:41:11,729 - richard.src.train.trainer:train:163 - DEBUG - Best Val Loss So Far: 0.3571, Best Val Dice So Far: 0.6549
2025-04-23 13:41:48,683 - richard.src.train.trainer:train:132 - DEBUG - Epoch 21: No improvement in val_dice for 4 epoch(s). Patience: 15
2025-04-23 13:41:48,683 - richard.src.train.trainer:train:140 - DEBUG - Stepped ReduceLROnPlateau scheduler with val_dice: 0.6530
2025-04-23 13:41:48,683 - richard.src.train.trainer:train:146 - DEBUG - Epoch 21: Current learning rate: 1.00e-05
2025-04-23 13:41:48,683 - richard.src.train.trainer:save_checkpoint:409 - DEBUG - Epoch 21: Val Dice 0.6530 did not improve over best 0.6549
2025-04-23 13:41:48,683 - richard.src.train.trainer:train:152 - DEBUG - Epoch 21 Summary:
2025-04-23 13:41:48,683 - richard.src.train.trainer:train:153 - DEBUG -   Train Loss: 0.2773, Train Dice: 0.7462
2025-04-23 13:41:48,683 - richard.src.train.trainer:train:156 - DEBUG -   Raw Train Losses: {Dice: 0.2773}
2025-04-23 13:41:48,683 - richard.src.train.trainer:train:158 - DEBUG -     Val Loss: 0.3519,   Val Dice: 0.6530
2025-04-23 13:41:48,683 - richard.src.train.trainer:train:161 - DEBUG -   Raw Val Losses: {Dice: 0.3519}
2025-04-23 13:41:48,683 - richard.src.train.trainer:train:163 - DEBUG - Best Val Loss So Far: 0.3571, Best Val Dice So Far: 0.6549
2025-04-23 13:42:29,094 - richard.src.train.trainer:train:132 - DEBUG - Epoch 22: No improvement in val_dice for 5 epoch(s). Patience: 15
2025-04-23 13:42:29,095 - richard.src.train.trainer:train:140 - DEBUG - Stepped ReduceLROnPlateau scheduler with val_dice: 0.6454
2025-04-23 13:42:29,095 - richard.src.train.trainer:train:146 - DEBUG - Epoch 22: Current learning rate: 1.00e-05
2025-04-23 13:42:29,095 - richard.src.train.trainer:save_checkpoint:409 - DEBUG - Epoch 22: Val Dice 0.6454 did not improve over best 0.6549
2025-04-23 13:42:29,095 - richard.src.train.trainer:train:152 - DEBUG - Epoch 22 Summary:
2025-04-23 13:42:29,095 - richard.src.train.trainer:train:153 - DEBUG -   Train Loss: 0.2747, Train Dice: 0.7453
2025-04-23 13:42:29,095 - richard.src.train.trainer:train:156 - DEBUG -   Raw Train Losses: {Dice: 0.2747}
2025-04-23 13:42:29,095 - richard.src.train.trainer:train:158 - DEBUG -     Val Loss: 0.3587,   Val Dice: 0.6454
2025-04-23 13:42:29,095 - richard.src.train.trainer:train:161 - DEBUG -   Raw Val Losses: {Dice: 0.3587}
2025-04-23 13:42:29,095 - richard.src.train.trainer:train:163 - DEBUG - Best Val Loss So Far: 0.3519, Best Val Dice So Far: 0.6549
2025-04-23 13:43:06,984 - richard.src.train.trainer:train:132 - DEBUG - Epoch 23: No improvement in val_dice for 6 epoch(s). Patience: 15
2025-04-23 13:43:06,984 - richard.src.train.trainer:train:140 - DEBUG - Stepped ReduceLROnPlateau scheduler with val_dice: 0.6444
2025-04-23 13:43:06,984 - richard.src.train.trainer:train:146 - DEBUG - Epoch 23: Current learning rate: 2.00e-06
2025-04-23 13:43:06,984 - richard.src.train.trainer:save_checkpoint:409 - DEBUG - Epoch 23: Val Dice 0.6444 did not improve over best 0.6549
2025-04-23 13:43:06,984 - richard.src.train.trainer:train:152 - DEBUG - Epoch 23 Summary:
2025-04-23 13:43:06,984 - richard.src.train.trainer:train:153 - DEBUG -   Train Loss: 0.2722, Train Dice: 0.7454
2025-04-23 13:43:06,984 - richard.src.train.trainer:train:156 - DEBUG -   Raw Train Losses: {Dice: 0.2722}
2025-04-23 13:43:06,984 - richard.src.train.trainer:train:158 - DEBUG -     Val Loss: 0.3590,   Val Dice: 0.6444
2025-04-23 13:43:06,984 - richard.src.train.trainer:train:161 - DEBUG -   Raw Val Losses: {Dice: 0.3590}
2025-04-23 13:43:06,985 - richard.src.train.trainer:train:163 - DEBUG - Best Val Loss So Far: 0.3519, Best Val Dice So Far: 0.6549
2025-04-23 13:43:49,276 - richard.src.train.trainer:train:132 - DEBUG - Epoch 24: No improvement in val_dice for 7 epoch(s). Patience: 15
2025-04-23 13:43:49,277 - richard.src.train.trainer:train:140 - DEBUG - Stepped ReduceLROnPlateau scheduler with val_dice: 0.6473
2025-04-23 13:43:49,277 - richard.src.train.trainer:train:146 - DEBUG - Epoch 24: Current learning rate: 2.00e-06
2025-04-23 13:43:49,322 - richard.src.train.trainer:save_checkpoint:409 - DEBUG - Epoch 24: Val Dice 0.6473 did not improve over best 0.6549
2025-04-23 13:43:49,322 - richard.src.train.trainer:train:152 - DEBUG - Epoch 24 Summary:
2025-04-23 13:43:49,322 - richard.src.train.trainer:train:153 - DEBUG -   Train Loss: 0.2647, Train Dice: 0.7510
2025-04-23 13:43:49,322 - richard.src.train.trainer:train:156 - DEBUG -   Raw Train Losses: {Dice: 0.2647}
2025-04-23 13:43:49,322 - richard.src.train.trainer:train:158 - DEBUG -     Val Loss: 0.3562,   Val Dice: 0.6473
2025-04-23 13:43:49,322 - richard.src.train.trainer:train:161 - DEBUG -   Raw Val Losses: {Dice: 0.3562}
2025-04-23 13:43:49,322 - richard.src.train.trainer:train:163 - DEBUG - Best Val Loss So Far: 0.3519, Best Val Dice So Far: 0.6549
2025-04-23 13:44:26,215 - richard.src.train.trainer:train:132 - DEBUG - Epoch 25: No improvement in val_dice for 8 epoch(s). Patience: 15
2025-04-23 13:44:26,215 - richard.src.train.trainer:train:140 - DEBUG - Stepped ReduceLROnPlateau scheduler with val_dice: 0.6419
2025-04-23 13:44:26,215 - richard.src.train.trainer:train:146 - DEBUG - Epoch 25: Current learning rate: 2.00e-06
2025-04-23 13:44:26,216 - richard.src.train.trainer:save_checkpoint:409 - DEBUG - Epoch 25: Val Dice 0.6419 did not improve over best 0.6549
2025-04-23 13:44:26,216 - richard.src.train.trainer:train:152 - DEBUG - Epoch 25 Summary:
2025-04-23 13:44:26,216 - richard.src.train.trainer:train:153 - DEBUG -   Train Loss: 0.2659, Train Dice: 0.7497
2025-04-23 13:44:26,216 - richard.src.train.trainer:train:156 - DEBUG -   Raw Train Losses: {Dice: 0.2659}
2025-04-23 13:44:26,216 - richard.src.train.trainer:train:158 - DEBUG -     Val Loss: 0.3614,   Val Dice: 0.6419
2025-04-23 13:44:26,216 - richard.src.train.trainer:train:161 - DEBUG -   Raw Val Losses: {Dice: 0.3614}
2025-04-23 13:44:26,216 - richard.src.train.trainer:train:163 - DEBUG - Best Val Loss So Far: 0.3519, Best Val Dice So Far: 0.6549
2025-04-23 13:45:11,677 - richard.src.train.trainer:train:132 - DEBUG - Epoch 26: No improvement in val_dice for 9 epoch(s). Patience: 15
2025-04-23 13:45:11,677 - richard.src.train.trainer:train:140 - DEBUG - Stepped ReduceLROnPlateau scheduler with val_dice: 0.6434
2025-04-23 13:45:11,677 - richard.src.train.trainer:train:146 - DEBUG - Epoch 26: Current learning rate: 2.00e-06
2025-04-23 13:45:11,677 - richard.src.train.trainer:save_checkpoint:409 - DEBUG - Epoch 26: Val Dice 0.6434 did not improve over best 0.6549
2025-04-23 13:45:11,678 - richard.src.train.trainer:train:152 - DEBUG - Epoch 26 Summary:
2025-04-23 13:45:11,678 - richard.src.train.trainer:train:153 - DEBUG -   Train Loss: 0.2623, Train Dice: 0.7529
2025-04-23 13:45:11,678 - richard.src.train.trainer:train:156 - DEBUG -   Raw Train Losses: {Dice: 0.2623}
2025-04-23 13:45:11,678 - richard.src.train.trainer:train:158 - DEBUG -     Val Loss: 0.3596,   Val Dice: 0.6434
2025-04-23 13:45:11,678 - richard.src.train.trainer:train:161 - DEBUG -   Raw Val Losses: {Dice: 0.3596}
2025-04-23 13:45:11,678 - richard.src.train.trainer:train:163 - DEBUG - Best Val Loss So Far: 0.3519, Best Val Dice So Far: 0.6549
2025-04-23 13:45:48,659 - richard.src.train.trainer:train:132 - DEBUG - Epoch 27: No improvement in val_dice for 10 epoch(s). Patience: 15
2025-04-23 13:45:48,659 - richard.src.train.trainer:train:140 - DEBUG - Stepped ReduceLROnPlateau scheduler with val_dice: 0.6484
2025-04-23 13:45:48,660 - richard.src.train.trainer:train:146 - DEBUG - Epoch 27: Current learning rate: 2.00e-06
2025-04-23 13:45:48,660 - richard.src.train.trainer:save_checkpoint:409 - DEBUG - Epoch 27: Val Dice 0.6484 did not improve over best 0.6549
2025-04-23 13:45:48,660 - richard.src.train.trainer:train:152 - DEBUG - Epoch 27 Summary:
2025-04-23 13:45:48,660 - richard.src.train.trainer:train:153 - DEBUG -   Train Loss: 0.2606, Train Dice: 0.7540
2025-04-23 13:45:48,660 - richard.src.train.trainer:train:156 - DEBUG -   Raw Train Losses: {Dice: 0.2606}
2025-04-23 13:45:48,660 - richard.src.train.trainer:train:158 - DEBUG -     Val Loss: 0.3547,   Val Dice: 0.6484
2025-04-23 13:45:48,660 - richard.src.train.trainer:train:161 - DEBUG -   Raw Val Losses: {Dice: 0.3547}
2025-04-23 13:45:48,661 - richard.src.train.trainer:train:163 - DEBUG - Best Val Loss So Far: 0.3519, Best Val Dice So Far: 0.6549
2025-04-23 13:46:26,656 - richard.src.train.trainer:train:132 - DEBUG - Epoch 28: No improvement in val_dice for 11 epoch(s). Patience: 15
2025-04-23 13:46:26,656 - richard.src.train.trainer:train:140 - DEBUG - Stepped ReduceLROnPlateau scheduler with val_dice: 0.6511
2025-04-23 13:46:26,656 - richard.src.train.trainer:train:146 - DEBUG - Epoch 28: Current learning rate: 2.00e-06
2025-04-23 13:46:26,657 - richard.src.train.trainer:save_checkpoint:409 - DEBUG - Epoch 28: Val Dice 0.6511 did not improve over best 0.6549
2025-04-23 13:46:26,657 - richard.src.train.trainer:train:152 - DEBUG - Epoch 28 Summary:
2025-04-23 13:46:26,657 - richard.src.train.trainer:train:153 - DEBUG -   Train Loss: 0.2596, Train Dice: 0.7547
2025-04-23 13:46:26,657 - richard.src.train.trainer:train:156 - DEBUG -   Raw Train Losses: {Dice: 0.2596}
2025-04-23 13:46:26,657 - richard.src.train.trainer:train:158 - DEBUG -     Val Loss: 0.3517,   Val Dice: 0.6511
2025-04-23 13:46:26,657 - richard.src.train.trainer:train:161 - DEBUG -   Raw Val Losses: {Dice: 0.3517}
2025-04-23 13:46:26,658 - richard.src.train.trainer:train:163 - DEBUG - Best Val Loss So Far: 0.3519, Best Val Dice So Far: 0.6549
2025-04-23 13:47:05,278 - richard.src.train.trainer:train:132 - DEBUG - Epoch 29: No improvement in val_dice for 12 epoch(s). Patience: 15
2025-04-23 13:47:05,279 - richard.src.train.trainer:train:140 - DEBUG - Stepped ReduceLROnPlateau scheduler with val_dice: 0.6468
2025-04-23 13:47:05,279 - richard.src.train.trainer:train:146 - DEBUG - Epoch 29: Current learning rate: 1.00e-06
2025-04-23 13:47:05,329 - richard.src.train.trainer:save_checkpoint:409 - DEBUG - Epoch 29: Val Dice 0.6468 did not improve over best 0.6549
2025-04-23 13:47:05,329 - richard.src.train.trainer:train:152 - DEBUG - Epoch 29 Summary:
2025-04-23 13:47:05,329 - richard.src.train.trainer:train:153 - DEBUG -   Train Loss: 0.2601, Train Dice: 0.7539
2025-04-23 13:47:05,329 - richard.src.train.trainer:train:156 - DEBUG -   Raw Train Losses: {Dice: 0.2601}
2025-04-23 13:47:05,329 - richard.src.train.trainer:train:158 - DEBUG -     Val Loss: 0.3560,   Val Dice: 0.6468
2025-04-23 13:47:05,329 - richard.src.train.trainer:train:161 - DEBUG -   Raw Val Losses: {Dice: 0.3560}
2025-04-23 13:47:05,329 - richard.src.train.trainer:train:163 - DEBUG - Best Val Loss So Far: 0.3517, Best Val Dice So Far: 0.6549
2025-04-23 13:47:48,599 - richard.src.train.trainer:train:132 - DEBUG - Epoch 30: No improvement in val_dice for 13 epoch(s). Patience: 15
2025-04-23 13:47:48,600 - richard.src.train.trainer:train:140 - DEBUG - Stepped ReduceLROnPlateau scheduler with val_dice: 0.6513
2025-04-23 13:47:48,600 - richard.src.train.trainer:train:146 - DEBUG - Epoch 30: Current learning rate: 1.00e-06
2025-04-23 13:47:48,656 - richard.src.train.trainer:save_checkpoint:409 - DEBUG - Epoch 30: Val Dice 0.6513 did not improve over best 0.6549
2025-04-23 13:47:48,656 - richard.src.train.trainer:train:152 - DEBUG - Epoch 30 Summary:
2025-04-23 13:47:48,656 - richard.src.train.trainer:train:153 - DEBUG -   Train Loss: 0.2563, Train Dice: 0.7572
2025-04-23 13:47:48,656 - richard.src.train.trainer:train:156 - DEBUG -   Raw Train Losses: {Dice: 0.2563}
2025-04-23 13:47:48,656 - richard.src.train.trainer:train:158 - DEBUG -     Val Loss: 0.3514,   Val Dice: 0.6513
2025-04-23 13:47:48,656 - richard.src.train.trainer:train:161 - DEBUG -   Raw Val Losses: {Dice: 0.3514}
2025-04-23 13:47:48,656 - richard.src.train.trainer:train:163 - DEBUG - Best Val Loss So Far: 0.3517, Best Val Dice So Far: 0.6549
2025-04-23 13:47:50,868 - richard.src.train.trainer:train:210 - INFO - Saved final checkpoint to /radraid2/dongwoolee/VNet_LungNoduleSeg/richard/checkpoints/final_checkpoint_25-04-23_13:28:25.pth
2025-04-23 13:47:50,868 - root:train:211 - INFO - Training finished.
