2025-04-24 00:06:55,005 - root:setup_logging:143 - INFO - File logging (DEBUG level) activated: /radraid2/dongwoolee/VNet_LungNoduleSeg/richard/logs/train_25-04-24_00:06:55.log
2025-04-24 00:06:55,005 - root:setup_logging:149 - INFO - Console logging level set to: INFO
2025-04-24 00:06:55,006 - root:setup_logging:151 - INFO - File logging level set to: DEBUG
2025-04-24 00:06:55,006 - root:<module>:239 - INFO - Start time: 25-04-24_00:06:55
2025-04-24 00:06:55,006 - root:<module>:240 - INFO - This is a finetune script.
2025-04-24 00:06:55,017 - richard.src.utils.utils:_load_and_merge_yaml_configs:290 - INFO - Decorator loaded base config from: richard/config/finetune.yaml
2025-04-24 00:06:55,021 - richard.src.utils.utils:_load_and_merge_yaml_configs:307 - INFO - Decorator loaded config for 'model' from: richard/config/model/vnet.yaml
2025-04-24 00:06:55,027 - richard.src.utils.utils:_load_and_merge_yaml_configs:307 - INFO - Decorator loaded config for 'dataset' from: richard/config/dataset/splits_2d.yaml
2025-04-24 00:06:55,032 - richard.src.utils.utils:_load_and_merge_yaml_configs:307 - INFO - Decorator loaded config for 'dataloader' from: richard/config/dataloader/dataloader.yaml
2025-04-24 00:06:55,034 - richard.src.utils.utils:_load_and_merge_yaml_configs:307 - INFO - Decorator loaded config for 'optimizer' from: richard/config/optimizer/AdamW.yaml
2025-04-24 00:06:55,037 - richard.src.utils.utils:_load_and_merge_yaml_configs:307 - INFO - Decorator loaded config for 'scheduler' from: richard/config/scheduler/ReduceLROnPlateau.yaml
2025-04-24 00:06:55,037 - richard.src.utils.utils:wrapper:364 - INFO - Decorator successfully loaded and merged configurations.
2025-04-24 00:06:55,037 - richard.src.utils.utils:wrapper:372 - INFO - Decorator injecting loaded 'cfg' into function call.
2025-04-24 00:06:55,038 - richard.src.utils.utils:wrapper:382 - DEBUG - Decorator injected 'cfg' into function call:
 {
  "model": {
    "name": "VNet2D",
    "in_channels": 1,
    "out_channels": 1,
    "conv_kernel_size": 5,
    "conv_stride": 1,
    "conv_padding": 2,
    "conv_bn": true,
    "conv_activation_fn": null,
    "sampling_conv_kernel_size": 2,
    "sampling_conv_stride": 2,
    "sampling_conv_padding": 0,
    "sampling_conv_bn": true,
    "sampling_conv_activation_fn": null,
    "dropout_rate": 0.3
  },
  "dataset": {
    "train": {
      "image_dir": "/radraid2/dongwoolee/VNet_LungNoduleSeg/richard/data/splits/train/images_2D_0axis/",
      "mask_dir": "/radraid2/dongwoolee/VNet_LungNoduleSeg/richard/data/splits/train/masks_2D_0axis/",
      "augment": true,
      "normalize": true,
      "mean": [
        -493.0376
      ],
      "std": [
        443.1897
      ]
    },
    "val": {
      "image_dir": "/radraid2/dongwoolee/VNet_LungNoduleSeg/richard/data/splits/val/images_2D_0axis/",
      "mask_dir": "/radraid2/dongwoolee/VNet_LungNoduleSeg/richard/data/splits/val/masks_2D_0axis/",
      "augment": false,
      "normalize": true,
      "mean": [
        -493.0376
      ],
      "std": [
        443.1897
      ]
    }
  },
  "dataloader": {
    "train": {
      "batch_size": 16,
      "shuffle": true,
      "num_workers": 8
    },
    "val": {
      "batch_size": 16,
      "shuffle": false,
      "num_workers": 8
    },
    "test": {
      "batch_size": 16,
      "shuffle": false,
      "num_workers": 8
    }
  },
  "optimizer": {
    "name": "AdamW",
    "lr": 1e-05,
    "weight_decay": 0.01
  },
  "scheduler": {
    "name": "ReduceLROnPlateau",
    "factor": 0.2,
    "mode": "max",
    "patience": 5,
    "min_lr": 1e-06
  },
  "criterion": {
    "Dice": {
      "name": "DiceLoss",
      "weight": 1.0
    }
  },
  "training": {
    "num_epochs": 30,
    "batch_size": 16,
    "early_stopping_patience": 15,
    "early_stopping_min_delta": 0.0005
  },
  "checkpoint": {
    "path": "/radraid2/dongwoolee/VNet_LungNoduleSeg/richard/checkpoints/final_checkpoint_25-04-17_13:58:47.pth",
    "freeze_config": {
      "freeze": true,
      "config": {
        "init_conv": true,
        "downsample_block_1": true,
        "downsample_block_2": true,
        "downsample_block_3": true,
        "downsample_block_4": true,
        "upsample_block_1": false,
        "upsample_block_2": false,
        "upsample_block_3": false,
        "upsample_block_4": false,
        "final_conv": false
      }
    }
  }
}
2025-04-24 00:06:55,127 - root:train:29 - INFO - Using device: cuda
2025-04-24 00:06:55,127 - root:train:32 - INFO - Train function received config keys: ['model', 'dataset', 'dataloader', 'optimizer', 'scheduler', 'criterion', 'training', 'checkpoint']
2025-04-24 00:06:55,130 - root:train:36 - DEBUG - Created deep copy of config for instantiation.
2025-04-24 00:07:02,599 - root:train:53 - INFO - Loaded train dataset with 21340 samples.
2025-04-24 00:07:02,600 - root:train:54 - INFO - Loaded validation dataset with 15181 samples.
2025-04-24 00:07:02,602 - root:train:58 - INFO - Created DataLoaders.
2025-04-24 00:07:03,101 - root:train:73 - INFO - Initialized model: VNet2D
2025-04-24 00:07:03,439 - root:train:91 - INFO - Loaded model state_dict from checkpoint: /radraid2/dongwoolee/VNet_LungNoduleSeg/richard/checkpoints/final_checkpoint_25-04-17_13:58:47.pth
2025-04-24 00:07:03,440 - root:train:93 - DEBUG - Original Model Training Config: {
  "model": {
    "in_channels": 1,
    "out_channels": 1,
    "conv_kernel_size": 5,
    "conv_stride": 1,
    "conv_padding": 2,
    "conv_bn": true,
    "conv_activation_fn": null,
    "sampling_conv_kernel_size": 2,
    "sampling_conv_stride": 2,
    "sampling_conv_padding": 0,
    "sampling_conv_bn": true,
    "sampling_conv_activation_fn": null,
    "dropout_rate": 0.3
  },
  "dataset": {
    "train": {
      "image_dir": "/radraid2/dongwoolee/VNet_LungNoduleSeg/richard/data/LUNA16/train/images_2D_0axis/",
      "mask_dir": "/radraid2/dongwoolee/VNet_LungNoduleSeg/richard/data/LUNA16/train/masks_2D_0axis/",
      "augment": true,
      "normalize": true,
      "mean": [
        -593.997
      ],
      "std": [
        417.0208
      ]
    },
    "val": {
      "image_dir": "/radraid2/dongwoolee/VNet_LungNoduleSeg/richard/data/splits/val/images_2D_0axis/",
      "mask_dir": "/radraid2/dongwoolee/VNet_LungNoduleSeg/richard/data/splits/val/masks_2D_0axis/",
      "augment": false,
      "normalize": true,
      "mean": [
        -593.997
      ],
      "std": [
        417.0208
      ]
    }
  },
  "dataloader": {
    "train": {
      "batch_size": 16,
      "shuffle": true,
      "num_workers": 8
    },
    "val": {
      "batch_size": 16,
      "shuffle": false,
      "num_workers": 8
    },
    "test": {
      "batch_size": 16,
      "shuffle": false,
      "num_workers": 8
    }
  },
  "optimizer": {
    "lr": 0.0001,
    "weight_decay": 0.01
  },
  "scheduler": {
    "factor": 0.2,
    "mode": "max",
    "patience": 5,
    "min_lr": 1e-06
  },
  "criterion": {
    "Dice": {
      "name": "DiceLoss",
      "weight": 1.0
    }
  },
  "training": {
    "num_epochs": 30,
    "batch_size": 16,
    "early_stopping_patience": 15,
    "early_stopping_min_delta": 0.0005
  }
}
2025-04-24 00:07:03,441 - root:train:125 - INFO - Frozen parameters based on freeze_config: ['init_conv.conv1.weight', 'init_conv.conv1.bias', 'init_conv.bn1.weight', 'init_conv.bn1.bias', 'downsample_block_1.downsample.conv1.weight', 'downsample_block_1.downsample.conv1.bias', 'downsample_block_1.downsample.bn1.weight', 'downsample_block_1.downsample.bn1.bias', 'downsample_block_1.downsample.activation_fn.weight', 'downsample_block_1.conv_blocks.0.conv1.weight', 'downsample_block_1.conv_blocks.0.conv1.bias', 'downsample_block_1.conv_blocks.0.bn1.weight', 'downsample_block_1.conv_blocks.0.bn1.bias', 'downsample_block_1.conv_blocks.1.conv1.weight', 'downsample_block_1.conv_blocks.1.conv1.bias', 'downsample_block_1.conv_blocks.1.bn1.weight', 'downsample_block_1.conv_blocks.1.bn1.bias', 'downsample_block_2.downsample.conv1.weight', 'downsample_block_2.downsample.conv1.bias', 'downsample_block_2.downsample.bn1.weight', 'downsample_block_2.downsample.bn1.bias', 'downsample_block_2.downsample.activation_fn.weight', 'downsample_block_2.conv_blocks.0.conv1.weight', 'downsample_block_2.conv_blocks.0.conv1.bias', 'downsample_block_2.conv_blocks.0.bn1.weight', 'downsample_block_2.conv_blocks.0.bn1.bias', 'downsample_block_2.conv_blocks.1.conv1.weight', 'downsample_block_2.conv_blocks.1.conv1.bias', 'downsample_block_2.conv_blocks.1.bn1.weight', 'downsample_block_2.conv_blocks.1.bn1.bias', 'downsample_block_2.conv_blocks.2.conv1.weight', 'downsample_block_2.conv_blocks.2.conv1.bias', 'downsample_block_2.conv_blocks.2.bn1.weight', 'downsample_block_2.conv_blocks.2.bn1.bias', 'downsample_block_3.downsample.conv1.weight', 'downsample_block_3.downsample.conv1.bias', 'downsample_block_3.downsample.bn1.weight', 'downsample_block_3.downsample.bn1.bias', 'downsample_block_3.downsample.activation_fn.weight', 'downsample_block_3.conv_blocks.0.conv1.weight', 'downsample_block_3.conv_blocks.0.conv1.bias', 'downsample_block_3.conv_blocks.0.bn1.weight', 'downsample_block_3.conv_blocks.0.bn1.bias', 'downsample_block_3.conv_blocks.1.conv1.weight', 'downsample_block_3.conv_blocks.1.conv1.bias', 'downsample_block_3.conv_blocks.1.bn1.weight', 'downsample_block_3.conv_blocks.1.bn1.bias', 'downsample_block_3.conv_blocks.2.conv1.weight', 'downsample_block_3.conv_blocks.2.conv1.bias', 'downsample_block_3.conv_blocks.2.bn1.weight', 'downsample_block_3.conv_blocks.2.bn1.bias', 'downsample_block_4.downsample.conv1.weight', 'downsample_block_4.downsample.conv1.bias', 'downsample_block_4.downsample.bn1.weight', 'downsample_block_4.downsample.bn1.bias', 'downsample_block_4.downsample.activation_fn.weight', 'downsample_block_4.conv_blocks.0.conv1.weight', 'downsample_block_4.conv_blocks.0.conv1.bias', 'downsample_block_4.conv_blocks.0.bn1.weight', 'downsample_block_4.conv_blocks.0.bn1.bias', 'downsample_block_4.conv_blocks.1.conv1.weight', 'downsample_block_4.conv_blocks.1.conv1.bias', 'downsample_block_4.conv_blocks.1.bn1.weight', 'downsample_block_4.conv_blocks.1.bn1.bias', 'downsample_block_4.conv_blocks.2.conv1.weight', 'downsample_block_4.conv_blocks.2.conv1.bias', 'downsample_block_4.conv_blocks.2.bn1.weight', 'downsample_block_4.conv_blocks.2.bn1.bias']
2025-04-24 00:07:03,443 - root:train:148 - INFO - Initialized AdamW optimizer with params: {'lr': 1e-05, 'weight_decay': 0.01}
2025-04-24 00:07:03,443 - root:train:171 - INFO - Initialized ReduceLROnPlateau scheduler with params: {'factor': 0.2, 'mode': 'max', 'patience': 5, 'min_lr': 1e-06}
2025-04-24 00:07:03,444 - richard.src.utils.loss:__init__:202 - INFO - Initialized loss component 'Dice' (DiceLoss) with effective params: {}
2025-04-24 00:07:03,444 - richard.src.utils.loss:__init__:231 - INFO - Final combined loss weights: {'Dice': 1.0}
2025-04-24 00:07:03,444 - root:train:188 - INFO - Initialized CombinedLoss criterion.
2025-04-24 00:07:03,444 - richard.src.train.trainer:__init__:39 - INFO - Trainer initialized with optimizer: AdamW
2025-04-24 00:07:03,444 - richard.src.train.trainer:__init__:45 - INFO - Trainer initialized with scheduler: ReduceLROnPlateau
2025-04-24 00:07:03,444 - richard.src.train.trainer:__init__:53 - INFO - Trainer initialized with criterion: CombinedLoss
2025-04-24 00:07:03,445 - richard.src.train.trainer:__init__:97 - INFO - Early stopping enabled with patience: 15, min_delta: 0.0005
2025-04-24 00:07:03,445 - richard.src.train.trainer:__init__:107 - DEBUG - Initialized raw loss tracking for components: ['Dice']
2025-04-24 00:07:03,445 - root:train:209 - INFO - Starting training for 30 epochs...
2025-04-24 00:07:38,468 - richard.src.train.trainer:train:140 - DEBUG - Stepped ReduceLROnPlateau scheduler with val_dice: 0.5762
2025-04-24 00:07:38,468 - richard.src.train.trainer:train:146 - DEBUG - Epoch 1: Current learning rate: 1.00e-05
2025-04-24 00:07:39,408 - richard.src.train.trainer:save_checkpoint:395 - DEBUG - Saved new best checkpoint to /radraid2/dongwoolee/VNet_LungNoduleSeg/richard/checkpoints/best_checkpoint_25-04-24_00:06:55_epoch_1.pth with val Dice: 0.5762
2025-04-24 00:07:39,410 - richard.src.train.trainer:train:152 - DEBUG - Epoch 1 Summary:
2025-04-24 00:07:39,410 - richard.src.train.trainer:train:153 - DEBUG -   Train Loss: 0.4780, Train Dice: 0.5383
2025-04-24 00:07:39,410 - richard.src.train.trainer:train:156 - DEBUG -   Raw Train Losses: {Dice: 0.4780}
2025-04-24 00:07:39,410 - richard.src.train.trainer:train:158 - DEBUG -     Val Loss: 0.4244,   Val Dice: 0.5762
2025-04-24 00:07:39,410 - richard.src.train.trainer:train:161 - DEBUG -   Raw Val Losses: {Dice: 0.4244}
2025-04-24 00:07:39,410 - richard.src.train.trainer:train:163 - DEBUG - Best Val Loss So Far: inf, Best Val Dice So Far: 0.5762
2025-04-24 00:08:18,500 - richard.src.train.trainer:train:140 - DEBUG - Stepped ReduceLROnPlateau scheduler with val_dice: 0.5877
2025-04-24 00:08:18,514 - richard.src.train.trainer:train:146 - DEBUG - Epoch 2: Current learning rate: 1.00e-05
2025-04-24 00:08:19,473 - richard.src.train.trainer:save_checkpoint:395 - DEBUG - Saved new best checkpoint to /radraid2/dongwoolee/VNet_LungNoduleSeg/richard/checkpoints/best_checkpoint_25-04-24_00:06:55_epoch_2.pth with val Dice: 0.5877
2025-04-24 00:08:19,524 - richard.src.train.trainer:save_checkpoint:405 - DEBUG - Removed previous best checkpoint: /radraid2/dongwoolee/VNet_LungNoduleSeg/richard/checkpoints/best_checkpoint_25-04-24_00:06:55_epoch_1.pth
2025-04-24 00:08:19,524 - richard.src.train.trainer:train:152 - DEBUG - Epoch 2 Summary:
2025-04-24 00:08:19,525 - richard.src.train.trainer:train:153 - DEBUG -   Train Loss: 0.3550, Train Dice: 0.6623
2025-04-24 00:08:19,525 - richard.src.train.trainer:train:156 - DEBUG -   Raw Train Losses: {Dice: 0.3550}
2025-04-24 00:08:19,525 - richard.src.train.trainer:train:158 - DEBUG -     Val Loss: 0.4127,   Val Dice: 0.5877
2025-04-24 00:08:19,525 - richard.src.train.trainer:train:161 - DEBUG -   Raw Val Losses: {Dice: 0.4127}
2025-04-24 00:08:19,525 - richard.src.train.trainer:train:163 - DEBUG - Best Val Loss So Far: 0.4244, Best Val Dice So Far: 0.5877
2025-04-24 00:09:00,136 - richard.src.train.trainer:train:140 - DEBUG - Stepped ReduceLROnPlateau scheduler with val_dice: 0.6115
2025-04-24 00:09:00,136 - richard.src.train.trainer:train:146 - DEBUG - Epoch 3: Current learning rate: 1.00e-05
2025-04-24 00:09:01,148 - richard.src.train.trainer:save_checkpoint:395 - DEBUG - Saved new best checkpoint to /radraid2/dongwoolee/VNet_LungNoduleSeg/richard/checkpoints/best_checkpoint_25-04-24_00:06:55_epoch_3.pth with val Dice: 0.6115
2025-04-24 00:09:01,209 - richard.src.train.trainer:save_checkpoint:405 - DEBUG - Removed previous best checkpoint: /radraid2/dongwoolee/VNet_LungNoduleSeg/richard/checkpoints/best_checkpoint_25-04-24_00:06:55_epoch_2.pth
2025-04-24 00:09:01,210 - richard.src.train.trainer:train:152 - DEBUG - Epoch 3 Summary:
2025-04-24 00:09:01,211 - richard.src.train.trainer:train:153 - DEBUG -   Train Loss: 0.3356, Train Dice: 0.6792
2025-04-24 00:09:01,211 - richard.src.train.trainer:train:156 - DEBUG -   Raw Train Losses: {Dice: 0.3356}
2025-04-24 00:09:01,211 - richard.src.train.trainer:train:158 - DEBUG -     Val Loss: 0.3897,   Val Dice: 0.6115
2025-04-24 00:09:01,212 - richard.src.train.trainer:train:161 - DEBUG -   Raw Val Losses: {Dice: 0.3897}
2025-04-24 00:09:01,212 - richard.src.train.trainer:train:163 - DEBUG - Best Val Loss So Far: 0.4127, Best Val Dice So Far: 0.6115
2025-04-24 00:09:44,264 - richard.src.train.trainer:train:140 - DEBUG - Stepped ReduceLROnPlateau scheduler with val_dice: 0.6269
2025-04-24 00:09:44,264 - richard.src.train.trainer:train:146 - DEBUG - Epoch 4: Current learning rate: 1.00e-05
2025-04-24 00:09:45,220 - richard.src.train.trainer:save_checkpoint:395 - DEBUG - Saved new best checkpoint to /radraid2/dongwoolee/VNet_LungNoduleSeg/richard/checkpoints/best_checkpoint_25-04-24_00:06:55_epoch_4.pth with val Dice: 0.6269
2025-04-24 00:09:45,285 - richard.src.train.trainer:save_checkpoint:405 - DEBUG - Removed previous best checkpoint: /radraid2/dongwoolee/VNet_LungNoduleSeg/richard/checkpoints/best_checkpoint_25-04-24_00:06:55_epoch_3.pth
2025-04-24 00:09:45,285 - richard.src.train.trainer:train:152 - DEBUG - Epoch 4 Summary:
2025-04-24 00:09:45,286 - richard.src.train.trainer:train:153 - DEBUG -   Train Loss: 0.3213, Train Dice: 0.6923
2025-04-24 00:09:45,286 - richard.src.train.trainer:train:156 - DEBUG -   Raw Train Losses: {Dice: 0.3213}
2025-04-24 00:09:45,286 - richard.src.train.trainer:train:158 - DEBUG -     Val Loss: 0.3742,   Val Dice: 0.6269
2025-04-24 00:09:45,286 - richard.src.train.trainer:train:161 - DEBUG -   Raw Val Losses: {Dice: 0.3742}
2025-04-24 00:09:45,286 - richard.src.train.trainer:train:163 - DEBUG - Best Val Loss So Far: 0.3897, Best Val Dice So Far: 0.6269
2025-04-24 00:10:28,306 - richard.src.train.trainer:train:132 - DEBUG - Epoch 5: No improvement in val_dice for 1 epoch(s). Patience: 15
2025-04-24 00:10:28,307 - richard.src.train.trainer:train:140 - DEBUG - Stepped ReduceLROnPlateau scheduler with val_dice: 0.6228
2025-04-24 00:10:28,307 - richard.src.train.trainer:train:146 - DEBUG - Epoch 5: Current learning rate: 1.00e-05
2025-04-24 00:10:28,308 - richard.src.train.trainer:save_checkpoint:409 - DEBUG - Epoch 5: Val Dice 0.6228 did not improve over best 0.6269
2025-04-24 00:10:28,308 - richard.src.train.trainer:train:152 - DEBUG - Epoch 5 Summary:
2025-04-24 00:10:28,308 - richard.src.train.trainer:train:153 - DEBUG -   Train Loss: 0.3079, Train Dice: 0.7037
2025-04-24 00:10:28,308 - richard.src.train.trainer:train:156 - DEBUG -   Raw Train Losses: {Dice: 0.3079}
2025-04-24 00:10:28,308 - richard.src.train.trainer:train:158 - DEBUG -     Val Loss: 0.3780,   Val Dice: 0.6228
2025-04-24 00:10:28,308 - richard.src.train.trainer:train:161 - DEBUG -   Raw Val Losses: {Dice: 0.3780}
2025-04-24 00:10:28,308 - richard.src.train.trainer:train:163 - DEBUG - Best Val Loss So Far: 0.3742, Best Val Dice So Far: 0.6269
2025-04-24 00:11:09,434 - richard.src.train.trainer:train:132 - DEBUG - Epoch 6: No improvement in val_dice for 2 epoch(s). Patience: 15
2025-04-24 00:11:09,434 - richard.src.train.trainer:train:140 - DEBUG - Stepped ReduceLROnPlateau scheduler with val_dice: 0.6193
2025-04-24 00:11:09,434 - richard.src.train.trainer:train:146 - DEBUG - Epoch 6: Current learning rate: 1.00e-05
2025-04-24 00:11:09,434 - richard.src.train.trainer:save_checkpoint:409 - DEBUG - Epoch 6: Val Dice 0.6193 did not improve over best 0.6269
2025-04-24 00:11:09,435 - richard.src.train.trainer:train:152 - DEBUG - Epoch 6 Summary:
2025-04-24 00:11:09,435 - richard.src.train.trainer:train:153 - DEBUG -   Train Loss: 0.3020, Train Dice: 0.7083
2025-04-24 00:11:09,435 - richard.src.train.trainer:train:156 - DEBUG -   Raw Train Losses: {Dice: 0.3020}
2025-04-24 00:11:09,435 - richard.src.train.trainer:train:158 - DEBUG -     Val Loss: 0.3816,   Val Dice: 0.6193
2025-04-24 00:11:09,436 - richard.src.train.trainer:train:161 - DEBUG -   Raw Val Losses: {Dice: 0.3816}
2025-04-24 00:11:09,436 - richard.src.train.trainer:train:163 - DEBUG - Best Val Loss So Far: 0.3742, Best Val Dice So Far: 0.6269
2025-04-24 00:11:50,353 - richard.src.train.trainer:train:132 - DEBUG - Epoch 7: No improvement in val_dice for 3 epoch(s). Patience: 15
2025-04-24 00:11:50,353 - richard.src.train.trainer:train:140 - DEBUG - Stepped ReduceLROnPlateau scheduler with val_dice: 0.6269
2025-04-24 00:11:50,353 - richard.src.train.trainer:train:146 - DEBUG - Epoch 7: Current learning rate: 1.00e-05
2025-04-24 00:11:51,336 - richard.src.train.trainer:save_checkpoint:395 - DEBUG - Saved new best checkpoint to /radraid2/dongwoolee/VNet_LungNoduleSeg/richard/checkpoints/best_checkpoint_25-04-24_00:06:55_epoch_7.pth with val Dice: 0.6269
2025-04-24 00:11:51,399 - richard.src.train.trainer:save_checkpoint:405 - DEBUG - Removed previous best checkpoint: /radraid2/dongwoolee/VNet_LungNoduleSeg/richard/checkpoints/best_checkpoint_25-04-24_00:06:55_epoch_4.pth
2025-04-24 00:11:51,400 - richard.src.train.trainer:train:152 - DEBUG - Epoch 7 Summary:
2025-04-24 00:11:51,401 - richard.src.train.trainer:train:153 - DEBUG -   Train Loss: 0.2951, Train Dice: 0.7142
2025-04-24 00:11:51,401 - richard.src.train.trainer:train:156 - DEBUG -   Raw Train Losses: {Dice: 0.2951}
2025-04-24 00:11:51,402 - richard.src.train.trainer:train:158 - DEBUG -     Val Loss: 0.3740,   Val Dice: 0.6269
2025-04-24 00:11:51,402 - richard.src.train.trainer:train:161 - DEBUG -   Raw Val Losses: {Dice: 0.3740}
2025-04-24 00:11:51,402 - richard.src.train.trainer:train:163 - DEBUG - Best Val Loss So Far: 0.3742, Best Val Dice So Far: 0.6269
2025-04-24 00:12:30,295 - richard.src.train.trainer:train:140 - DEBUG - Stepped ReduceLROnPlateau scheduler with val_dice: 0.6349
2025-04-24 00:12:30,296 - richard.src.train.trainer:train:146 - DEBUG - Epoch 8: Current learning rate: 1.00e-05
2025-04-24 00:12:31,233 - richard.src.train.trainer:save_checkpoint:395 - DEBUG - Saved new best checkpoint to /radraid2/dongwoolee/VNet_LungNoduleSeg/richard/checkpoints/best_checkpoint_25-04-24_00:06:55_epoch_8.pth with val Dice: 0.6349
2025-04-24 00:12:31,279 - richard.src.train.trainer:save_checkpoint:405 - DEBUG - Removed previous best checkpoint: /radraid2/dongwoolee/VNet_LungNoduleSeg/richard/checkpoints/best_checkpoint_25-04-24_00:06:55_epoch_7.pth
2025-04-24 00:12:31,280 - richard.src.train.trainer:train:152 - DEBUG - Epoch 8 Summary:
2025-04-24 00:12:31,281 - richard.src.train.trainer:train:153 - DEBUG -   Train Loss: 0.2904, Train Dice: 0.7182
2025-04-24 00:12:31,281 - richard.src.train.trainer:train:156 - DEBUG -   Raw Train Losses: {Dice: 0.2904}
2025-04-24 00:12:31,281 - richard.src.train.trainer:train:158 - DEBUG -     Val Loss: 0.3660,   Val Dice: 0.6349
2025-04-24 00:12:31,281 - richard.src.train.trainer:train:161 - DEBUG -   Raw Val Losses: {Dice: 0.3660}
2025-04-24 00:12:31,281 - richard.src.train.trainer:train:163 - DEBUG - Best Val Loss So Far: 0.3740, Best Val Dice So Far: 0.6349
2025-04-24 00:13:14,046 - richard.src.train.trainer:train:132 - DEBUG - Epoch 9: No improvement in val_dice for 1 epoch(s). Patience: 15
2025-04-24 00:13:14,047 - richard.src.train.trainer:train:140 - DEBUG - Stepped ReduceLROnPlateau scheduler with val_dice: 0.6218
2025-04-24 00:13:14,047 - richard.src.train.trainer:train:146 - DEBUG - Epoch 9: Current learning rate: 1.00e-05
2025-04-24 00:13:14,047 - richard.src.train.trainer:save_checkpoint:409 - DEBUG - Epoch 9: Val Dice 0.6218 did not improve over best 0.6349
2025-04-24 00:13:14,047 - richard.src.train.trainer:train:152 - DEBUG - Epoch 9 Summary:
2025-04-24 00:13:14,047 - richard.src.train.trainer:train:153 - DEBUG -   Train Loss: 0.2852, Train Dice: 0.7227
2025-04-24 00:13:14,047 - richard.src.train.trainer:train:156 - DEBUG -   Raw Train Losses: {Dice: 0.2852}
2025-04-24 00:13:14,047 - richard.src.train.trainer:train:158 - DEBUG -     Val Loss: 0.3788,   Val Dice: 0.6218
2025-04-24 00:13:14,047 - richard.src.train.trainer:train:161 - DEBUG -   Raw Val Losses: {Dice: 0.3788}
2025-04-24 00:13:14,047 - richard.src.train.trainer:train:163 - DEBUG - Best Val Loss So Far: 0.3660, Best Val Dice So Far: 0.6349
2025-04-24 00:13:53,750 - richard.src.train.trainer:train:132 - DEBUG - Epoch 10: No improvement in val_dice for 2 epoch(s). Patience: 15
2025-04-24 00:13:53,751 - richard.src.train.trainer:train:140 - DEBUG - Stepped ReduceLROnPlateau scheduler with val_dice: 0.6339
2025-04-24 00:13:53,751 - richard.src.train.trainer:train:146 - DEBUG - Epoch 10: Current learning rate: 1.00e-05
2025-04-24 00:13:53,751 - richard.src.train.trainer:save_checkpoint:409 - DEBUG - Epoch 10: Val Dice 0.6339 did not improve over best 0.6349
2025-04-24 00:13:53,751 - richard.src.train.trainer:train:152 - DEBUG - Epoch 10 Summary:
2025-04-24 00:13:53,751 - richard.src.train.trainer:train:153 - DEBUG -   Train Loss: 0.2821, Train Dice: 0.7254
2025-04-24 00:13:53,751 - richard.src.train.trainer:train:156 - DEBUG -   Raw Train Losses: {Dice: 0.2821}
2025-04-24 00:13:53,751 - richard.src.train.trainer:train:158 - DEBUG -     Val Loss: 0.3669,   Val Dice: 0.6339
2025-04-24 00:13:53,751 - richard.src.train.trainer:train:161 - DEBUG -   Raw Val Losses: {Dice: 0.3669}
2025-04-24 00:13:53,751 - richard.src.train.trainer:train:163 - DEBUG - Best Val Loss So Far: 0.3660, Best Val Dice So Far: 0.6349
2025-04-24 00:14:33,350 - richard.src.train.trainer:train:140 - DEBUG - Stepped ReduceLROnPlateau scheduler with val_dice: 0.6408
2025-04-24 00:14:33,350 - richard.src.train.trainer:train:146 - DEBUG - Epoch 11: Current learning rate: 1.00e-05
2025-04-24 00:14:34,303 - richard.src.train.trainer:save_checkpoint:395 - DEBUG - Saved new best checkpoint to /radraid2/dongwoolee/VNet_LungNoduleSeg/richard/checkpoints/best_checkpoint_25-04-24_00:06:55_epoch_11.pth with val Dice: 0.6408
2025-04-24 00:14:34,360 - richard.src.train.trainer:save_checkpoint:405 - DEBUG - Removed previous best checkpoint: /radraid2/dongwoolee/VNet_LungNoduleSeg/richard/checkpoints/best_checkpoint_25-04-24_00:06:55_epoch_8.pth
2025-04-24 00:14:34,361 - richard.src.train.trainer:train:152 - DEBUG - Epoch 11 Summary:
2025-04-24 00:14:34,362 - richard.src.train.trainer:train:153 - DEBUG -   Train Loss: 0.2778, Train Dice: 0.7292
2025-04-24 00:14:34,362 - richard.src.train.trainer:train:156 - DEBUG -   Raw Train Losses: {Dice: 0.2778}
2025-04-24 00:14:34,362 - richard.src.train.trainer:train:158 - DEBUG -     Val Loss: 0.3598,   Val Dice: 0.6408
2025-04-24 00:14:34,362 - richard.src.train.trainer:train:161 - DEBUG -   Raw Val Losses: {Dice: 0.3598}
2025-04-24 00:14:34,362 - richard.src.train.trainer:train:163 - DEBUG - Best Val Loss So Far: 0.3660, Best Val Dice So Far: 0.6408
2025-04-24 00:15:17,155 - richard.src.train.trainer:train:132 - DEBUG - Epoch 12: No improvement in val_dice for 1 epoch(s). Patience: 15
2025-04-24 00:15:17,155 - richard.src.train.trainer:train:140 - DEBUG - Stepped ReduceLROnPlateau scheduler with val_dice: 0.6389
2025-04-24 00:15:17,155 - richard.src.train.trainer:train:146 - DEBUG - Epoch 12: Current learning rate: 1.00e-05
2025-04-24 00:15:17,155 - richard.src.train.trainer:save_checkpoint:409 - DEBUG - Epoch 12: Val Dice 0.6389 did not improve over best 0.6408
2025-04-24 00:15:17,155 - richard.src.train.trainer:train:152 - DEBUG - Epoch 12 Summary:
2025-04-24 00:15:17,155 - richard.src.train.trainer:train:153 - DEBUG -   Train Loss: 0.2759, Train Dice: 0.7305
2025-04-24 00:15:17,155 - richard.src.train.trainer:train:156 - DEBUG -   Raw Train Losses: {Dice: 0.2759}
2025-04-24 00:15:17,156 - richard.src.train.trainer:train:158 - DEBUG -     Val Loss: 0.3616,   Val Dice: 0.6389
2025-04-24 00:15:17,156 - richard.src.train.trainer:train:161 - DEBUG -   Raw Val Losses: {Dice: 0.3616}
2025-04-24 00:15:17,156 - richard.src.train.trainer:train:163 - DEBUG - Best Val Loss So Far: 0.3598, Best Val Dice So Far: 0.6408
2025-04-24 00:15:59,671 - richard.src.train.trainer:train:132 - DEBUG - Epoch 13: No improvement in val_dice for 2 epoch(s). Patience: 15
2025-04-24 00:15:59,672 - richard.src.train.trainer:train:140 - DEBUG - Stepped ReduceLROnPlateau scheduler with val_dice: 0.6317
2025-04-24 00:15:59,672 - richard.src.train.trainer:train:146 - DEBUG - Epoch 13: Current learning rate: 1.00e-05
2025-04-24 00:15:59,672 - richard.src.train.trainer:save_checkpoint:409 - DEBUG - Epoch 13: Val Dice 0.6317 did not improve over best 0.6408
2025-04-24 00:15:59,672 - richard.src.train.trainer:train:152 - DEBUG - Epoch 13 Summary:
2025-04-24 00:15:59,672 - richard.src.train.trainer:train:153 - DEBUG -   Train Loss: 0.2726, Train Dice: 0.7334
2025-04-24 00:15:59,672 - richard.src.train.trainer:train:156 - DEBUG -   Raw Train Losses: {Dice: 0.2726}
2025-04-24 00:15:59,672 - richard.src.train.trainer:train:158 - DEBUG -     Val Loss: 0.3690,   Val Dice: 0.6317
2025-04-24 00:15:59,672 - richard.src.train.trainer:train:161 - DEBUG -   Raw Val Losses: {Dice: 0.3690}
2025-04-24 00:15:59,673 - richard.src.train.trainer:train:163 - DEBUG - Best Val Loss So Far: 0.3598, Best Val Dice So Far: 0.6408
2025-04-24 00:16:43,919 - richard.src.train.trainer:train:140 - DEBUG - Stepped ReduceLROnPlateau scheduler with val_dice: 0.6458
2025-04-24 00:16:43,920 - richard.src.train.trainer:train:146 - DEBUG - Epoch 14: Current learning rate: 1.00e-05
2025-04-24 00:16:44,873 - richard.src.train.trainer:save_checkpoint:395 - DEBUG - Saved new best checkpoint to /radraid2/dongwoolee/VNet_LungNoduleSeg/richard/checkpoints/best_checkpoint_25-04-24_00:06:55_epoch_14.pth with val Dice: 0.6458
2025-04-24 00:16:44,954 - richard.src.train.trainer:save_checkpoint:405 - DEBUG - Removed previous best checkpoint: /radraid2/dongwoolee/VNet_LungNoduleSeg/richard/checkpoints/best_checkpoint_25-04-24_00:06:55_epoch_11.pth
2025-04-24 00:16:44,956 - richard.src.train.trainer:train:152 - DEBUG - Epoch 14 Summary:
2025-04-24 00:16:44,956 - richard.src.train.trainer:train:153 - DEBUG -   Train Loss: 0.2671, Train Dice: 0.7385
2025-04-24 00:16:44,956 - richard.src.train.trainer:train:156 - DEBUG -   Raw Train Losses: {Dice: 0.2671}
2025-04-24 00:16:44,957 - richard.src.train.trainer:train:158 - DEBUG -     Val Loss: 0.3548,   Val Dice: 0.6458
2025-04-24 00:16:44,957 - richard.src.train.trainer:train:161 - DEBUG -   Raw Val Losses: {Dice: 0.3548}
2025-04-24 00:16:44,957 - richard.src.train.trainer:train:163 - DEBUG - Best Val Loss So Far: 0.3598, Best Val Dice So Far: 0.6458
2025-04-24 00:17:28,714 - richard.src.train.trainer:train:132 - DEBUG - Epoch 15: No improvement in val_dice for 1 epoch(s). Patience: 15
2025-04-24 00:17:28,714 - richard.src.train.trainer:train:140 - DEBUG - Stepped ReduceLROnPlateau scheduler with val_dice: 0.6406
2025-04-24 00:17:28,714 - richard.src.train.trainer:train:146 - DEBUG - Epoch 15: Current learning rate: 1.00e-05
2025-04-24 00:17:28,715 - richard.src.train.trainer:save_checkpoint:409 - DEBUG - Epoch 15: Val Dice 0.6406 did not improve over best 0.6458
2025-04-24 00:17:28,715 - richard.src.train.trainer:train:152 - DEBUG - Epoch 15 Summary:
2025-04-24 00:17:28,715 - richard.src.train.trainer:train:153 - DEBUG -   Train Loss: 0.2675, Train Dice: 0.7380
2025-04-24 00:17:28,715 - richard.src.train.trainer:train:156 - DEBUG -   Raw Train Losses: {Dice: 0.2675}
2025-04-24 00:17:28,715 - richard.src.train.trainer:train:158 - DEBUG -     Val Loss: 0.3600,   Val Dice: 0.6406
2025-04-24 00:17:28,715 - richard.src.train.trainer:train:161 - DEBUG -   Raw Val Losses: {Dice: 0.3600}
2025-04-24 00:17:28,715 - richard.src.train.trainer:train:163 - DEBUG - Best Val Loss So Far: 0.3548, Best Val Dice So Far: 0.6458
2025-04-24 00:18:12,221 - richard.src.train.trainer:train:132 - DEBUG - Epoch 16: No improvement in val_dice for 2 epoch(s). Patience: 15
2025-04-24 00:18:12,222 - richard.src.train.trainer:train:140 - DEBUG - Stepped ReduceLROnPlateau scheduler with val_dice: 0.6453
2025-04-24 00:18:12,222 - richard.src.train.trainer:train:146 - DEBUG - Epoch 16: Current learning rate: 1.00e-05
2025-04-24 00:18:12,222 - richard.src.train.trainer:save_checkpoint:409 - DEBUG - Epoch 16: Val Dice 0.6453 did not improve over best 0.6458
2025-04-24 00:18:12,222 - richard.src.train.trainer:train:152 - DEBUG - Epoch 16 Summary:
2025-04-24 00:18:12,222 - richard.src.train.trainer:train:153 - DEBUG -   Train Loss: 0.2651, Train Dice: 0.7401
2025-04-24 00:18:12,222 - richard.src.train.trainer:train:156 - DEBUG -   Raw Train Losses: {Dice: 0.2651}
2025-04-24 00:18:12,223 - richard.src.train.trainer:train:158 - DEBUG -     Val Loss: 0.3554,   Val Dice: 0.6453
2025-04-24 00:18:12,223 - richard.src.train.trainer:train:161 - DEBUG -   Raw Val Losses: {Dice: 0.3554}
2025-04-24 00:18:12,223 - richard.src.train.trainer:train:163 - DEBUG - Best Val Loss So Far: 0.3548, Best Val Dice So Far: 0.6458
2025-04-24 00:18:55,143 - richard.src.train.trainer:train:140 - DEBUG - Stepped ReduceLROnPlateau scheduler with val_dice: 0.6510
2025-04-24 00:18:55,143 - richard.src.train.trainer:train:146 - DEBUG - Epoch 17: Current learning rate: 1.00e-05
2025-04-24 00:18:56,122 - richard.src.train.trainer:save_checkpoint:395 - DEBUG - Saved new best checkpoint to /radraid2/dongwoolee/VNet_LungNoduleSeg/richard/checkpoints/best_checkpoint_25-04-24_00:06:55_epoch_17.pth with val Dice: 0.6510
2025-04-24 00:18:56,194 - richard.src.train.trainer:save_checkpoint:405 - DEBUG - Removed previous best checkpoint: /radraid2/dongwoolee/VNet_LungNoduleSeg/richard/checkpoints/best_checkpoint_25-04-24_00:06:55_epoch_14.pth
2025-04-24 00:18:56,195 - richard.src.train.trainer:train:152 - DEBUG - Epoch 17 Summary:
2025-04-24 00:18:56,196 - richard.src.train.trainer:train:153 - DEBUG -   Train Loss: 0.2644, Train Dice: 0.7409
2025-04-24 00:18:56,196 - richard.src.train.trainer:train:156 - DEBUG -   Raw Train Losses: {Dice: 0.2644}
2025-04-24 00:18:56,196 - richard.src.train.trainer:train:158 - DEBUG -     Val Loss: 0.3497,   Val Dice: 0.6510
2025-04-24 00:18:56,196 - richard.src.train.trainer:train:161 - DEBUG -   Raw Val Losses: {Dice: 0.3497}
2025-04-24 00:18:56,196 - richard.src.train.trainer:train:163 - DEBUG - Best Val Loss So Far: 0.3548, Best Val Dice So Far: 0.6510
2025-04-24 00:19:38,513 - richard.src.train.trainer:train:140 - DEBUG - Stepped ReduceLROnPlateau scheduler with val_dice: 0.6561
2025-04-24 00:19:38,514 - richard.src.train.trainer:train:146 - DEBUG - Epoch 18: Current learning rate: 1.00e-05
2025-04-24 00:19:39,462 - richard.src.train.trainer:save_checkpoint:395 - DEBUG - Saved new best checkpoint to /radraid2/dongwoolee/VNet_LungNoduleSeg/richard/checkpoints/best_checkpoint_25-04-24_00:06:55_epoch_18.pth with val Dice: 0.6561
2025-04-24 00:19:39,512 - richard.src.train.trainer:save_checkpoint:405 - DEBUG - Removed previous best checkpoint: /radraid2/dongwoolee/VNet_LungNoduleSeg/richard/checkpoints/best_checkpoint_25-04-24_00:06:55_epoch_17.pth
2025-04-24 00:19:39,513 - richard.src.train.trainer:train:152 - DEBUG - Epoch 18 Summary:
2025-04-24 00:19:39,513 - richard.src.train.trainer:train:153 - DEBUG -   Train Loss: 0.2591, Train Dice: 0.7460
2025-04-24 00:19:39,513 - richard.src.train.trainer:train:156 - DEBUG -   Raw Train Losses: {Dice: 0.2591}
2025-04-24 00:19:39,513 - richard.src.train.trainer:train:158 - DEBUG -     Val Loss: 0.3447,   Val Dice: 0.6561
2025-04-24 00:19:39,513 - richard.src.train.trainer:train:161 - DEBUG -   Raw Val Losses: {Dice: 0.3447}
2025-04-24 00:19:39,513 - richard.src.train.trainer:train:163 - DEBUG - Best Val Loss So Far: 0.3497, Best Val Dice So Far: 0.6561
2025-04-24 00:20:23,441 - richard.src.train.trainer:train:132 - DEBUG - Epoch 19: No improvement in val_dice for 1 epoch(s). Patience: 15
2025-04-24 00:20:23,442 - richard.src.train.trainer:train:140 - DEBUG - Stepped ReduceLROnPlateau scheduler with val_dice: 0.6537
2025-04-24 00:20:23,442 - richard.src.train.trainer:train:146 - DEBUG - Epoch 19: Current learning rate: 1.00e-05
2025-04-24 00:20:23,442 - richard.src.train.trainer:save_checkpoint:409 - DEBUG - Epoch 19: Val Dice 0.6537 did not improve over best 0.6561
2025-04-24 00:20:23,442 - richard.src.train.trainer:train:152 - DEBUG - Epoch 19 Summary:
2025-04-24 00:20:23,443 - richard.src.train.trainer:train:153 - DEBUG -   Train Loss: 0.2564, Train Dice: 0.7483
2025-04-24 00:20:23,443 - richard.src.train.trainer:train:156 - DEBUG -   Raw Train Losses: {Dice: 0.2564}
2025-04-24 00:20:23,443 - richard.src.train.trainer:train:158 - DEBUG -     Val Loss: 0.3470,   Val Dice: 0.6537
2025-04-24 00:20:23,443 - richard.src.train.trainer:train:161 - DEBUG -   Raw Val Losses: {Dice: 0.3470}
2025-04-24 00:20:23,443 - richard.src.train.trainer:train:163 - DEBUG - Best Val Loss So Far: 0.3447, Best Val Dice So Far: 0.6561
2025-04-24 00:21:05,079 - richard.src.train.trainer:train:132 - DEBUG - Epoch 20: No improvement in val_dice for 2 epoch(s). Patience: 15
2025-04-24 00:21:05,079 - richard.src.train.trainer:train:140 - DEBUG - Stepped ReduceLROnPlateau scheduler with val_dice: 0.6472
2025-04-24 00:21:05,079 - richard.src.train.trainer:train:146 - DEBUG - Epoch 20: Current learning rate: 1.00e-05
2025-04-24 00:21:05,079 - richard.src.train.trainer:save_checkpoint:409 - DEBUG - Epoch 20: Val Dice 0.6472 did not improve over best 0.6561
2025-04-24 00:21:05,079 - richard.src.train.trainer:train:152 - DEBUG - Epoch 20 Summary:
2025-04-24 00:21:05,079 - richard.src.train.trainer:train:153 - DEBUG -   Train Loss: 0.2580, Train Dice: 0.7467
2025-04-24 00:21:05,079 - richard.src.train.trainer:train:156 - DEBUG -   Raw Train Losses: {Dice: 0.2580}
2025-04-24 00:21:05,079 - richard.src.train.trainer:train:158 - DEBUG -     Val Loss: 0.3534,   Val Dice: 0.6472
2025-04-24 00:21:05,080 - richard.src.train.trainer:train:161 - DEBUG -   Raw Val Losses: {Dice: 0.3534}
2025-04-24 00:21:05,080 - richard.src.train.trainer:train:163 - DEBUG - Best Val Loss So Far: 0.3447, Best Val Dice So Far: 0.6561
2025-04-24 00:21:46,892 - richard.src.train.trainer:train:132 - DEBUG - Epoch 21: No improvement in val_dice for 3 epoch(s). Patience: 15
2025-04-24 00:21:46,893 - richard.src.train.trainer:train:140 - DEBUG - Stepped ReduceLROnPlateau scheduler with val_dice: 0.6513
2025-04-24 00:21:46,893 - richard.src.train.trainer:train:146 - DEBUG - Epoch 21: Current learning rate: 1.00e-05
2025-04-24 00:21:46,893 - richard.src.train.trainer:save_checkpoint:409 - DEBUG - Epoch 21: Val Dice 0.6513 did not improve over best 0.6561
2025-04-24 00:21:46,893 - richard.src.train.trainer:train:152 - DEBUG - Epoch 21 Summary:
2025-04-24 00:21:46,893 - richard.src.train.trainer:train:153 - DEBUG -   Train Loss: 0.2539, Train Dice: 0.7506
2025-04-24 00:21:46,893 - richard.src.train.trainer:train:156 - DEBUG -   Raw Train Losses: {Dice: 0.2539}
2025-04-24 00:21:46,894 - richard.src.train.trainer:train:158 - DEBUG -     Val Loss: 0.3495,   Val Dice: 0.6513
2025-04-24 00:21:46,894 - richard.src.train.trainer:train:161 - DEBUG -   Raw Val Losses: {Dice: 0.3495}
2025-04-24 00:21:46,894 - richard.src.train.trainer:train:163 - DEBUG - Best Val Loss So Far: 0.3447, Best Val Dice So Far: 0.6561
2025-04-24 00:22:31,041 - richard.src.train.trainer:train:132 - DEBUG - Epoch 22: No improvement in val_dice for 4 epoch(s). Patience: 15
2025-04-24 00:22:31,041 - richard.src.train.trainer:train:140 - DEBUG - Stepped ReduceLROnPlateau scheduler with val_dice: 0.6475
2025-04-24 00:22:31,041 - richard.src.train.trainer:train:146 - DEBUG - Epoch 22: Current learning rate: 1.00e-05
2025-04-24 00:22:31,041 - richard.src.train.trainer:save_checkpoint:409 - DEBUG - Epoch 22: Val Dice 0.6475 did not improve over best 0.6561
2025-04-24 00:22:31,041 - richard.src.train.trainer:train:152 - DEBUG - Epoch 22 Summary:
2025-04-24 00:22:31,042 - richard.src.train.trainer:train:153 - DEBUG -   Train Loss: 0.2551, Train Dice: 0.7493
2025-04-24 00:22:31,042 - richard.src.train.trainer:train:156 - DEBUG -   Raw Train Losses: {Dice: 0.2551}
2025-04-24 00:22:31,042 - richard.src.train.trainer:train:158 - DEBUG -     Val Loss: 0.3531,   Val Dice: 0.6475
2025-04-24 00:22:31,042 - richard.src.train.trainer:train:161 - DEBUG -   Raw Val Losses: {Dice: 0.3531}
2025-04-24 00:22:31,042 - richard.src.train.trainer:train:163 - DEBUG - Best Val Loss So Far: 0.3447, Best Val Dice So Far: 0.6561
2025-04-24 00:23:17,474 - richard.src.train.trainer:train:132 - DEBUG - Epoch 23: No improvement in val_dice for 5 epoch(s). Patience: 15
2025-04-24 00:23:17,475 - richard.src.train.trainer:train:140 - DEBUG - Stepped ReduceLROnPlateau scheduler with val_dice: 0.6477
2025-04-24 00:23:17,475 - richard.src.train.trainer:train:146 - DEBUG - Epoch 23: Current learning rate: 1.00e-05
2025-04-24 00:23:17,475 - richard.src.train.trainer:save_checkpoint:409 - DEBUG - Epoch 23: Val Dice 0.6477 did not improve over best 0.6561
2025-04-24 00:23:17,475 - richard.src.train.trainer:train:152 - DEBUG - Epoch 23 Summary:
2025-04-24 00:23:17,475 - richard.src.train.trainer:train:153 - DEBUG -   Train Loss: 0.2532, Train Dice: 0.7508
2025-04-24 00:23:17,476 - richard.src.train.trainer:train:156 - DEBUG -   Raw Train Losses: {Dice: 0.2532}
2025-04-24 00:23:17,476 - richard.src.train.trainer:train:158 - DEBUG -     Val Loss: 0.3530,   Val Dice: 0.6477
2025-04-24 00:23:17,476 - richard.src.train.trainer:train:161 - DEBUG -   Raw Val Losses: {Dice: 0.3530}
2025-04-24 00:23:17,476 - richard.src.train.trainer:train:163 - DEBUG - Best Val Loss So Far: 0.3447, Best Val Dice So Far: 0.6561
2025-04-24 00:24:00,689 - richard.src.train.trainer:train:132 - DEBUG - Epoch 24: No improvement in val_dice for 6 epoch(s). Patience: 15
2025-04-24 00:24:00,690 - richard.src.train.trainer:train:140 - DEBUG - Stepped ReduceLROnPlateau scheduler with val_dice: 0.6448
2025-04-24 00:24:00,690 - richard.src.train.trainer:train:146 - DEBUG - Epoch 24: Current learning rate: 2.00e-06
2025-04-24 00:24:00,690 - richard.src.train.trainer:save_checkpoint:409 - DEBUG - Epoch 24: Val Dice 0.6448 did not improve over best 0.6561
2025-04-24 00:24:00,690 - richard.src.train.trainer:train:152 - DEBUG - Epoch 24 Summary:
2025-04-24 00:24:00,690 - richard.src.train.trainer:train:153 - DEBUG -   Train Loss: 0.2487, Train Dice: 0.7552
2025-04-24 00:24:00,690 - richard.src.train.trainer:train:156 - DEBUG -   Raw Train Losses: {Dice: 0.2487}
2025-04-24 00:24:00,690 - richard.src.train.trainer:train:158 - DEBUG -     Val Loss: 0.3559,   Val Dice: 0.6448
2025-04-24 00:24:00,690 - richard.src.train.trainer:train:161 - DEBUG -   Raw Val Losses: {Dice: 0.3559}
2025-04-24 00:24:00,690 - richard.src.train.trainer:train:163 - DEBUG - Best Val Loss So Far: 0.3447, Best Val Dice So Far: 0.6561
2025-04-24 00:24:37,406 - richard.src.train.trainer:train:132 - DEBUG - Epoch 25: No improvement in val_dice for 7 epoch(s). Patience: 15
2025-04-24 00:24:37,406 - richard.src.train.trainer:train:140 - DEBUG - Stepped ReduceLROnPlateau scheduler with val_dice: 0.6484
2025-04-24 00:24:37,406 - richard.src.train.trainer:train:146 - DEBUG - Epoch 25: Current learning rate: 2.00e-06
2025-04-24 00:24:37,406 - richard.src.train.trainer:save_checkpoint:409 - DEBUG - Epoch 25: Val Dice 0.6484 did not improve over best 0.6561
2025-04-24 00:24:37,406 - richard.src.train.trainer:train:152 - DEBUG - Epoch 25 Summary:
2025-04-24 00:24:37,406 - richard.src.train.trainer:train:153 - DEBUG -   Train Loss: 0.2516, Train Dice: 0.7521
2025-04-24 00:24:37,406 - richard.src.train.trainer:train:156 - DEBUG -   Raw Train Losses: {Dice: 0.2516}
2025-04-24 00:24:37,406 - richard.src.train.trainer:train:158 - DEBUG -     Val Loss: 0.3523,   Val Dice: 0.6484
2025-04-24 00:24:37,406 - richard.src.train.trainer:train:161 - DEBUG -   Raw Val Losses: {Dice: 0.3523}
2025-04-24 00:24:37,406 - richard.src.train.trainer:train:163 - DEBUG - Best Val Loss So Far: 0.3447, Best Val Dice So Far: 0.6561
2025-04-24 00:25:12,288 - richard.src.train.trainer:train:132 - DEBUG - Epoch 26: No improvement in val_dice for 8 epoch(s). Patience: 15
2025-04-24 00:25:12,288 - richard.src.train.trainer:train:140 - DEBUG - Stepped ReduceLROnPlateau scheduler with val_dice: 0.6512
2025-04-24 00:25:12,288 - richard.src.train.trainer:train:146 - DEBUG - Epoch 26: Current learning rate: 2.00e-06
2025-04-24 00:25:12,288 - richard.src.train.trainer:save_checkpoint:409 - DEBUG - Epoch 26: Val Dice 0.6512 did not improve over best 0.6561
2025-04-24 00:25:12,288 - richard.src.train.trainer:train:152 - DEBUG - Epoch 26 Summary:
2025-04-24 00:25:12,288 - richard.src.train.trainer:train:153 - DEBUG -   Train Loss: 0.2479, Train Dice: 0.7558
2025-04-24 00:25:12,288 - richard.src.train.trainer:train:156 - DEBUG -   Raw Train Losses: {Dice: 0.2479}
2025-04-24 00:25:12,288 - richard.src.train.trainer:train:158 - DEBUG -     Val Loss: 0.3496,   Val Dice: 0.6512
2025-04-24 00:25:12,288 - richard.src.train.trainer:train:161 - DEBUG -   Raw Val Losses: {Dice: 0.3496}
2025-04-24 00:25:12,288 - richard.src.train.trainer:train:163 - DEBUG - Best Val Loss So Far: 0.3447, Best Val Dice So Far: 0.6561
2025-04-24 00:25:45,583 - richard.src.train.trainer:train:132 - DEBUG - Epoch 27: No improvement in val_dice for 9 epoch(s). Patience: 15
2025-04-24 00:25:45,584 - richard.src.train.trainer:train:140 - DEBUG - Stepped ReduceLROnPlateau scheduler with val_dice: 0.6528
2025-04-24 00:25:45,584 - richard.src.train.trainer:train:146 - DEBUG - Epoch 27: Current learning rate: 2.00e-06
2025-04-24 00:25:45,584 - richard.src.train.trainer:save_checkpoint:409 - DEBUG - Epoch 27: Val Dice 0.6528 did not improve over best 0.6561
2025-04-24 00:25:45,584 - richard.src.train.trainer:train:152 - DEBUG - Epoch 27 Summary:
2025-04-24 00:25:45,584 - richard.src.train.trainer:train:153 - DEBUG -   Train Loss: 0.2476, Train Dice: 0.7564
2025-04-24 00:25:45,584 - richard.src.train.trainer:train:156 - DEBUG -   Raw Train Losses: {Dice: 0.2476}
2025-04-24 00:25:45,584 - richard.src.train.trainer:train:158 - DEBUG -     Val Loss: 0.3479,   Val Dice: 0.6528
2025-04-24 00:25:45,584 - richard.src.train.trainer:train:161 - DEBUG -   Raw Val Losses: {Dice: 0.3479}
2025-04-24 00:25:45,584 - richard.src.train.trainer:train:163 - DEBUG - Best Val Loss So Far: 0.3447, Best Val Dice So Far: 0.6561
2025-04-24 00:26:15,902 - richard.src.train.trainer:train:132 - DEBUG - Epoch 28: No improvement in val_dice for 10 epoch(s). Patience: 15
2025-04-24 00:26:15,902 - richard.src.train.trainer:train:140 - DEBUG - Stepped ReduceLROnPlateau scheduler with val_dice: 0.6510
2025-04-24 00:26:15,902 - richard.src.train.trainer:train:146 - DEBUG - Epoch 28: Current learning rate: 2.00e-06
2025-04-24 00:26:15,902 - richard.src.train.trainer:save_checkpoint:409 - DEBUG - Epoch 28: Val Dice 0.6510 did not improve over best 0.6561
2025-04-24 00:26:15,902 - richard.src.train.trainer:train:152 - DEBUG - Epoch 28 Summary:
2025-04-24 00:26:15,902 - richard.src.train.trainer:train:153 - DEBUG -   Train Loss: 0.2465, Train Dice: 0.7570
2025-04-24 00:26:15,902 - richard.src.train.trainer:train:156 - DEBUG -   Raw Train Losses: {Dice: 0.2465}
2025-04-24 00:26:15,902 - richard.src.train.trainer:train:158 - DEBUG -     Val Loss: 0.3498,   Val Dice: 0.6510
2025-04-24 00:26:15,902 - richard.src.train.trainer:train:161 - DEBUG -   Raw Val Losses: {Dice: 0.3498}
2025-04-24 00:26:15,902 - richard.src.train.trainer:train:163 - DEBUG - Best Val Loss So Far: 0.3447, Best Val Dice So Far: 0.6561
2025-04-24 00:26:50,405 - richard.src.train.trainer:train:132 - DEBUG - Epoch 29: No improvement in val_dice for 11 epoch(s). Patience: 15
2025-04-24 00:26:50,406 - richard.src.train.trainer:train:140 - DEBUG - Stepped ReduceLROnPlateau scheduler with val_dice: 0.6511
2025-04-24 00:26:50,406 - richard.src.train.trainer:train:146 - DEBUG - Epoch 29: Current learning rate: 2.00e-06
2025-04-24 00:26:50,406 - richard.src.train.trainer:save_checkpoint:409 - DEBUG - Epoch 29: Val Dice 0.6511 did not improve over best 0.6561
2025-04-24 00:26:50,406 - richard.src.train.trainer:train:152 - DEBUG - Epoch 29 Summary:
2025-04-24 00:26:50,406 - richard.src.train.trainer:train:153 - DEBUG -   Train Loss: 0.2472, Train Dice: 0.7570
2025-04-24 00:26:50,406 - richard.src.train.trainer:train:156 - DEBUG -   Raw Train Losses: {Dice: 0.2472}
2025-04-24 00:26:50,406 - richard.src.train.trainer:train:158 - DEBUG -     Val Loss: 0.3497,   Val Dice: 0.6511
2025-04-24 00:26:50,406 - richard.src.train.trainer:train:161 - DEBUG -   Raw Val Losses: {Dice: 0.3497}
2025-04-24 00:26:50,406 - richard.src.train.trainer:train:163 - DEBUG - Best Val Loss So Far: 0.3447, Best Val Dice So Far: 0.6561
2025-04-24 00:27:20,716 - richard.src.train.trainer:train:132 - DEBUG - Epoch 30: No improvement in val_dice for 12 epoch(s). Patience: 15
2025-04-24 00:27:20,717 - richard.src.train.trainer:train:140 - DEBUG - Stepped ReduceLROnPlateau scheduler with val_dice: 0.6526
2025-04-24 00:27:20,717 - richard.src.train.trainer:train:146 - DEBUG - Epoch 30: Current learning rate: 1.00e-06
2025-04-24 00:27:20,717 - richard.src.train.trainer:save_checkpoint:409 - DEBUG - Epoch 30: Val Dice 0.6526 did not improve over best 0.6561
2025-04-24 00:27:20,717 - richard.src.train.trainer:train:152 - DEBUG - Epoch 30 Summary:
2025-04-24 00:27:20,717 - richard.src.train.trainer:train:153 - DEBUG -   Train Loss: 0.2458, Train Dice: 0.7578
2025-04-24 00:27:20,717 - richard.src.train.trainer:train:156 - DEBUG -   Raw Train Losses: {Dice: 0.2458}
2025-04-24 00:27:20,718 - richard.src.train.trainer:train:158 - DEBUG -     Val Loss: 0.3482,   Val Dice: 0.6526
2025-04-24 00:27:20,718 - richard.src.train.trainer:train:161 - DEBUG -   Raw Val Losses: {Dice: 0.3482}
2025-04-24 00:27:20,718 - richard.src.train.trainer:train:163 - DEBUG - Best Val Loss So Far: 0.3447, Best Val Dice So Far: 0.6561
2025-04-24 00:27:21,669 - richard.src.train.trainer:train:210 - INFO - Saved final checkpoint to /radraid2/dongwoolee/VNet_LungNoduleSeg/richard/checkpoints/final_checkpoint_25-04-24_00:06:55.pth
2025-04-24 00:27:21,670 - root:train:211 - INFO - Training finished.
