2025-04-17 14:02:37,410 - root:setup_logging:142 - INFO - File logging (DEBUG level) activated: /radraid2/dongwoolee/VNet_LungNoduleSeg/richard/logs/debug_25-04-17_14:02:37.log
2025-04-17 14:02:37,410 - root:setup_logging:148 - INFO - Console logging level set to: INFO
2025-04-17 14:02:37,411 - root:setup_logging:150 - INFO - File logging level set to: DEBUG
2025-04-17 14:02:37,412 - root:<module>:174 - INFO - Start time: 25-04-17_14:02:37
2025-04-17 14:02:37,423 - richard.src.utils.utils:_load_and_merge_yaml_configs:289 - INFO - Decorator loaded base config from: richard/config/train.yaml
2025-04-17 14:02:37,429 - richard.src.utils.utils:_load_and_merge_yaml_configs:306 - INFO - Decorator loaded config for 'model' from: richard/config/model/vnet.yaml
2025-04-17 14:02:37,437 - richard.src.utils.utils:_load_and_merge_yaml_configs:306 - INFO - Decorator loaded config for 'dataset' from: richard/config/dataset/luna16_2d.yaml
2025-04-17 14:02:37,442 - richard.src.utils.utils:_load_and_merge_yaml_configs:306 - INFO - Decorator loaded config for 'dataloader' from: richard/config/dataloader/dataloader.yaml
2025-04-17 14:02:37,445 - richard.src.utils.utils:_load_and_merge_yaml_configs:306 - INFO - Decorator loaded config for 'optimizer' from: richard/config/optimizer/AdamW.yaml
2025-04-17 14:02:37,450 - richard.src.utils.utils:_load_and_merge_yaml_configs:306 - INFO - Decorator loaded config for 'scheduler' from: richard/config/scheduler/ReduceLROnPlateau.yaml
2025-04-17 14:02:37,451 - richard.src.utils.utils:wrapper:363 - INFO - Decorator successfully loaded and merged configurations.
2025-04-17 14:02:37,451 - richard.src.utils.utils:wrapper:371 - INFO - Decorator injecting loaded 'cfg' into function call.
2025-04-17 14:02:37,451 - richard.src.utils.utils:wrapper:381 - DEBUG - Decorator injected 'cfg' into function call: {'model': {'name': 'VNet2D', 'in_channels': 1, 'out_channels': 1, 'conv_kernel_size': 5, 'conv_stride': 1, 'conv_padding': 2, 'conv_bn': True, 'conv_activation_fn': None, 'sampling_conv_kernel_size': 2, 'sampling_conv_stride': 2, 'sampling_conv_padding': 0, 'sampling_conv_bn': True, 'sampling_conv_activation_fn': None, 'dropout_rate': 0.3}, 'dataset': {'train': {'image_dir': '/radraid2/dongwoolee/VNet_LungNoduleSeg/richard/data/LUNA16/train/images_2D_0axis/', 'mask_dir': '/radraid2/dongwoolee/VNet_LungNoduleSeg/richard/data/LUNA16/train/masks_2D_0axis/', 'augment': True, 'normalize': True, 'mean': [-593.997], 'std': [417.0208]}, 'val': {'image_dir': '/radraid2/dongwoolee/VNet_LungNoduleSeg/richard/data/LUNA16/val/images_2D_0axis/', 'mask_dir': '/radraid2/dongwoolee/VNet_LungNoduleSeg/richard/data/LUNA16/val/masks_2D_0axis/', 'augment': False, 'normalize': True, 'mean': [-593.997], 'std': [417.0208]}}, 'dataloader': {'train': {'batch_size': 16, 'shuffle': True, 'num_workers': 8}, 'val': {'batch_size': 16, 'shuffle': False, 'num_workers': 8}, 'test': {'batch_size': 16, 'shuffle': False, 'num_workers': 8}}, 'optimizer': {'name': 'AdamW', 'lr': 1e-05, 'weight_decay': 0.01}, 'scheduler': {'name': 'ReduceLROnPlateau', 'factor': 0.2, 'mode': 'max', 'patience': 5, 'min_lr': 1e-06}, 'criterion': {'Focal': {'name': 'FocalLoss', 'weight': 1.0, 'params': {'alpha': 0.25, 'gamma': 2.0}}}, 'training': {'num_epochs': 30, 'batch_size': 16, 'early_stopping_patience': 15, 'early_stopping_min_delta': 0.0005}}
2025-04-17 14:02:37,556 - root:train:30 - INFO - Using device: cuda
2025-04-17 14:02:37,556 - root:train:33 - INFO - Train function received config keys: ['model', 'dataset', 'dataloader', 'optimizer', 'scheduler', 'criterion', 'training']
2025-04-17 14:02:46,890 - root:train:50 - INFO - Loaded train dataset with 11933 samples.
2025-04-17 14:02:46,891 - root:train:51 - INFO - Loaded validation dataset with 3173 samples.
2025-04-17 14:02:46,892 - root:train:55 - INFO - Created DataLoaders.
2025-04-17 14:02:47,421 - root:train:70 - INFO - Initialized model: VNet2D
2025-04-17 14:02:47,423 - root:train:87 - INFO - Initialized AdamW optimizer with params: {'lr': 1e-05, 'weight_decay': 0.01}
2025-04-17 14:02:47,427 - root:train:106 - INFO - Initialized ReduceLROnPlateau scheduler with params: {'factor': 0.2, 'mode': 'max', 'patience': 5, 'min_lr': 1e-06}
2025-04-17 14:02:47,429 - richard.src.utils.loss:__init__:202 - INFO - Initialized loss component 'Focal' (FocalLoss) with effective params: {'alpha': 0.25, 'gamma': 2.0}
2025-04-17 14:02:47,429 - richard.src.utils.loss:__init__:231 - INFO - Final combined loss weights: {'Focal': 1.0}
2025-04-17 14:02:47,429 - root:train:123 - INFO - Initialized CombinedLoss criterion.
2025-04-17 14:02:47,429 - richard.src.train.trainer:__init__:39 - INFO - Trainer initialized with optimizer: AdamW
2025-04-17 14:02:47,429 - richard.src.train.trainer:__init__:45 - INFO - Trainer initialized with scheduler: ReduceLROnPlateau
2025-04-17 14:02:47,431 - richard.src.train.trainer:__init__:53 - INFO - Trainer initialized with criterion: CombinedLoss
2025-04-17 14:02:47,431 - richard.src.train.trainer:__init__:97 - INFO - Early stopping enabled with patience: 15, min_delta: 0.0005
2025-04-17 14:02:47,432 - richard.src.train.trainer:__init__:107 - DEBUG - Initialized raw loss tracking for components: ['Focal']
2025-04-17 14:02:47,432 - root:train:144 - INFO - Starting training for 30 epochs...
2025-04-17 14:03:07,927 - richard.src.train.trainer:train:140 - DEBUG - Stepped ReduceLROnPlateau scheduler with val_dice: 0.3303
2025-04-17 14:03:07,928 - richard.src.train.trainer:train:146 - DEBUG - Epoch 1: Current learning rate: 1.00e-05
2025-04-17 14:03:09,357 - richard.src.train.trainer:save_checkpoint:395 - DEBUG - Saved new best checkpoint to /radraid2/dongwoolee/VNet_LungNoduleSeg/richard/checkpoints/best_checkpoint_epoch_1_25-04-17_14:02:37.pth with val Dice: 0.3303
2025-04-17 14:03:09,359 - richard.src.train.trainer:train:152 - DEBUG - Epoch 1 Summary:
2025-04-17 14:03:09,359 - richard.src.train.trainer:train:153 - DEBUG -   Train Loss: 0.0393, Train Dice: 0.3275
2025-04-17 14:03:09,360 - richard.src.train.trainer:train:156 - DEBUG -   Raw Train Losses: {Focal: 0.0393}
2025-04-17 14:03:09,360 - richard.src.train.trainer:train:158 - DEBUG -     Val Loss: 0.0240,   Val Dice: 0.3303
2025-04-17 14:03:09,360 - richard.src.train.trainer:train:161 - DEBUG -   Raw Val Losses: {Focal: 0.0240}
2025-04-17 14:03:09,360 - richard.src.train.trainer:train:163 - DEBUG - Best Val Loss So Far: inf, Best Val Dice So Far: 0.3303
2025-04-17 14:03:28,188 - richard.src.train.trainer:train:140 - DEBUG - Stepped ReduceLROnPlateau scheduler with val_dice: 0.5351
2025-04-17 14:03:28,188 - richard.src.train.trainer:train:146 - DEBUG - Epoch 2: Current learning rate: 1.00e-05
2025-04-17 14:03:30,423 - richard.src.train.trainer:save_checkpoint:395 - DEBUG - Saved new best checkpoint to /radraid2/dongwoolee/VNet_LungNoduleSeg/richard/checkpoints/best_checkpoint_epoch_2_25-04-17_14:02:37.pth with val Dice: 0.5351
2025-04-17 14:03:30,494 - richard.src.train.trainer:save_checkpoint:405 - DEBUG - Removed previous best checkpoint: /radraid2/dongwoolee/VNet_LungNoduleSeg/richard/checkpoints/best_checkpoint_epoch_1_25-04-17_14:02:37.pth
2025-04-17 14:03:30,494 - richard.src.train.trainer:train:152 - DEBUG - Epoch 2 Summary:
2025-04-17 14:03:30,495 - richard.src.train.trainer:train:153 - DEBUG -   Train Loss: 0.0243, Train Dice: 0.5089
2025-04-17 14:03:30,495 - richard.src.train.trainer:train:156 - DEBUG -   Raw Train Losses: {Focal: 0.0243}
2025-04-17 14:03:30,495 - richard.src.train.trainer:train:158 - DEBUG -     Val Loss: 0.0192,   Val Dice: 0.5351
2025-04-17 14:03:30,495 - richard.src.train.trainer:train:161 - DEBUG -   Raw Val Losses: {Focal: 0.0192}
2025-04-17 14:03:30,495 - richard.src.train.trainer:train:163 - DEBUG - Best Val Loss So Far: 0.0240, Best Val Dice So Far: 0.5351
2025-04-17 14:03:51,892 - richard.src.train.trainer:train:132 - DEBUG - Epoch 3: No improvement in val_dice for 1 epoch(s). Patience: 15
2025-04-17 14:03:51,893 - richard.src.train.trainer:train:140 - DEBUG - Stepped ReduceLROnPlateau scheduler with val_dice: 0.5329
2025-04-17 14:03:51,893 - richard.src.train.trainer:train:146 - DEBUG - Epoch 3: Current learning rate: 1.00e-05
2025-04-17 14:03:51,894 - richard.src.train.trainer:save_checkpoint:409 - DEBUG - Epoch 3: Val Dice 0.5329 did not improve over best 0.5351
2025-04-17 14:03:51,894 - richard.src.train.trainer:train:152 - DEBUG - Epoch 3 Summary:
2025-04-17 14:03:51,894 - richard.src.train.trainer:train:153 - DEBUG -   Train Loss: 0.0201, Train Dice: 0.5701
2025-04-17 14:03:51,894 - richard.src.train.trainer:train:156 - DEBUG -   Raw Train Losses: {Focal: 0.0201}
2025-04-17 14:03:51,894 - richard.src.train.trainer:train:158 - DEBUG -     Val Loss: 0.0179,   Val Dice: 0.5329
2025-04-17 14:03:51,894 - richard.src.train.trainer:train:161 - DEBUG -   Raw Val Losses: {Focal: 0.0179}
2025-04-17 14:03:51,894 - richard.src.train.trainer:train:163 - DEBUG - Best Val Loss So Far: 0.0192, Best Val Dice So Far: 0.5351
2025-04-17 14:04:11,361 - richard.src.train.trainer:train:140 - DEBUG - Stepped ReduceLROnPlateau scheduler with val_dice: 0.5962
2025-04-17 14:04:11,362 - richard.src.train.trainer:train:146 - DEBUG - Epoch 4: Current learning rate: 1.00e-05
2025-04-17 14:04:13,121 - richard.src.train.trainer:save_checkpoint:395 - DEBUG - Saved new best checkpoint to /radraid2/dongwoolee/VNet_LungNoduleSeg/richard/checkpoints/best_checkpoint_epoch_4_25-04-17_14:02:37.pth with val Dice: 0.5962
2025-04-17 14:04:13,179 - richard.src.train.trainer:save_checkpoint:405 - DEBUG - Removed previous best checkpoint: /radraid2/dongwoolee/VNet_LungNoduleSeg/richard/checkpoints/best_checkpoint_epoch_2_25-04-17_14:02:37.pth
2025-04-17 14:04:13,181 - richard.src.train.trainer:train:152 - DEBUG - Epoch 4 Summary:
2025-04-17 14:04:13,181 - richard.src.train.trainer:train:153 - DEBUG -   Train Loss: 0.0180, Train Dice: 0.5980
2025-04-17 14:04:13,181 - richard.src.train.trainer:train:156 - DEBUG -   Raw Train Losses: {Focal: 0.0180}
2025-04-17 14:04:13,181 - richard.src.train.trainer:train:158 - DEBUG -     Val Loss: 0.0169,   Val Dice: 0.5962
2025-04-17 14:04:13,181 - richard.src.train.trainer:train:161 - DEBUG -   Raw Val Losses: {Focal: 0.0169}
2025-04-17 14:04:13,181 - richard.src.train.trainer:train:163 - DEBUG - Best Val Loss So Far: 0.0179, Best Val Dice So Far: 0.5962
2025-04-17 14:04:35,292 - richard.src.train.trainer:train:140 - DEBUG - Stepped ReduceLROnPlateau scheduler with val_dice: 0.6121
2025-04-17 14:04:35,292 - richard.src.train.trainer:train:146 - DEBUG - Epoch 5: Current learning rate: 1.00e-05
2025-04-17 14:04:37,431 - richard.src.train.trainer:save_checkpoint:395 - DEBUG - Saved new best checkpoint to /radraid2/dongwoolee/VNet_LungNoduleSeg/richard/checkpoints/best_checkpoint_epoch_5_25-04-17_14:02:37.pth with val Dice: 0.6121
2025-04-17 14:04:37,498 - richard.src.train.trainer:save_checkpoint:405 - DEBUG - Removed previous best checkpoint: /radraid2/dongwoolee/VNet_LungNoduleSeg/richard/checkpoints/best_checkpoint_epoch_4_25-04-17_14:02:37.pth
2025-04-17 14:04:37,499 - richard.src.train.trainer:train:152 - DEBUG - Epoch 5 Summary:
2025-04-17 14:04:37,500 - richard.src.train.trainer:train:153 - DEBUG -   Train Loss: 0.0168, Train Dice: 0.6171
2025-04-17 14:04:37,500 - richard.src.train.trainer:train:156 - DEBUG -   Raw Train Losses: {Focal: 0.0168}
2025-04-17 14:04:37,500 - richard.src.train.trainer:train:158 - DEBUG -     Val Loss: 0.0167,   Val Dice: 0.6121
2025-04-17 14:04:37,500 - richard.src.train.trainer:train:161 - DEBUG -   Raw Val Losses: {Focal: 0.0167}
2025-04-17 14:04:37,500 - richard.src.train.trainer:train:163 - DEBUG - Best Val Loss So Far: 0.0169, Best Val Dice So Far: 0.6121
2025-04-17 14:05:02,799 - richard.src.train.trainer:train:132 - DEBUG - Epoch 6: No improvement in val_dice for 1 epoch(s). Patience: 15
2025-04-17 14:05:02,799 - richard.src.train.trainer:train:140 - DEBUG - Stepped ReduceLROnPlateau scheduler with val_dice: 0.5880
2025-04-17 14:05:02,799 - richard.src.train.trainer:train:146 - DEBUG - Epoch 6: Current learning rate: 1.00e-05
2025-04-17 14:05:02,800 - richard.src.train.trainer:save_checkpoint:409 - DEBUG - Epoch 6: Val Dice 0.5880 did not improve over best 0.6121
2025-04-17 14:05:02,800 - richard.src.train.trainer:train:152 - DEBUG - Epoch 6 Summary:
2025-04-17 14:05:02,800 - richard.src.train.trainer:train:153 - DEBUG -   Train Loss: 0.0159, Train Dice: 0.6284
2025-04-17 14:05:02,800 - richard.src.train.trainer:train:156 - DEBUG -   Raw Train Losses: {Focal: 0.0159}
2025-04-17 14:05:02,800 - richard.src.train.trainer:train:158 - DEBUG -     Val Loss: 0.0168,   Val Dice: 0.5880
2025-04-17 14:05:02,800 - richard.src.train.trainer:train:161 - DEBUG -   Raw Val Losses: {Focal: 0.0168}
2025-04-17 14:05:02,800 - richard.src.train.trainer:train:163 - DEBUG - Best Val Loss So Far: 0.0167, Best Val Dice So Far: 0.6121
2025-04-17 14:05:24,676 - richard.src.train.trainer:train:140 - DEBUG - Stepped ReduceLROnPlateau scheduler with val_dice: 0.6401
2025-04-17 14:05:24,676 - richard.src.train.trainer:train:146 - DEBUG - Epoch 7: Current learning rate: 1.00e-05
2025-04-17 14:05:26,823 - richard.src.train.trainer:save_checkpoint:395 - DEBUG - Saved new best checkpoint to /radraid2/dongwoolee/VNet_LungNoduleSeg/richard/checkpoints/best_checkpoint_epoch_7_25-04-17_14:02:37.pth with val Dice: 0.6401
2025-04-17 14:05:26,887 - richard.src.train.trainer:save_checkpoint:405 - DEBUG - Removed previous best checkpoint: /radraid2/dongwoolee/VNet_LungNoduleSeg/richard/checkpoints/best_checkpoint_epoch_5_25-04-17_14:02:37.pth
2025-04-17 14:05:26,888 - richard.src.train.trainer:train:152 - DEBUG - Epoch 7 Summary:
2025-04-17 14:05:26,889 - richard.src.train.trainer:train:153 - DEBUG -   Train Loss: 0.0154, Train Dice: 0.6425
2025-04-17 14:05:26,889 - richard.src.train.trainer:train:156 - DEBUG -   Raw Train Losses: {Focal: 0.0154}
2025-04-17 14:05:26,889 - richard.src.train.trainer:train:158 - DEBUG -     Val Loss: 0.0158,   Val Dice: 0.6401
2025-04-17 14:05:26,889 - richard.src.train.trainer:train:161 - DEBUG -   Raw Val Losses: {Focal: 0.0158}
2025-04-17 14:05:26,889 - richard.src.train.trainer:train:163 - DEBUG - Best Val Loss So Far: 0.0167, Best Val Dice So Far: 0.6401
2025-04-17 14:05:47,176 - richard.src.train.trainer:train:140 - DEBUG - Stepped ReduceLROnPlateau scheduler with val_dice: 0.6488
2025-04-17 14:05:47,177 - richard.src.train.trainer:train:146 - DEBUG - Epoch 8: Current learning rate: 1.00e-05
2025-04-17 14:05:49,604 - richard.src.train.trainer:save_checkpoint:395 - DEBUG - Saved new best checkpoint to /radraid2/dongwoolee/VNet_LungNoduleSeg/richard/checkpoints/best_checkpoint_epoch_8_25-04-17_14:02:37.pth with val Dice: 0.6488
2025-04-17 14:05:49,676 - richard.src.train.trainer:save_checkpoint:405 - DEBUG - Removed previous best checkpoint: /radraid2/dongwoolee/VNet_LungNoduleSeg/richard/checkpoints/best_checkpoint_epoch_7_25-04-17_14:02:37.pth
2025-04-17 14:05:49,678 - richard.src.train.trainer:train:152 - DEBUG - Epoch 8 Summary:
2025-04-17 14:05:49,678 - richard.src.train.trainer:train:153 - DEBUG -   Train Loss: 0.0148, Train Dice: 0.6516
2025-04-17 14:05:49,678 - richard.src.train.trainer:train:156 - DEBUG -   Raw Train Losses: {Focal: 0.0148}
2025-04-17 14:05:49,678 - richard.src.train.trainer:train:158 - DEBUG -     Val Loss: 0.0161,   Val Dice: 0.6488
2025-04-17 14:05:49,678 - richard.src.train.trainer:train:161 - DEBUG -   Raw Val Losses: {Focal: 0.0161}
2025-04-17 14:05:49,678 - richard.src.train.trainer:train:163 - DEBUG - Best Val Loss So Far: 0.0158, Best Val Dice So Far: 0.6488
2025-04-17 14:06:12,410 - richard.src.train.trainer:train:132 - DEBUG - Epoch 9: No improvement in val_dice for 1 epoch(s). Patience: 15
2025-04-17 14:06:12,411 - richard.src.train.trainer:train:140 - DEBUG - Stepped ReduceLROnPlateau scheduler with val_dice: 0.6411
2025-04-17 14:06:12,411 - richard.src.train.trainer:train:146 - DEBUG - Epoch 9: Current learning rate: 1.00e-05
2025-04-17 14:06:12,411 - richard.src.train.trainer:save_checkpoint:409 - DEBUG - Epoch 9: Val Dice 0.6411 did not improve over best 0.6488
2025-04-17 14:06:12,411 - richard.src.train.trainer:train:152 - DEBUG - Epoch 9 Summary:
2025-04-17 14:06:12,411 - richard.src.train.trainer:train:153 - DEBUG -   Train Loss: 0.0142, Train Dice: 0.6608
2025-04-17 14:06:12,411 - richard.src.train.trainer:train:156 - DEBUG -   Raw Train Losses: {Focal: 0.0142}
2025-04-17 14:06:12,411 - richard.src.train.trainer:train:158 - DEBUG -     Val Loss: 0.0165,   Val Dice: 0.6411
2025-04-17 14:06:12,411 - richard.src.train.trainer:train:161 - DEBUG -   Raw Val Losses: {Focal: 0.0165}
2025-04-17 14:06:12,411 - richard.src.train.trainer:train:163 - DEBUG - Best Val Loss So Far: 0.0158, Best Val Dice So Far: 0.6488
2025-04-17 14:06:33,289 - richard.src.train.trainer:train:132 - DEBUG - Epoch 10: No improvement in val_dice for 2 epoch(s). Patience: 15
2025-04-17 14:06:33,290 - richard.src.train.trainer:train:140 - DEBUG - Stepped ReduceLROnPlateau scheduler with val_dice: 0.6380
2025-04-17 14:06:33,290 - richard.src.train.trainer:train:146 - DEBUG - Epoch 10: Current learning rate: 1.00e-05
2025-04-17 14:06:33,290 - richard.src.train.trainer:save_checkpoint:409 - DEBUG - Epoch 10: Val Dice 0.6380 did not improve over best 0.6488
2025-04-17 14:06:33,290 - richard.src.train.trainer:train:152 - DEBUG - Epoch 10 Summary:
2025-04-17 14:06:33,290 - richard.src.train.trainer:train:153 - DEBUG -   Train Loss: 0.0139, Train Dice: 0.6669
2025-04-17 14:06:33,290 - richard.src.train.trainer:train:156 - DEBUG -   Raw Train Losses: {Focal: 0.0139}
2025-04-17 14:06:33,290 - richard.src.train.trainer:train:158 - DEBUG -     Val Loss: 0.0159,   Val Dice: 0.6380
2025-04-17 14:06:33,290 - richard.src.train.trainer:train:161 - DEBUG -   Raw Val Losses: {Focal: 0.0159}
2025-04-17 14:06:33,290 - richard.src.train.trainer:train:163 - DEBUG - Best Val Loss So Far: 0.0158, Best Val Dice So Far: 0.6488
2025-04-17 14:06:57,540 - richard.src.train.trainer:train:132 - DEBUG - Epoch 11: No improvement in val_dice for 3 epoch(s). Patience: 15
2025-04-17 14:06:57,540 - richard.src.train.trainer:train:140 - DEBUG - Stepped ReduceLROnPlateau scheduler with val_dice: 0.6425
2025-04-17 14:06:57,540 - richard.src.train.trainer:train:146 - DEBUG - Epoch 11: Current learning rate: 1.00e-05
2025-04-17 14:06:57,540 - richard.src.train.trainer:save_checkpoint:409 - DEBUG - Epoch 11: Val Dice 0.6425 did not improve over best 0.6488
2025-04-17 14:06:57,540 - richard.src.train.trainer:train:152 - DEBUG - Epoch 11 Summary:
2025-04-17 14:06:57,540 - richard.src.train.trainer:train:153 - DEBUG -   Train Loss: 0.0138, Train Dice: 0.6689
2025-04-17 14:06:57,540 - richard.src.train.trainer:train:156 - DEBUG -   Raw Train Losses: {Focal: 0.0138}
2025-04-17 14:06:57,540 - richard.src.train.trainer:train:158 - DEBUG -     Val Loss: 0.0160,   Val Dice: 0.6425
2025-04-17 14:06:57,540 - richard.src.train.trainer:train:161 - DEBUG -   Raw Val Losses: {Focal: 0.0160}
2025-04-17 14:06:57,540 - richard.src.train.trainer:train:163 - DEBUG - Best Val Loss So Far: 0.0158, Best Val Dice So Far: 0.6488
2025-04-17 14:07:18,724 - richard.src.train.trainer:train:140 - DEBUG - Stepped ReduceLROnPlateau scheduler with val_dice: 0.6587
2025-04-17 14:07:18,725 - richard.src.train.trainer:train:146 - DEBUG - Epoch 12: Current learning rate: 1.00e-05
2025-04-17 14:07:20,716 - richard.src.train.trainer:save_checkpoint:395 - DEBUG - Saved new best checkpoint to /radraid2/dongwoolee/VNet_LungNoduleSeg/richard/checkpoints/best_checkpoint_epoch_12_25-04-17_14:02:37.pth with val Dice: 0.6587
2025-04-17 14:07:20,783 - richard.src.train.trainer:save_checkpoint:405 - DEBUG - Removed previous best checkpoint: /radraid2/dongwoolee/VNet_LungNoduleSeg/richard/checkpoints/best_checkpoint_epoch_8_25-04-17_14:02:37.pth
2025-04-17 14:07:20,784 - richard.src.train.trainer:train:152 - DEBUG - Epoch 12 Summary:
2025-04-17 14:07:20,784 - richard.src.train.trainer:train:153 - DEBUG -   Train Loss: 0.0134, Train Dice: 0.6771
2025-04-17 14:07:20,784 - richard.src.train.trainer:train:156 - DEBUG -   Raw Train Losses: {Focal: 0.0134}
2025-04-17 14:07:20,784 - richard.src.train.trainer:train:158 - DEBUG -     Val Loss: 0.0158,   Val Dice: 0.6587
2025-04-17 14:07:20,784 - richard.src.train.trainer:train:161 - DEBUG -   Raw Val Losses: {Focal: 0.0158}
2025-04-17 14:07:20,784 - richard.src.train.trainer:train:163 - DEBUG - Best Val Loss So Far: 0.0158, Best Val Dice So Far: 0.6587
2025-04-17 14:07:39,838 - richard.src.train.trainer:train:140 - DEBUG - Stepped ReduceLROnPlateau scheduler with val_dice: 0.6671
2025-04-17 14:07:39,839 - richard.src.train.trainer:train:146 - DEBUG - Epoch 13: Current learning rate: 1.00e-05
2025-04-17 14:07:44,235 - richard.src.train.trainer:save_checkpoint:395 - DEBUG - Saved new best checkpoint to /radraid2/dongwoolee/VNet_LungNoduleSeg/richard/checkpoints/best_checkpoint_epoch_13_25-04-17_14:02:37.pth with val Dice: 0.6671
2025-04-17 14:07:44,409 - richard.src.train.trainer:save_checkpoint:405 - DEBUG - Removed previous best checkpoint: /radraid2/dongwoolee/VNet_LungNoduleSeg/richard/checkpoints/best_checkpoint_epoch_12_25-04-17_14:02:37.pth
2025-04-17 14:07:44,410 - richard.src.train.trainer:train:152 - DEBUG - Epoch 13 Summary:
2025-04-17 14:07:44,410 - richard.src.train.trainer:train:153 - DEBUG -   Train Loss: 0.0133, Train Dice: 0.6796
2025-04-17 14:07:44,410 - richard.src.train.trainer:train:156 - DEBUG -   Raw Train Losses: {Focal: 0.0133}
2025-04-17 14:07:44,410 - richard.src.train.trainer:train:158 - DEBUG -     Val Loss: 0.0152,   Val Dice: 0.6671
2025-04-17 14:07:44,410 - richard.src.train.trainer:train:161 - DEBUG -   Raw Val Losses: {Focal: 0.0152}
2025-04-17 14:07:44,411 - richard.src.train.trainer:train:163 - DEBUG - Best Val Loss So Far: 0.0158, Best Val Dice So Far: 0.6671
2025-04-17 14:08:04,493 - richard.src.train.trainer:train:132 - DEBUG - Epoch 14: No improvement in val_dice for 1 epoch(s). Patience: 15
2025-04-17 14:08:04,493 - richard.src.train.trainer:train:140 - DEBUG - Stepped ReduceLROnPlateau scheduler with val_dice: 0.6605
2025-04-17 14:08:04,493 - richard.src.train.trainer:train:146 - DEBUG - Epoch 14: Current learning rate: 1.00e-05
2025-04-17 14:08:04,494 - richard.src.train.trainer:save_checkpoint:409 - DEBUG - Epoch 14: Val Dice 0.6605 did not improve over best 0.6671
2025-04-17 14:08:04,494 - richard.src.train.trainer:train:152 - DEBUG - Epoch 14 Summary:
2025-04-17 14:08:04,494 - richard.src.train.trainer:train:153 - DEBUG -   Train Loss: 0.0132, Train Dice: 0.6816
2025-04-17 14:08:04,494 - richard.src.train.trainer:train:156 - DEBUG -   Raw Train Losses: {Focal: 0.0132}
2025-04-17 14:08:04,494 - richard.src.train.trainer:train:158 - DEBUG -     Val Loss: 0.0151,   Val Dice: 0.6605
2025-04-17 14:08:04,494 - richard.src.train.trainer:train:161 - DEBUG -   Raw Val Losses: {Focal: 0.0151}
2025-04-17 14:08:04,494 - richard.src.train.trainer:train:163 - DEBUG - Best Val Loss So Far: 0.0152, Best Val Dice So Far: 0.6671
2025-04-17 14:08:27,055 - richard.src.train.trainer:train:132 - DEBUG - Epoch 15: No improvement in val_dice for 2 epoch(s). Patience: 15
2025-04-17 14:08:27,055 - richard.src.train.trainer:train:140 - DEBUG - Stepped ReduceLROnPlateau scheduler with val_dice: 0.6430
2025-04-17 14:08:27,055 - richard.src.train.trainer:train:146 - DEBUG - Epoch 15: Current learning rate: 1.00e-05
2025-04-17 14:08:27,056 - richard.src.train.trainer:save_checkpoint:409 - DEBUG - Epoch 15: Val Dice 0.6430 did not improve over best 0.6671
2025-04-17 14:08:27,056 - richard.src.train.trainer:train:152 - DEBUG - Epoch 15 Summary:
2025-04-17 14:08:27,056 - richard.src.train.trainer:train:153 - DEBUG -   Train Loss: 0.0128, Train Dice: 0.6888
2025-04-17 14:08:27,056 - richard.src.train.trainer:train:156 - DEBUG -   Raw Train Losses: {Focal: 0.0128}
2025-04-17 14:08:27,056 - richard.src.train.trainer:train:158 - DEBUG -     Val Loss: 0.0159,   Val Dice: 0.6430
2025-04-17 14:08:27,056 - richard.src.train.trainer:train:161 - DEBUG -   Raw Val Losses: {Focal: 0.0159}
2025-04-17 14:08:27,056 - richard.src.train.trainer:train:163 - DEBUG - Best Val Loss So Far: 0.0151, Best Val Dice So Far: 0.6671
2025-04-17 14:08:48,857 - richard.src.train.trainer:train:140 - DEBUG - Stepped ReduceLROnPlateau scheduler with val_dice: 0.6787
2025-04-17 14:08:48,857 - richard.src.train.trainer:train:146 - DEBUG - Epoch 16: Current learning rate: 1.00e-05
2025-04-17 14:08:51,258 - richard.src.train.trainer:save_checkpoint:395 - DEBUG - Saved new best checkpoint to /radraid2/dongwoolee/VNet_LungNoduleSeg/richard/checkpoints/best_checkpoint_epoch_16_25-04-17_14:02:37.pth with val Dice: 0.6787
2025-04-17 14:08:51,320 - richard.src.train.trainer:save_checkpoint:405 - DEBUG - Removed previous best checkpoint: /radraid2/dongwoolee/VNet_LungNoduleSeg/richard/checkpoints/best_checkpoint_epoch_13_25-04-17_14:02:37.pth
2025-04-17 14:08:51,321 - richard.src.train.trainer:train:152 - DEBUG - Epoch 16 Summary:
2025-04-17 14:08:51,322 - richard.src.train.trainer:train:153 - DEBUG -   Train Loss: 0.0127, Train Dice: 0.6898
2025-04-17 14:08:51,322 - richard.src.train.trainer:train:156 - DEBUG -   Raw Train Losses: {Focal: 0.0127}
2025-04-17 14:08:51,322 - richard.src.train.trainer:train:158 - DEBUG -     Val Loss: 0.0143,   Val Dice: 0.6787
2025-04-17 14:08:51,322 - richard.src.train.trainer:train:161 - DEBUG -   Raw Val Losses: {Focal: 0.0143}
2025-04-17 14:08:51,322 - richard.src.train.trainer:train:163 - DEBUG - Best Val Loss So Far: 0.0151, Best Val Dice So Far: 0.6787
2025-04-17 14:09:13,540 - richard.src.train.trainer:train:132 - DEBUG - Epoch 17: No improvement in val_dice for 1 epoch(s). Patience: 15
2025-04-17 14:09:13,541 - richard.src.train.trainer:train:140 - DEBUG - Stepped ReduceLROnPlateau scheduler with val_dice: 0.6639
2025-04-17 14:09:13,541 - richard.src.train.trainer:train:146 - DEBUG - Epoch 17: Current learning rate: 1.00e-05
2025-04-17 14:09:13,542 - richard.src.train.trainer:save_checkpoint:409 - DEBUG - Epoch 17: Val Dice 0.6639 did not improve over best 0.6787
2025-04-17 14:09:13,542 - richard.src.train.trainer:train:152 - DEBUG - Epoch 17 Summary:
2025-04-17 14:09:13,542 - richard.src.train.trainer:train:153 - DEBUG -   Train Loss: 0.0127, Train Dice: 0.6918
2025-04-17 14:09:13,543 - richard.src.train.trainer:train:156 - DEBUG -   Raw Train Losses: {Focal: 0.0127}
2025-04-17 14:09:13,543 - richard.src.train.trainer:train:158 - DEBUG -     Val Loss: 0.0154,   Val Dice: 0.6639
2025-04-17 14:09:13,543 - richard.src.train.trainer:train:161 - DEBUG -   Raw Val Losses: {Focal: 0.0154}
2025-04-17 14:09:13,543 - richard.src.train.trainer:train:163 - DEBUG - Best Val Loss So Far: 0.0143, Best Val Dice So Far: 0.6787
2025-04-17 14:09:33,520 - richard.src.train.trainer:train:132 - DEBUG - Epoch 18: No improvement in val_dice for 2 epoch(s). Patience: 15
2025-04-17 14:09:33,521 - richard.src.train.trainer:train:140 - DEBUG - Stepped ReduceLROnPlateau scheduler with val_dice: 0.6665
2025-04-17 14:09:33,521 - richard.src.train.trainer:train:146 - DEBUG - Epoch 18: Current learning rate: 1.00e-05
2025-04-17 14:09:33,522 - richard.src.train.trainer:save_checkpoint:409 - DEBUG - Epoch 18: Val Dice 0.6665 did not improve over best 0.6787
2025-04-17 14:09:33,522 - richard.src.train.trainer:train:152 - DEBUG - Epoch 18 Summary:
2025-04-17 14:09:33,522 - richard.src.train.trainer:train:153 - DEBUG -   Train Loss: 0.0124, Train Dice: 0.6980
2025-04-17 14:09:33,522 - richard.src.train.trainer:train:156 - DEBUG -   Raw Train Losses: {Focal: 0.0124}
2025-04-17 14:09:33,522 - richard.src.train.trainer:train:158 - DEBUG -     Val Loss: 0.0149,   Val Dice: 0.6665
2025-04-17 14:09:33,522 - richard.src.train.trainer:train:161 - DEBUG -   Raw Val Losses: {Focal: 0.0149}
2025-04-17 14:09:33,522 - richard.src.train.trainer:train:163 - DEBUG - Best Val Loss So Far: 0.0143, Best Val Dice So Far: 0.6787
2025-04-17 14:09:57,063 - richard.src.train.trainer:train:132 - DEBUG - Epoch 19: No improvement in val_dice for 3 epoch(s). Patience: 15
2025-04-17 14:09:57,064 - richard.src.train.trainer:train:140 - DEBUG - Stepped ReduceLROnPlateau scheduler with val_dice: 0.6758
2025-04-17 14:09:57,065 - richard.src.train.trainer:train:146 - DEBUG - Epoch 19: Current learning rate: 1.00e-05
2025-04-17 14:09:57,066 - richard.src.train.trainer:save_checkpoint:409 - DEBUG - Epoch 19: Val Dice 0.6758 did not improve over best 0.6787
2025-04-17 14:09:57,066 - richard.src.train.trainer:train:152 - DEBUG - Epoch 19 Summary:
2025-04-17 14:09:57,066 - richard.src.train.trainer:train:153 - DEBUG -   Train Loss: 0.0122, Train Dice: 0.7024
2025-04-17 14:09:57,067 - richard.src.train.trainer:train:156 - DEBUG -   Raw Train Losses: {Focal: 0.0122}
2025-04-17 14:09:57,067 - richard.src.train.trainer:train:158 - DEBUG -     Val Loss: 0.0147,   Val Dice: 0.6758
2025-04-17 14:09:57,067 - richard.src.train.trainer:train:161 - DEBUG -   Raw Val Losses: {Focal: 0.0147}
2025-04-17 14:09:57,067 - richard.src.train.trainer:train:163 - DEBUG - Best Val Loss So Far: 0.0143, Best Val Dice So Far: 0.6787
2025-04-17 14:10:15,297 - richard.src.train.trainer:train:132 - DEBUG - Epoch 20: No improvement in val_dice for 4 epoch(s). Patience: 15
2025-04-17 14:10:15,298 - richard.src.train.trainer:train:140 - DEBUG - Stepped ReduceLROnPlateau scheduler with val_dice: 0.6589
2025-04-17 14:10:15,298 - richard.src.train.trainer:train:146 - DEBUG - Epoch 20: Current learning rate: 1.00e-05
2025-04-17 14:10:15,298 - richard.src.train.trainer:save_checkpoint:409 - DEBUG - Epoch 20: Val Dice 0.6589 did not improve over best 0.6787
2025-04-17 14:10:15,298 - richard.src.train.trainer:train:152 - DEBUG - Epoch 20 Summary:
2025-04-17 14:10:15,298 - richard.src.train.trainer:train:153 - DEBUG -   Train Loss: 0.0122, Train Dice: 0.7013
2025-04-17 14:10:15,298 - richard.src.train.trainer:train:156 - DEBUG -   Raw Train Losses: {Focal: 0.0122}
2025-04-17 14:10:15,299 - richard.src.train.trainer:train:158 - DEBUG -     Val Loss: 0.0153,   Val Dice: 0.6589
2025-04-17 14:10:15,299 - richard.src.train.trainer:train:161 - DEBUG -   Raw Val Losses: {Focal: 0.0153}
2025-04-17 14:10:15,299 - richard.src.train.trainer:train:163 - DEBUG - Best Val Loss So Far: 0.0143, Best Val Dice So Far: 0.6787
2025-04-17 14:10:36,899 - richard.src.train.trainer:train:132 - DEBUG - Epoch 21: No improvement in val_dice for 5 epoch(s). Patience: 15
2025-04-17 14:10:36,899 - richard.src.train.trainer:train:140 - DEBUG - Stepped ReduceLROnPlateau scheduler with val_dice: 0.6527
2025-04-17 14:10:36,899 - richard.src.train.trainer:train:146 - DEBUG - Epoch 21: Current learning rate: 1.00e-05
2025-04-17 14:10:36,899 - richard.src.train.trainer:save_checkpoint:409 - DEBUG - Epoch 21: Val Dice 0.6527 did not improve over best 0.6787
2025-04-17 14:10:36,900 - richard.src.train.trainer:train:152 - DEBUG - Epoch 21 Summary:
2025-04-17 14:10:36,900 - richard.src.train.trainer:train:153 - DEBUG -   Train Loss: 0.0120, Train Dice: 0.7051
2025-04-17 14:10:36,900 - richard.src.train.trainer:train:156 - DEBUG -   Raw Train Losses: {Focal: 0.0120}
2025-04-17 14:10:36,900 - richard.src.train.trainer:train:158 - DEBUG -     Val Loss: 0.0152,   Val Dice: 0.6527
2025-04-17 14:10:36,900 - richard.src.train.trainer:train:161 - DEBUG -   Raw Val Losses: {Focal: 0.0152}
2025-04-17 14:10:36,900 - richard.src.train.trainer:train:163 - DEBUG - Best Val Loss So Far: 0.0143, Best Val Dice So Far: 0.6787
2025-04-17 14:11:05,871 - richard.src.train.trainer:train:132 - DEBUG - Epoch 22: No improvement in val_dice for 6 epoch(s). Patience: 15
2025-04-17 14:11:05,871 - richard.src.train.trainer:train:140 - DEBUG - Stepped ReduceLROnPlateau scheduler with val_dice: 0.6671
2025-04-17 14:11:05,871 - richard.src.train.trainer:train:146 - DEBUG - Epoch 22: Current learning rate: 2.00e-06
2025-04-17 14:11:05,871 - richard.src.train.trainer:save_checkpoint:409 - DEBUG - Epoch 22: Val Dice 0.6671 did not improve over best 0.6787
2025-04-17 14:11:05,935 - richard.src.train.trainer:train:152 - DEBUG - Epoch 22 Summary:
2025-04-17 14:11:05,936 - richard.src.train.trainer:train:153 - DEBUG -   Train Loss: 0.0120, Train Dice: 0.7059
2025-04-17 14:11:05,937 - richard.src.train.trainer:train:156 - DEBUG -   Raw Train Losses: {Focal: 0.0120}
2025-04-17 14:11:05,937 - richard.src.train.trainer:train:158 - DEBUG -     Val Loss: 0.0149,   Val Dice: 0.6671
2025-04-17 14:11:05,937 - richard.src.train.trainer:train:161 - DEBUG -   Raw Val Losses: {Focal: 0.0149}
2025-04-17 14:11:05,937 - richard.src.train.trainer:train:163 - DEBUG - Best Val Loss So Far: 0.0143, Best Val Dice So Far: 0.6787
2025-04-17 14:11:28,489 - richard.src.train.trainer:train:132 - DEBUG - Epoch 23: No improvement in val_dice for 7 epoch(s). Patience: 15
2025-04-17 14:11:28,489 - richard.src.train.trainer:train:140 - DEBUG - Stepped ReduceLROnPlateau scheduler with val_dice: 0.6755
2025-04-17 14:11:28,489 - richard.src.train.trainer:train:146 - DEBUG - Epoch 23: Current learning rate: 2.00e-06
2025-04-17 14:11:28,489 - richard.src.train.trainer:save_checkpoint:409 - DEBUG - Epoch 23: Val Dice 0.6755 did not improve over best 0.6787
2025-04-17 14:11:28,489 - richard.src.train.trainer:train:152 - DEBUG - Epoch 23 Summary:
2025-04-17 14:11:28,489 - richard.src.train.trainer:train:153 - DEBUG -   Train Loss: 0.0118, Train Dice: 0.7098
2025-04-17 14:11:28,490 - richard.src.train.trainer:train:156 - DEBUG -   Raw Train Losses: {Focal: 0.0118}
2025-04-17 14:11:28,490 - richard.src.train.trainer:train:158 - DEBUG -     Val Loss: 0.0146,   Val Dice: 0.6755
2025-04-17 14:11:28,490 - richard.src.train.trainer:train:161 - DEBUG -   Raw Val Losses: {Focal: 0.0146}
2025-04-17 14:11:28,490 - richard.src.train.trainer:train:163 - DEBUG - Best Val Loss So Far: 0.0143, Best Val Dice So Far: 0.6787
2025-04-17 14:11:50,236 - richard.src.train.trainer:train:132 - DEBUG - Epoch 24: No improvement in val_dice for 8 epoch(s). Patience: 15
2025-04-17 14:11:50,236 - richard.src.train.trainer:train:140 - DEBUG - Stepped ReduceLROnPlateau scheduler with val_dice: 0.6760
2025-04-17 14:11:50,236 - richard.src.train.trainer:train:146 - DEBUG - Epoch 24: Current learning rate: 2.00e-06
2025-04-17 14:11:50,236 - richard.src.train.trainer:save_checkpoint:409 - DEBUG - Epoch 24: Val Dice 0.6760 did not improve over best 0.6787
2025-04-17 14:11:50,236 - richard.src.train.trainer:train:152 - DEBUG - Epoch 24 Summary:
2025-04-17 14:11:50,236 - richard.src.train.trainer:train:153 - DEBUG -   Train Loss: 0.0117, Train Dice: 0.7110
2025-04-17 14:11:50,236 - richard.src.train.trainer:train:156 - DEBUG -   Raw Train Losses: {Focal: 0.0117}
2025-04-17 14:11:50,236 - richard.src.train.trainer:train:158 - DEBUG -     Val Loss: 0.0148,   Val Dice: 0.6760
2025-04-17 14:11:50,236 - richard.src.train.trainer:train:161 - DEBUG -   Raw Val Losses: {Focal: 0.0148}
2025-04-17 14:11:50,236 - richard.src.train.trainer:train:163 - DEBUG - Best Val Loss So Far: 0.0143, Best Val Dice So Far: 0.6787
2025-04-17 14:12:11,258 - richard.src.train.trainer:train:132 - DEBUG - Epoch 25: No improvement in val_dice for 9 epoch(s). Patience: 15
2025-04-17 14:12:11,258 - richard.src.train.trainer:train:140 - DEBUG - Stepped ReduceLROnPlateau scheduler with val_dice: 0.6726
2025-04-17 14:12:11,258 - richard.src.train.trainer:train:146 - DEBUG - Epoch 25: Current learning rate: 2.00e-06
2025-04-17 14:12:11,258 - richard.src.train.trainer:save_checkpoint:409 - DEBUG - Epoch 25: Val Dice 0.6726 did not improve over best 0.6787
2025-04-17 14:12:11,258 - richard.src.train.trainer:train:152 - DEBUG - Epoch 25 Summary:
2025-04-17 14:12:11,258 - richard.src.train.trainer:train:153 - DEBUG -   Train Loss: 0.0116, Train Dice: 0.7118
2025-04-17 14:12:11,258 - richard.src.train.trainer:train:156 - DEBUG -   Raw Train Losses: {Focal: 0.0116}
2025-04-17 14:12:11,258 - richard.src.train.trainer:train:158 - DEBUG -     Val Loss: 0.0149,   Val Dice: 0.6726
2025-04-17 14:12:11,258 - richard.src.train.trainer:train:161 - DEBUG -   Raw Val Losses: {Focal: 0.0149}
2025-04-17 14:12:11,258 - richard.src.train.trainer:train:163 - DEBUG - Best Val Loss So Far: 0.0143, Best Val Dice So Far: 0.6787
2025-04-17 14:12:31,526 - richard.src.train.trainer:train:132 - DEBUG - Epoch 26: No improvement in val_dice for 10 epoch(s). Patience: 15
2025-04-17 14:12:31,526 - richard.src.train.trainer:train:140 - DEBUG - Stepped ReduceLROnPlateau scheduler with val_dice: 0.6731
2025-04-17 14:12:31,526 - richard.src.train.trainer:train:146 - DEBUG - Epoch 26: Current learning rate: 2.00e-06
2025-04-17 14:12:31,526 - richard.src.train.trainer:save_checkpoint:409 - DEBUG - Epoch 26: Val Dice 0.6731 did not improve over best 0.6787
2025-04-17 14:12:31,526 - richard.src.train.trainer:train:152 - DEBUG - Epoch 26 Summary:
2025-04-17 14:12:31,526 - richard.src.train.trainer:train:153 - DEBUG -   Train Loss: 0.0116, Train Dice: 0.7127
2025-04-17 14:12:31,526 - richard.src.train.trainer:train:156 - DEBUG -   Raw Train Losses: {Focal: 0.0116}
2025-04-17 14:12:31,526 - richard.src.train.trainer:train:158 - DEBUG -     Val Loss: 0.0146,   Val Dice: 0.6731
2025-04-17 14:12:31,526 - richard.src.train.trainer:train:161 - DEBUG -   Raw Val Losses: {Focal: 0.0146}
2025-04-17 14:12:31,526 - richard.src.train.trainer:train:163 - DEBUG - Best Val Loss So Far: 0.0143, Best Val Dice So Far: 0.6787
2025-04-17 14:12:50,513 - richard.src.train.trainer:train:140 - DEBUG - Stepped ReduceLROnPlateau scheduler with val_dice: 0.6817
2025-04-17 14:12:50,513 - richard.src.train.trainer:train:146 - DEBUG - Epoch 27: Current learning rate: 2.00e-06
2025-04-17 14:12:52,483 - richard.src.train.trainer:save_checkpoint:395 - DEBUG - Saved new best checkpoint to /radraid2/dongwoolee/VNet_LungNoduleSeg/richard/checkpoints/best_checkpoint_epoch_27_25-04-17_14:02:37.pth with val Dice: 0.6817
2025-04-17 14:12:52,540 - richard.src.train.trainer:save_checkpoint:405 - DEBUG - Removed previous best checkpoint: /radraid2/dongwoolee/VNet_LungNoduleSeg/richard/checkpoints/best_checkpoint_epoch_16_25-04-17_14:02:37.pth
2025-04-17 14:12:52,541 - richard.src.train.trainer:train:152 - DEBUG - Epoch 27 Summary:
2025-04-17 14:12:52,542 - richard.src.train.trainer:train:153 - DEBUG -   Train Loss: 0.0116, Train Dice: 0.7136
2025-04-17 14:12:52,542 - richard.src.train.trainer:train:156 - DEBUG -   Raw Train Losses: {Focal: 0.0116}
2025-04-17 14:12:52,542 - richard.src.train.trainer:train:158 - DEBUG -     Val Loss: 0.0143,   Val Dice: 0.6817
2025-04-17 14:12:52,542 - richard.src.train.trainer:train:161 - DEBUG -   Raw Val Losses: {Focal: 0.0143}
2025-04-17 14:12:52,542 - richard.src.train.trainer:train:163 - DEBUG - Best Val Loss So Far: 0.0143, Best Val Dice So Far: 0.6817
2025-04-17 14:13:13,278 - richard.src.train.trainer:train:132 - DEBUG - Epoch 28: No improvement in val_dice for 1 epoch(s). Patience: 15
2025-04-17 14:13:13,278 - richard.src.train.trainer:train:140 - DEBUG - Stepped ReduceLROnPlateau scheduler with val_dice: 0.6784
2025-04-17 14:13:13,278 - richard.src.train.trainer:train:146 - DEBUG - Epoch 28: Current learning rate: 2.00e-06
2025-04-17 14:13:13,278 - richard.src.train.trainer:save_checkpoint:409 - DEBUG - Epoch 28: Val Dice 0.6784 did not improve over best 0.6817
2025-04-17 14:13:13,278 - richard.src.train.trainer:train:152 - DEBUG - Epoch 28 Summary:
2025-04-17 14:13:13,278 - richard.src.train.trainer:train:153 - DEBUG -   Train Loss: 0.0115, Train Dice: 0.7153
2025-04-17 14:13:13,279 - richard.src.train.trainer:train:156 - DEBUG -   Raw Train Losses: {Focal: 0.0115}
2025-04-17 14:13:13,279 - richard.src.train.trainer:train:158 - DEBUG -     Val Loss: 0.0144,   Val Dice: 0.6784
2025-04-17 14:13:13,279 - richard.src.train.trainer:train:161 - DEBUG -   Raw Val Losses: {Focal: 0.0144}
2025-04-17 14:13:13,279 - richard.src.train.trainer:train:163 - DEBUG - Best Val Loss So Far: 0.0143, Best Val Dice So Far: 0.6817
2025-04-17 14:13:33,827 - richard.src.train.trainer:train:132 - DEBUG - Epoch 29: No improvement in val_dice for 2 epoch(s). Patience: 15
2025-04-17 14:13:33,828 - richard.src.train.trainer:train:140 - DEBUG - Stepped ReduceLROnPlateau scheduler with val_dice: 0.6759
2025-04-17 14:13:33,828 - richard.src.train.trainer:train:146 - DEBUG - Epoch 29: Current learning rate: 2.00e-06
2025-04-17 14:13:33,828 - richard.src.train.trainer:save_checkpoint:409 - DEBUG - Epoch 29: Val Dice 0.6759 did not improve over best 0.6817
2025-04-17 14:13:33,828 - richard.src.train.trainer:train:152 - DEBUG - Epoch 29 Summary:
2025-04-17 14:13:33,828 - richard.src.train.trainer:train:153 - DEBUG -   Train Loss: 0.0116, Train Dice: 0.7136
2025-04-17 14:13:33,828 - richard.src.train.trainer:train:156 - DEBUG -   Raw Train Losses: {Focal: 0.0116}
2025-04-17 14:13:33,828 - richard.src.train.trainer:train:158 - DEBUG -     Val Loss: 0.0147,   Val Dice: 0.6759
2025-04-17 14:13:33,828 - richard.src.train.trainer:train:161 - DEBUG -   Raw Val Losses: {Focal: 0.0147}
2025-04-17 14:13:33,829 - richard.src.train.trainer:train:163 - DEBUG - Best Val Loss So Far: 0.0143, Best Val Dice So Far: 0.6817
2025-04-17 14:13:56,970 - richard.src.train.trainer:train:132 - DEBUG - Epoch 30: No improvement in val_dice for 3 epoch(s). Patience: 15
2025-04-17 14:13:56,970 - richard.src.train.trainer:train:140 - DEBUG - Stepped ReduceLROnPlateau scheduler with val_dice: 0.6771
2025-04-17 14:13:56,970 - richard.src.train.trainer:train:146 - DEBUG - Epoch 30: Current learning rate: 2.00e-06
2025-04-17 14:13:56,970 - richard.src.train.trainer:save_checkpoint:409 - DEBUG - Epoch 30: Val Dice 0.6771 did not improve over best 0.6817
2025-04-17 14:13:56,970 - richard.src.train.trainer:train:152 - DEBUG - Epoch 30 Summary:
2025-04-17 14:13:56,970 - richard.src.train.trainer:train:153 - DEBUG -   Train Loss: 0.0116, Train Dice: 0.7164
2025-04-17 14:13:56,970 - richard.src.train.trainer:train:156 - DEBUG -   Raw Train Losses: {Focal: 0.0116}
2025-04-17 14:13:56,970 - richard.src.train.trainer:train:158 - DEBUG -     Val Loss: 0.0147,   Val Dice: 0.6771
2025-04-17 14:13:56,971 - richard.src.train.trainer:train:161 - DEBUG -   Raw Val Losses: {Focal: 0.0147}
2025-04-17 14:13:56,971 - richard.src.train.trainer:train:163 - DEBUG - Best Val Loss So Far: 0.0143, Best Val Dice So Far: 0.6817
2025-04-17 14:13:58,431 - richard.src.train.trainer:train:210 - INFO - Saved final checkpoint to /radraid2/dongwoolee/VNet_LungNoduleSeg/richard/checkpoints/final_checkpoint_25-04-17_14:02:37.pth
2025-04-17 14:13:58,431 - root:train:146 - INFO - Training finished.
