2025-04-24 00:08:15,789 - root:setup_logging:143 - INFO - File logging (DEBUG level) activated: /radraid2/dongwoolee/VNet_LungNoduleSeg/richard/logs/train_25-04-24_00:08:15.log
2025-04-24 00:08:15,790 - root:setup_logging:149 - INFO - Console logging level set to: INFO
2025-04-24 00:08:15,790 - root:setup_logging:151 - INFO - File logging level set to: DEBUG
2025-04-24 00:08:15,790 - root:<module>:239 - INFO - Start time: 25-04-24_00:08:15
2025-04-24 00:08:15,790 - root:<module>:240 - INFO - This is a finetune script.
2025-04-24 00:08:15,805 - richard.src.utils.utils:_load_and_merge_yaml_configs:290 - INFO - Decorator loaded base config from: richard/config/finetune.yaml
2025-04-24 00:08:15,815 - richard.src.utils.utils:_load_and_merge_yaml_configs:307 - INFO - Decorator loaded config for 'model' from: richard/config/model/vnet.yaml
2025-04-24 00:08:15,822 - richard.src.utils.utils:_load_and_merge_yaml_configs:307 - INFO - Decorator loaded config for 'dataset' from: richard/config/dataset/splits_2d.yaml
2025-04-24 00:08:15,827 - richard.src.utils.utils:_load_and_merge_yaml_configs:307 - INFO - Decorator loaded config for 'dataloader' from: richard/config/dataloader/dataloader.yaml
2025-04-24 00:08:15,829 - richard.src.utils.utils:_load_and_merge_yaml_configs:307 - INFO - Decorator loaded config for 'optimizer' from: richard/config/optimizer/AdamW.yaml
2025-04-24 00:08:15,833 - richard.src.utils.utils:_load_and_merge_yaml_configs:307 - INFO - Decorator loaded config for 'scheduler' from: richard/config/scheduler/ReduceLROnPlateau.yaml
2025-04-24 00:08:15,833 - richard.src.utils.utils:wrapper:364 - INFO - Decorator successfully loaded and merged configurations.
2025-04-24 00:08:15,834 - richard.src.utils.utils:wrapper:372 - INFO - Decorator injecting loaded 'cfg' into function call.
2025-04-24 00:08:15,834 - richard.src.utils.utils:wrapper:382 - DEBUG - Decorator injected 'cfg' into function call:
 {
  "model": {
    "name": "VNet2D",
    "in_channels": 1,
    "out_channels": 1,
    "conv_kernel_size": 5,
    "conv_stride": 1,
    "conv_padding": 2,
    "conv_bn": true,
    "conv_activation_fn": null,
    "sampling_conv_kernel_size": 2,
    "sampling_conv_stride": 2,
    "sampling_conv_padding": 0,
    "sampling_conv_bn": true,
    "sampling_conv_activation_fn": null,
    "dropout_rate": 0.3
  },
  "dataset": {
    "train": {
      "image_dir": "/radraid2/dongwoolee/VNet_LungNoduleSeg/richard/data/splits/train/images_2D_0axis/",
      "mask_dir": "/radraid2/dongwoolee/VNet_LungNoduleSeg/richard/data/splits/train/masks_2D_0axis/",
      "augment": true,
      "normalize": true,
      "mean": [
        -493.0376
      ],
      "std": [
        443.1897
      ]
    },
    "val": {
      "image_dir": "/radraid2/dongwoolee/VNet_LungNoduleSeg/richard/data/splits/val/images_2D_0axis/",
      "mask_dir": "/radraid2/dongwoolee/VNet_LungNoduleSeg/richard/data/splits/val/masks_2D_0axis/",
      "augment": false,
      "normalize": true,
      "mean": [
        -493.0376
      ],
      "std": [
        443.1897
      ]
    }
  },
  "dataloader": {
    "train": {
      "batch_size": 16,
      "shuffle": true,
      "num_workers": 8
    },
    "val": {
      "batch_size": 16,
      "shuffle": false,
      "num_workers": 8
    },
    "test": {
      "batch_size": 16,
      "shuffle": false,
      "num_workers": 8
    }
  },
  "optimizer": {
    "name": "AdamW",
    "lr": 1e-05,
    "weight_decay": 0.01
  },
  "scheduler": {
    "name": "ReduceLROnPlateau",
    "factor": 0.2,
    "mode": "max",
    "patience": 5,
    "min_lr": 1e-06
  },
  "criterion": {
    "Dice": {
      "name": "DiceLoss",
      "weight": 1.0
    }
  },
  "training": {
    "num_epochs": 30,
    "batch_size": 16,
    "early_stopping_patience": 15,
    "early_stopping_min_delta": 0.0005
  },
  "checkpoint": {
    "path": "/radraid2/dongwoolee/VNet_LungNoduleSeg/richard/checkpoints/final_checkpoint_25-04-17_13:58:47.pth",
    "freeze_config": {
      "freeze": true,
      "config": {
        "init_conv": true,
        "downsample_block_1": true,
        "downsample_block_2": true,
        "downsample_block_3": true,
        "downsample_block_4": true,
        "upsample_block_1": true,
        "upsample_block_2": true,
        "upsample_block_3": true,
        "upsample_block_4": true,
        "final_conv": false
      }
    }
  }
}
2025-04-24 00:08:15,935 - root:train:29 - INFO - Using device: cuda
2025-04-24 00:08:15,935 - root:train:32 - INFO - Train function received config keys: ['model', 'dataset', 'dataloader', 'optimizer', 'scheduler', 'criterion', 'training', 'checkpoint']
2025-04-24 00:08:15,937 - root:train:36 - DEBUG - Created deep copy of config for instantiation.
2025-04-24 00:08:16,592 - root:train:53 - INFO - Loaded train dataset with 21340 samples.
2025-04-24 00:08:16,593 - root:train:54 - INFO - Loaded validation dataset with 15181 samples.
2025-04-24 00:08:16,594 - root:train:58 - INFO - Created DataLoaders.
2025-04-24 00:08:17,186 - root:train:73 - INFO - Initialized model: VNet2D
2025-04-24 00:08:17,721 - root:train:91 - INFO - Loaded model state_dict from checkpoint: /radraid2/dongwoolee/VNet_LungNoduleSeg/richard/checkpoints/final_checkpoint_25-04-17_13:58:47.pth
2025-04-24 00:08:17,722 - root:train:93 - DEBUG - Original Model Training Config: {
  "model": {
    "in_channels": 1,
    "out_channels": 1,
    "conv_kernel_size": 5,
    "conv_stride": 1,
    "conv_padding": 2,
    "conv_bn": true,
    "conv_activation_fn": null,
    "sampling_conv_kernel_size": 2,
    "sampling_conv_stride": 2,
    "sampling_conv_padding": 0,
    "sampling_conv_bn": true,
    "sampling_conv_activation_fn": null,
    "dropout_rate": 0.3
  },
  "dataset": {
    "train": {
      "image_dir": "/radraid2/dongwoolee/VNet_LungNoduleSeg/richard/data/LUNA16/train/images_2D_0axis/",
      "mask_dir": "/radraid2/dongwoolee/VNet_LungNoduleSeg/richard/data/LUNA16/train/masks_2D_0axis/",
      "augment": true,
      "normalize": true,
      "mean": [
        -593.997
      ],
      "std": [
        417.0208
      ]
    },
    "val": {
      "image_dir": "/radraid2/dongwoolee/VNet_LungNoduleSeg/richard/data/splits/val/images_2D_0axis/",
      "mask_dir": "/radraid2/dongwoolee/VNet_LungNoduleSeg/richard/data/splits/val/masks_2D_0axis/",
      "augment": false,
      "normalize": true,
      "mean": [
        -593.997
      ],
      "std": [
        417.0208
      ]
    }
  },
  "dataloader": {
    "train": {
      "batch_size": 16,
      "shuffle": true,
      "num_workers": 8
    },
    "val": {
      "batch_size": 16,
      "shuffle": false,
      "num_workers": 8
    },
    "test": {
      "batch_size": 16,
      "shuffle": false,
      "num_workers": 8
    }
  },
  "optimizer": {
    "lr": 0.0001,
    "weight_decay": 0.01
  },
  "scheduler": {
    "factor": 0.2,
    "mode": "max",
    "patience": 5,
    "min_lr": 1e-06
  },
  "criterion": {
    "Dice": {
      "name": "DiceLoss",
      "weight": 1.0
    }
  },
  "training": {
    "num_epochs": 30,
    "batch_size": 16,
    "early_stopping_patience": 15,
    "early_stopping_min_delta": 0.0005
  }
}
2025-04-24 00:08:17,723 - root:train:125 - INFO - Frozen parameters based on freeze_config: ['init_conv.conv1.weight', 'init_conv.conv1.bias', 'init_conv.bn1.weight', 'init_conv.bn1.bias', 'downsample_block_1.downsample.conv1.weight', 'downsample_block_1.downsample.conv1.bias', 'downsample_block_1.downsample.bn1.weight', 'downsample_block_1.downsample.bn1.bias', 'downsample_block_1.downsample.activation_fn.weight', 'downsample_block_1.conv_blocks.0.conv1.weight', 'downsample_block_1.conv_blocks.0.conv1.bias', 'downsample_block_1.conv_blocks.0.bn1.weight', 'downsample_block_1.conv_blocks.0.bn1.bias', 'downsample_block_1.conv_blocks.1.conv1.weight', 'downsample_block_1.conv_blocks.1.conv1.bias', 'downsample_block_1.conv_blocks.1.bn1.weight', 'downsample_block_1.conv_blocks.1.bn1.bias', 'downsample_block_2.downsample.conv1.weight', 'downsample_block_2.downsample.conv1.bias', 'downsample_block_2.downsample.bn1.weight', 'downsample_block_2.downsample.bn1.bias', 'downsample_block_2.downsample.activation_fn.weight', 'downsample_block_2.conv_blocks.0.conv1.weight', 'downsample_block_2.conv_blocks.0.conv1.bias', 'downsample_block_2.conv_blocks.0.bn1.weight', 'downsample_block_2.conv_blocks.0.bn1.bias', 'downsample_block_2.conv_blocks.1.conv1.weight', 'downsample_block_2.conv_blocks.1.conv1.bias', 'downsample_block_2.conv_blocks.1.bn1.weight', 'downsample_block_2.conv_blocks.1.bn1.bias', 'downsample_block_2.conv_blocks.2.conv1.weight', 'downsample_block_2.conv_blocks.2.conv1.bias', 'downsample_block_2.conv_blocks.2.bn1.weight', 'downsample_block_2.conv_blocks.2.bn1.bias', 'downsample_block_3.downsample.conv1.weight', 'downsample_block_3.downsample.conv1.bias', 'downsample_block_3.downsample.bn1.weight', 'downsample_block_3.downsample.bn1.bias', 'downsample_block_3.downsample.activation_fn.weight', 'downsample_block_3.conv_blocks.0.conv1.weight', 'downsample_block_3.conv_blocks.0.conv1.bias', 'downsample_block_3.conv_blocks.0.bn1.weight', 'downsample_block_3.conv_blocks.0.bn1.bias', 'downsample_block_3.conv_blocks.1.conv1.weight', 'downsample_block_3.conv_blocks.1.conv1.bias', 'downsample_block_3.conv_blocks.1.bn1.weight', 'downsample_block_3.conv_blocks.1.bn1.bias', 'downsample_block_3.conv_blocks.2.conv1.weight', 'downsample_block_3.conv_blocks.2.conv1.bias', 'downsample_block_3.conv_blocks.2.bn1.weight', 'downsample_block_3.conv_blocks.2.bn1.bias', 'downsample_block_4.downsample.conv1.weight', 'downsample_block_4.downsample.conv1.bias', 'downsample_block_4.downsample.bn1.weight', 'downsample_block_4.downsample.bn1.bias', 'downsample_block_4.downsample.activation_fn.weight', 'downsample_block_4.conv_blocks.0.conv1.weight', 'downsample_block_4.conv_blocks.0.conv1.bias', 'downsample_block_4.conv_blocks.0.bn1.weight', 'downsample_block_4.conv_blocks.0.bn1.bias', 'downsample_block_4.conv_blocks.1.conv1.weight', 'downsample_block_4.conv_blocks.1.conv1.bias', 'downsample_block_4.conv_blocks.1.bn1.weight', 'downsample_block_4.conv_blocks.1.bn1.bias', 'downsample_block_4.conv_blocks.2.conv1.weight', 'downsample_block_4.conv_blocks.2.conv1.bias', 'downsample_block_4.conv_blocks.2.bn1.weight', 'downsample_block_4.conv_blocks.2.bn1.bias', 'upsample_block_1.upsample.deconv1.weight', 'upsample_block_1.upsample.deconv1.bias', 'upsample_block_1.upsample.bn1.weight', 'upsample_block_1.upsample.bn1.bias', 'upsample_block_1.upsample.activation_fn.weight', 'upsample_block_1.conv_blocks.0.conv1.weight', 'upsample_block_1.conv_blocks.0.conv1.bias', 'upsample_block_1.conv_blocks.0.bn1.weight', 'upsample_block_1.conv_blocks.0.bn1.bias', 'upsample_block_1.conv_blocks.1.conv1.weight', 'upsample_block_1.conv_blocks.1.conv1.bias', 'upsample_block_1.conv_blocks.1.bn1.weight', 'upsample_block_1.conv_blocks.1.bn1.bias', 'upsample_block_1.conv_blocks.2.conv1.weight', 'upsample_block_1.conv_blocks.2.conv1.bias', 'upsample_block_1.conv_blocks.2.bn1.weight', 'upsample_block_1.conv_blocks.2.bn1.bias', 'upsample_block_2.upsample.deconv1.weight', 'upsample_block_2.upsample.deconv1.bias', 'upsample_block_2.upsample.bn1.weight', 'upsample_block_2.upsample.bn1.bias', 'upsample_block_2.upsample.activation_fn.weight', 'upsample_block_2.conv_blocks.0.conv1.weight', 'upsample_block_2.conv_blocks.0.conv1.bias', 'upsample_block_2.conv_blocks.0.bn1.weight', 'upsample_block_2.conv_blocks.0.bn1.bias', 'upsample_block_2.conv_blocks.1.conv1.weight', 'upsample_block_2.conv_blocks.1.conv1.bias', 'upsample_block_2.conv_blocks.1.bn1.weight', 'upsample_block_2.conv_blocks.1.bn1.bias', 'upsample_block_2.conv_blocks.2.conv1.weight', 'upsample_block_2.conv_blocks.2.conv1.bias', 'upsample_block_2.conv_blocks.2.bn1.weight', 'upsample_block_2.conv_blocks.2.bn1.bias', 'upsample_block_3.upsample.deconv1.weight', 'upsample_block_3.upsample.deconv1.bias', 'upsample_block_3.upsample.bn1.weight', 'upsample_block_3.upsample.bn1.bias', 'upsample_block_3.upsample.activation_fn.weight', 'upsample_block_3.conv_blocks.0.conv1.weight', 'upsample_block_3.conv_blocks.0.conv1.bias', 'upsample_block_3.conv_blocks.0.bn1.weight', 'upsample_block_3.conv_blocks.0.bn1.bias', 'upsample_block_3.conv_blocks.1.conv1.weight', 'upsample_block_3.conv_blocks.1.conv1.bias', 'upsample_block_3.conv_blocks.1.bn1.weight', 'upsample_block_3.conv_blocks.1.bn1.bias', 'upsample_block_4.upsample.deconv1.weight', 'upsample_block_4.upsample.deconv1.bias', 'upsample_block_4.upsample.bn1.weight', 'upsample_block_4.upsample.bn1.bias', 'upsample_block_4.upsample.activation_fn.weight', 'upsample_block_4.conv_blocks.0.conv1.weight', 'upsample_block_4.conv_blocks.0.conv1.bias', 'upsample_block_4.conv_blocks.0.bn1.weight', 'upsample_block_4.conv_blocks.0.bn1.bias']
2025-04-24 00:08:17,724 - root:train:148 - INFO - Initialized AdamW optimizer with params: {'lr': 1e-05, 'weight_decay': 0.01}
2025-04-24 00:08:17,724 - root:train:171 - INFO - Initialized ReduceLROnPlateau scheduler with params: {'factor': 0.2, 'mode': 'max', 'patience': 5, 'min_lr': 1e-06}
2025-04-24 00:08:17,725 - richard.src.utils.loss:__init__:202 - INFO - Initialized loss component 'Dice' (DiceLoss) with effective params: {}
2025-04-24 00:08:17,725 - richard.src.utils.loss:__init__:231 - INFO - Final combined loss weights: {'Dice': 1.0}
2025-04-24 00:08:17,725 - root:train:188 - INFO - Initialized CombinedLoss criterion.
2025-04-24 00:08:17,725 - richard.src.train.trainer:__init__:39 - INFO - Trainer initialized with optimizer: AdamW
2025-04-24 00:08:17,725 - richard.src.train.trainer:__init__:45 - INFO - Trainer initialized with scheduler: ReduceLROnPlateau
2025-04-24 00:08:17,725 - richard.src.train.trainer:__init__:53 - INFO - Trainer initialized with criterion: CombinedLoss
2025-04-24 00:08:17,725 - richard.src.train.trainer:__init__:97 - INFO - Early stopping enabled with patience: 15, min_delta: 0.0005
2025-04-24 00:08:17,726 - richard.src.train.trainer:__init__:107 - DEBUG - Initialized raw loss tracking for components: ['Dice']
2025-04-24 00:08:17,726 - root:train:209 - INFO - Starting training for 30 epochs...
2025-04-24 00:08:48,398 - richard.src.train.trainer:train:140 - DEBUG - Stepped ReduceLROnPlateau scheduler with val_dice: 0.2082
2025-04-24 00:08:48,399 - richard.src.train.trainer:train:146 - DEBUG - Epoch 1: Current learning rate: 1.00e-05
2025-04-24 00:08:48,918 - richard.src.train.trainer:save_checkpoint:395 - DEBUG - Saved new best checkpoint to /radraid2/dongwoolee/VNet_LungNoduleSeg/richard/checkpoints/best_checkpoint_25-04-24_00:08:15_epoch_1.pth with val Dice: 0.2082
2025-04-24 00:08:48,920 - richard.src.train.trainer:train:152 - DEBUG - Epoch 1 Summary:
2025-04-24 00:08:48,921 - richard.src.train.trainer:train:153 - DEBUG -   Train Loss: 0.8465, Train Dice: 0.1538
2025-04-24 00:08:48,922 - richard.src.train.trainer:train:156 - DEBUG -   Raw Train Losses: {Dice: 0.8465}
2025-04-24 00:08:48,922 - richard.src.train.trainer:train:158 - DEBUG -     Val Loss: 0.7918,   Val Dice: 0.2082
2025-04-24 00:08:48,922 - richard.src.train.trainer:train:161 - DEBUG -   Raw Val Losses: {Dice: 0.7918}
2025-04-24 00:08:48,922 - richard.src.train.trainer:train:163 - DEBUG - Best Val Loss So Far: inf, Best Val Dice So Far: 0.2082
2025-04-24 00:09:19,362 - richard.src.train.trainer:train:140 - DEBUG - Stepped ReduceLROnPlateau scheduler with val_dice: 0.2091
2025-04-24 00:09:19,365 - richard.src.train.trainer:train:146 - DEBUG - Epoch 2: Current learning rate: 1.00e-05
2025-04-24 00:09:19,915 - richard.src.train.trainer:save_checkpoint:395 - DEBUG - Saved new best checkpoint to /radraid2/dongwoolee/VNet_LungNoduleSeg/richard/checkpoints/best_checkpoint_25-04-24_00:08:15_epoch_2.pth with val Dice: 0.2091
2025-04-24 00:09:19,950 - richard.src.train.trainer:save_checkpoint:405 - DEBUG - Removed previous best checkpoint: /radraid2/dongwoolee/VNet_LungNoduleSeg/richard/checkpoints/best_checkpoint_25-04-24_00:08:15_epoch_1.pth
2025-04-24 00:09:19,952 - richard.src.train.trainer:train:152 - DEBUG - Epoch 2 Summary:
2025-04-24 00:09:19,952 - richard.src.train.trainer:train:153 - DEBUG -   Train Loss: 0.8448, Train Dice: 0.1554
2025-04-24 00:09:19,952 - richard.src.train.trainer:train:156 - DEBUG -   Raw Train Losses: {Dice: 0.8448}
2025-04-24 00:09:19,952 - richard.src.train.trainer:train:158 - DEBUG -     Val Loss: 0.7909,   Val Dice: 0.2091
2025-04-24 00:09:19,953 - richard.src.train.trainer:train:161 - DEBUG -   Raw Val Losses: {Dice: 0.7909}
2025-04-24 00:09:19,953 - richard.src.train.trainer:train:163 - DEBUG - Best Val Loss So Far: 0.7918, Best Val Dice So Far: 0.2091
2025-04-24 00:09:52,463 - richard.src.train.trainer:train:132 - DEBUG - Epoch 3: No improvement in val_dice for 1 epoch(s). Patience: 15
2025-04-24 00:09:52,463 - richard.src.train.trainer:train:140 - DEBUG - Stepped ReduceLROnPlateau scheduler with val_dice: 0.2091
2025-04-24 00:09:52,463 - richard.src.train.trainer:train:146 - DEBUG - Epoch 3: Current learning rate: 1.00e-05
2025-04-24 00:09:52,463 - richard.src.train.trainer:save_checkpoint:409 - DEBUG - Epoch 3: Val Dice 0.2091 did not improve over best 0.2091
2025-04-24 00:09:52,463 - richard.src.train.trainer:train:152 - DEBUG - Epoch 3 Summary:
2025-04-24 00:09:52,463 - richard.src.train.trainer:train:153 - DEBUG -   Train Loss: 0.8450, Train Dice: 0.1552
2025-04-24 00:09:52,463 - richard.src.train.trainer:train:156 - DEBUG -   Raw Train Losses: {Dice: 0.8450}
2025-04-24 00:09:52,463 - richard.src.train.trainer:train:158 - DEBUG -     Val Loss: 0.7909,   Val Dice: 0.2091
2025-04-24 00:09:52,464 - richard.src.train.trainer:train:161 - DEBUG -   Raw Val Losses: {Dice: 0.7909}
2025-04-24 00:09:52,465 - richard.src.train.trainer:train:163 - DEBUG - Best Val Loss So Far: 0.7909, Best Val Dice So Far: 0.2091
2025-04-24 00:10:25,190 - richard.src.train.trainer:train:132 - DEBUG - Epoch 4: No improvement in val_dice for 2 epoch(s). Patience: 15
2025-04-24 00:10:25,190 - richard.src.train.trainer:train:140 - DEBUG - Stepped ReduceLROnPlateau scheduler with val_dice: 0.2079
2025-04-24 00:10:25,190 - richard.src.train.trainer:train:146 - DEBUG - Epoch 4: Current learning rate: 1.00e-05
2025-04-24 00:10:25,190 - richard.src.train.trainer:save_checkpoint:409 - DEBUG - Epoch 4: Val Dice 0.2079 did not improve over best 0.2091
2025-04-24 00:10:25,190 - richard.src.train.trainer:train:152 - DEBUG - Epoch 4 Summary:
2025-04-24 00:10:25,190 - richard.src.train.trainer:train:153 - DEBUG -   Train Loss: 0.8443, Train Dice: 0.1558
2025-04-24 00:10:25,190 - richard.src.train.trainer:train:156 - DEBUG -   Raw Train Losses: {Dice: 0.8443}
2025-04-24 00:10:25,190 - richard.src.train.trainer:train:158 - DEBUG -     Val Loss: 0.7921,   Val Dice: 0.2079
2025-04-24 00:10:25,190 - richard.src.train.trainer:train:161 - DEBUG -   Raw Val Losses: {Dice: 0.7921}
2025-04-24 00:10:25,190 - richard.src.train.trainer:train:163 - DEBUG - Best Val Loss So Far: 0.7909, Best Val Dice So Far: 0.2091
2025-04-24 00:10:55,337 - richard.src.train.trainer:train:132 - DEBUG - Epoch 5: No improvement in val_dice for 3 epoch(s). Patience: 15
2025-04-24 00:10:55,337 - richard.src.train.trainer:train:140 - DEBUG - Stepped ReduceLROnPlateau scheduler with val_dice: 0.2083
2025-04-24 00:10:55,337 - richard.src.train.trainer:train:146 - DEBUG - Epoch 5: Current learning rate: 1.00e-05
2025-04-24 00:10:55,337 - richard.src.train.trainer:save_checkpoint:409 - DEBUG - Epoch 5: Val Dice 0.2083 did not improve over best 0.2091
2025-04-24 00:10:55,337 - richard.src.train.trainer:train:152 - DEBUG - Epoch 5 Summary:
2025-04-24 00:10:55,337 - richard.src.train.trainer:train:153 - DEBUG -   Train Loss: 0.8417, Train Dice: 0.1583
2025-04-24 00:10:55,338 - richard.src.train.trainer:train:156 - DEBUG -   Raw Train Losses: {Dice: 0.8417}
2025-04-24 00:10:55,338 - richard.src.train.trainer:train:158 - DEBUG -     Val Loss: 0.7916,   Val Dice: 0.2083
2025-04-24 00:10:55,338 - richard.src.train.trainer:train:161 - DEBUG -   Raw Val Losses: {Dice: 0.7916}
2025-04-24 00:10:55,338 - richard.src.train.trainer:train:163 - DEBUG - Best Val Loss So Far: 0.7909, Best Val Dice So Far: 0.2091
2025-04-24 00:11:26,725 - richard.src.train.trainer:train:140 - DEBUG - Stepped ReduceLROnPlateau scheduler with val_dice: 0.2116
2025-04-24 00:11:26,725 - richard.src.train.trainer:train:146 - DEBUG - Epoch 6: Current learning rate: 1.00e-05
2025-04-24 00:11:27,227 - richard.src.train.trainer:save_checkpoint:395 - DEBUG - Saved new best checkpoint to /radraid2/dongwoolee/VNet_LungNoduleSeg/richard/checkpoints/best_checkpoint_25-04-24_00:08:15_epoch_6.pth with val Dice: 0.2116
2025-04-24 00:11:27,262 - richard.src.train.trainer:save_checkpoint:405 - DEBUG - Removed previous best checkpoint: /radraid2/dongwoolee/VNet_LungNoduleSeg/richard/checkpoints/best_checkpoint_25-04-24_00:08:15_epoch_2.pth
2025-04-24 00:11:27,263 - richard.src.train.trainer:train:152 - DEBUG - Epoch 6 Summary:
2025-04-24 00:11:27,263 - richard.src.train.trainer:train:153 - DEBUG -   Train Loss: 0.8415, Train Dice: 0.1585
2025-04-24 00:11:27,263 - richard.src.train.trainer:train:156 - DEBUG -   Raw Train Losses: {Dice: 0.8415}
2025-04-24 00:11:27,263 - richard.src.train.trainer:train:158 - DEBUG -     Val Loss: 0.7882,   Val Dice: 0.2116
2025-04-24 00:11:27,264 - richard.src.train.trainer:train:161 - DEBUG -   Raw Val Losses: {Dice: 0.7882}
2025-04-24 00:11:27,264 - richard.src.train.trainer:train:163 - DEBUG - Best Val Loss So Far: 0.7909, Best Val Dice So Far: 0.2116
2025-04-24 00:11:55,831 - richard.src.train.trainer:train:140 - DEBUG - Stepped ReduceLROnPlateau scheduler with val_dice: 0.2145
2025-04-24 00:11:55,832 - richard.src.train.trainer:train:146 - DEBUG - Epoch 7: Current learning rate: 1.00e-05
2025-04-24 00:11:56,332 - richard.src.train.trainer:save_checkpoint:395 - DEBUG - Saved new best checkpoint to /radraid2/dongwoolee/VNet_LungNoduleSeg/richard/checkpoints/best_checkpoint_25-04-24_00:08:15_epoch_7.pth with val Dice: 0.2145
2025-04-24 00:11:56,367 - richard.src.train.trainer:save_checkpoint:405 - DEBUG - Removed previous best checkpoint: /radraid2/dongwoolee/VNet_LungNoduleSeg/richard/checkpoints/best_checkpoint_25-04-24_00:08:15_epoch_6.pth
2025-04-24 00:11:56,367 - richard.src.train.trainer:train:152 - DEBUG - Epoch 7 Summary:
2025-04-24 00:11:56,368 - richard.src.train.trainer:train:153 - DEBUG -   Train Loss: 0.8402, Train Dice: 0.1597
2025-04-24 00:11:56,368 - richard.src.train.trainer:train:156 - DEBUG -   Raw Train Losses: {Dice: 0.8402}
2025-04-24 00:11:56,368 - richard.src.train.trainer:train:158 - DEBUG -     Val Loss: 0.7852,   Val Dice: 0.2145
2025-04-24 00:11:56,368 - richard.src.train.trainer:train:161 - DEBUG -   Raw Val Losses: {Dice: 0.7852}
2025-04-24 00:11:56,369 - richard.src.train.trainer:train:163 - DEBUG - Best Val Loss So Far: 0.7882, Best Val Dice So Far: 0.2145
2025-04-24 00:12:25,402 - richard.src.train.trainer:train:132 - DEBUG - Epoch 8: No improvement in val_dice for 1 epoch(s). Patience: 15
2025-04-24 00:12:25,402 - richard.src.train.trainer:train:140 - DEBUG - Stepped ReduceLROnPlateau scheduler with val_dice: 0.2100
2025-04-24 00:12:25,402 - richard.src.train.trainer:train:146 - DEBUG - Epoch 8: Current learning rate: 1.00e-05
2025-04-24 00:12:25,402 - richard.src.train.trainer:save_checkpoint:409 - DEBUG - Epoch 8: Val Dice 0.2100 did not improve over best 0.2145
2025-04-24 00:12:25,403 - richard.src.train.trainer:train:152 - DEBUG - Epoch 8 Summary:
2025-04-24 00:12:25,403 - richard.src.train.trainer:train:153 - DEBUG -   Train Loss: 0.8404, Train Dice: 0.1595
2025-04-24 00:12:25,403 - richard.src.train.trainer:train:156 - DEBUG -   Raw Train Losses: {Dice: 0.8404}
2025-04-24 00:12:25,403 - richard.src.train.trainer:train:158 - DEBUG -     Val Loss: 0.7897,   Val Dice: 0.2100
2025-04-24 00:12:25,403 - richard.src.train.trainer:train:161 - DEBUG -   Raw Val Losses: {Dice: 0.7897}
2025-04-24 00:12:25,403 - richard.src.train.trainer:train:163 - DEBUG - Best Val Loss So Far: 0.7852, Best Val Dice So Far: 0.2145
2025-04-24 00:12:57,089 - richard.src.train.trainer:train:132 - DEBUG - Epoch 9: No improvement in val_dice for 2 epoch(s). Patience: 15
2025-04-24 00:12:57,090 - richard.src.train.trainer:train:140 - DEBUG - Stepped ReduceLROnPlateau scheduler with val_dice: 0.2125
2025-04-24 00:12:57,090 - richard.src.train.trainer:train:146 - DEBUG - Epoch 9: Current learning rate: 1.00e-05
2025-04-24 00:12:57,090 - richard.src.train.trainer:save_checkpoint:409 - DEBUG - Epoch 9: Val Dice 0.2125 did not improve over best 0.2145
2025-04-24 00:12:57,090 - richard.src.train.trainer:train:152 - DEBUG - Epoch 9 Summary:
2025-04-24 00:12:57,090 - richard.src.train.trainer:train:153 - DEBUG -   Train Loss: 0.8378, Train Dice: 0.1620
2025-04-24 00:12:57,090 - richard.src.train.trainer:train:156 - DEBUG -   Raw Train Losses: {Dice: 0.8378}
2025-04-24 00:12:57,090 - richard.src.train.trainer:train:158 - DEBUG -     Val Loss: 0.7871,   Val Dice: 0.2125
2025-04-24 00:12:57,090 - richard.src.train.trainer:train:161 - DEBUG -   Raw Val Losses: {Dice: 0.7871}
2025-04-24 00:12:57,090 - richard.src.train.trainer:train:163 - DEBUG - Best Val Loss So Far: 0.7852, Best Val Dice So Far: 0.2145
2025-04-24 00:13:29,682 - richard.src.train.trainer:train:132 - DEBUG - Epoch 10: No improvement in val_dice for 3 epoch(s). Patience: 15
2025-04-24 00:13:29,683 - richard.src.train.trainer:train:140 - DEBUG - Stepped ReduceLROnPlateau scheduler with val_dice: 0.2103
2025-04-24 00:13:29,683 - richard.src.train.trainer:train:146 - DEBUG - Epoch 10: Current learning rate: 1.00e-05
2025-04-24 00:13:29,683 - richard.src.train.trainer:save_checkpoint:409 - DEBUG - Epoch 10: Val Dice 0.2103 did not improve over best 0.2145
2025-04-24 00:13:29,684 - richard.src.train.trainer:train:152 - DEBUG - Epoch 10 Summary:
2025-04-24 00:13:29,684 - richard.src.train.trainer:train:153 - DEBUG -   Train Loss: 0.8366, Train Dice: 0.1632
2025-04-24 00:13:29,684 - richard.src.train.trainer:train:156 - DEBUG -   Raw Train Losses: {Dice: 0.8366}
2025-04-24 00:13:29,684 - richard.src.train.trainer:train:158 - DEBUG -     Val Loss: 0.7891,   Val Dice: 0.2103
2025-04-24 00:13:29,684 - richard.src.train.trainer:train:161 - DEBUG -   Raw Val Losses: {Dice: 0.7891}
2025-04-24 00:13:29,684 - richard.src.train.trainer:train:163 - DEBUG - Best Val Loss So Far: 0.7852, Best Val Dice So Far: 0.2145
2025-04-24 00:14:00,361 - richard.src.train.trainer:train:140 - DEBUG - Stepped ReduceLROnPlateau scheduler with val_dice: 0.2171
2025-04-24 00:14:00,362 - richard.src.train.trainer:train:146 - DEBUG - Epoch 11: Current learning rate: 1.00e-05
2025-04-24 00:14:00,869 - richard.src.train.trainer:save_checkpoint:395 - DEBUG - Saved new best checkpoint to /radraid2/dongwoolee/VNet_LungNoduleSeg/richard/checkpoints/best_checkpoint_25-04-24_00:08:15_epoch_11.pth with val Dice: 0.2171
2025-04-24 00:14:00,906 - richard.src.train.trainer:save_checkpoint:405 - DEBUG - Removed previous best checkpoint: /radraid2/dongwoolee/VNet_LungNoduleSeg/richard/checkpoints/best_checkpoint_25-04-24_00:08:15_epoch_7.pth
2025-04-24 00:14:00,907 - richard.src.train.trainer:train:152 - DEBUG - Epoch 11 Summary:
2025-04-24 00:14:00,908 - richard.src.train.trainer:train:153 - DEBUG -   Train Loss: 0.8351, Train Dice: 0.1646
2025-04-24 00:14:00,908 - richard.src.train.trainer:train:156 - DEBUG -   Raw Train Losses: {Dice: 0.8351}
2025-04-24 00:14:00,908 - richard.src.train.trainer:train:158 - DEBUG -     Val Loss: 0.7821,   Val Dice: 0.2171
2025-04-24 00:14:00,908 - richard.src.train.trainer:train:161 - DEBUG -   Raw Val Losses: {Dice: 0.7821}
2025-04-24 00:14:00,908 - richard.src.train.trainer:train:163 - DEBUG - Best Val Loss So Far: 0.7852, Best Val Dice So Far: 0.2171
2025-04-24 00:14:29,422 - richard.src.train.trainer:train:132 - DEBUG - Epoch 12: No improvement in val_dice for 1 epoch(s). Patience: 15
2025-04-24 00:14:29,422 - richard.src.train.trainer:train:140 - DEBUG - Stepped ReduceLROnPlateau scheduler with val_dice: 0.2154
2025-04-24 00:14:29,422 - richard.src.train.trainer:train:146 - DEBUG - Epoch 12: Current learning rate: 1.00e-05
2025-04-24 00:14:29,422 - richard.src.train.trainer:save_checkpoint:409 - DEBUG - Epoch 12: Val Dice 0.2154 did not improve over best 0.2171
2025-04-24 00:14:29,422 - richard.src.train.trainer:train:152 - DEBUG - Epoch 12 Summary:
2025-04-24 00:14:29,423 - richard.src.train.trainer:train:153 - DEBUG -   Train Loss: 0.8355, Train Dice: 0.1643
2025-04-24 00:14:29,423 - richard.src.train.trainer:train:156 - DEBUG -   Raw Train Losses: {Dice: 0.8355}
2025-04-24 00:14:29,423 - richard.src.train.trainer:train:158 - DEBUG -     Val Loss: 0.7837,   Val Dice: 0.2154
2025-04-24 00:14:29,423 - richard.src.train.trainer:train:161 - DEBUG -   Raw Val Losses: {Dice: 0.7837}
2025-04-24 00:14:29,423 - richard.src.train.trainer:train:163 - DEBUG - Best Val Loss So Far: 0.7821, Best Val Dice So Far: 0.2171
2025-04-24 00:14:59,920 - richard.src.train.trainer:train:140 - DEBUG - Stepped ReduceLROnPlateau scheduler with val_dice: 0.2183
2025-04-24 00:14:59,920 - richard.src.train.trainer:train:146 - DEBUG - Epoch 13: Current learning rate: 1.00e-05
2025-04-24 00:15:00,451 - richard.src.train.trainer:save_checkpoint:395 - DEBUG - Saved new best checkpoint to /radraid2/dongwoolee/VNet_LungNoduleSeg/richard/checkpoints/best_checkpoint_25-04-24_00:08:15_epoch_13.pth with val Dice: 0.2183
2025-04-24 00:15:00,493 - richard.src.train.trainer:save_checkpoint:405 - DEBUG - Removed previous best checkpoint: /radraid2/dongwoolee/VNet_LungNoduleSeg/richard/checkpoints/best_checkpoint_25-04-24_00:08:15_epoch_11.pth
2025-04-24 00:15:00,494 - richard.src.train.trainer:train:152 - DEBUG - Epoch 13 Summary:
2025-04-24 00:15:00,495 - richard.src.train.trainer:train:153 - DEBUG -   Train Loss: 0.8343, Train Dice: 0.1655
2025-04-24 00:15:00,495 - richard.src.train.trainer:train:156 - DEBUG -   Raw Train Losses: {Dice: 0.8343}
2025-04-24 00:15:00,495 - richard.src.train.trainer:train:158 - DEBUG -     Val Loss: 0.7804,   Val Dice: 0.2183
2025-04-24 00:15:00,496 - richard.src.train.trainer:train:161 - DEBUG -   Raw Val Losses: {Dice: 0.7804}
2025-04-24 00:15:00,496 - richard.src.train.trainer:train:163 - DEBUG - Best Val Loss So Far: 0.7821, Best Val Dice So Far: 0.2183
2025-04-24 00:15:31,362 - richard.src.train.trainer:train:132 - DEBUG - Epoch 14: No improvement in val_dice for 1 epoch(s). Patience: 15
2025-04-24 00:15:31,362 - richard.src.train.trainer:train:140 - DEBUG - Stepped ReduceLROnPlateau scheduler with val_dice: 0.2171
2025-04-24 00:15:31,362 - richard.src.train.trainer:train:146 - DEBUG - Epoch 14: Current learning rate: 1.00e-05
2025-04-24 00:15:31,363 - richard.src.train.trainer:save_checkpoint:409 - DEBUG - Epoch 14: Val Dice 0.2171 did not improve over best 0.2183
2025-04-24 00:15:31,363 - richard.src.train.trainer:train:152 - DEBUG - Epoch 14 Summary:
2025-04-24 00:15:31,363 - richard.src.train.trainer:train:153 - DEBUG -   Train Loss: 0.8314, Train Dice: 0.1683
2025-04-24 00:15:31,363 - richard.src.train.trainer:train:156 - DEBUG -   Raw Train Losses: {Dice: 0.8314}
2025-04-24 00:15:31,363 - richard.src.train.trainer:train:158 - DEBUG -     Val Loss: 0.7815,   Val Dice: 0.2171
2025-04-24 00:15:31,363 - richard.src.train.trainer:train:161 - DEBUG -   Raw Val Losses: {Dice: 0.7815}
2025-04-24 00:15:31,363 - richard.src.train.trainer:train:163 - DEBUG - Best Val Loss So Far: 0.7804, Best Val Dice So Far: 0.2183
2025-04-24 00:16:00,781 - richard.src.train.trainer:train:140 - DEBUG - Stepped ReduceLROnPlateau scheduler with val_dice: 0.2204
2025-04-24 00:16:00,781 - richard.src.train.trainer:train:146 - DEBUG - Epoch 15: Current learning rate: 1.00e-05
2025-04-24 00:16:01,284 - richard.src.train.trainer:save_checkpoint:395 - DEBUG - Saved new best checkpoint to /radraid2/dongwoolee/VNet_LungNoduleSeg/richard/checkpoints/best_checkpoint_25-04-24_00:08:15_epoch_15.pth with val Dice: 0.2204
2025-04-24 00:16:01,317 - richard.src.train.trainer:save_checkpoint:405 - DEBUG - Removed previous best checkpoint: /radraid2/dongwoolee/VNet_LungNoduleSeg/richard/checkpoints/best_checkpoint_25-04-24_00:08:15_epoch_13.pth
2025-04-24 00:16:01,318 - richard.src.train.trainer:train:152 - DEBUG - Epoch 15 Summary:
2025-04-24 00:16:01,319 - richard.src.train.trainer:train:153 - DEBUG -   Train Loss: 0.8311, Train Dice: 0.1685
2025-04-24 00:16:01,319 - richard.src.train.trainer:train:156 - DEBUG -   Raw Train Losses: {Dice: 0.8311}
2025-04-24 00:16:01,319 - richard.src.train.trainer:train:158 - DEBUG -     Val Loss: 0.7779,   Val Dice: 0.2204
2025-04-24 00:16:01,319 - richard.src.train.trainer:train:161 - DEBUG -   Raw Val Losses: {Dice: 0.7779}
2025-04-24 00:16:01,319 - richard.src.train.trainer:train:163 - DEBUG - Best Val Loss So Far: 0.7804, Best Val Dice So Far: 0.2204
2025-04-24 00:16:31,968 - richard.src.train.trainer:train:132 - DEBUG - Epoch 16: No improvement in val_dice for 1 epoch(s). Patience: 15
2025-04-24 00:16:31,968 - richard.src.train.trainer:train:140 - DEBUG - Stepped ReduceLROnPlateau scheduler with val_dice: 0.2173
2025-04-24 00:16:31,968 - richard.src.train.trainer:train:146 - DEBUG - Epoch 16: Current learning rate: 1.00e-05
2025-04-24 00:16:31,968 - richard.src.train.trainer:save_checkpoint:409 - DEBUG - Epoch 16: Val Dice 0.2173 did not improve over best 0.2204
2025-04-24 00:16:31,968 - richard.src.train.trainer:train:152 - DEBUG - Epoch 16 Summary:
2025-04-24 00:16:31,968 - richard.src.train.trainer:train:153 - DEBUG -   Train Loss: 0.8292, Train Dice: 0.1707
2025-04-24 00:16:31,968 - richard.src.train.trainer:train:156 - DEBUG -   Raw Train Losses: {Dice: 0.8292}
2025-04-24 00:16:31,968 - richard.src.train.trainer:train:158 - DEBUG -     Val Loss: 0.7806,   Val Dice: 0.2173
2025-04-24 00:16:31,968 - richard.src.train.trainer:train:161 - DEBUG -   Raw Val Losses: {Dice: 0.7806}
2025-04-24 00:16:31,968 - richard.src.train.trainer:train:163 - DEBUG - Best Val Loss So Far: 0.7779, Best Val Dice So Far: 0.2204
2025-04-24 00:17:01,322 - richard.src.train.trainer:train:132 - DEBUG - Epoch 17: No improvement in val_dice for 2 epoch(s). Patience: 15
2025-04-24 00:17:01,322 - richard.src.train.trainer:train:140 - DEBUG - Stepped ReduceLROnPlateau scheduler with val_dice: 0.2193
2025-04-24 00:17:01,322 - richard.src.train.trainer:train:146 - DEBUG - Epoch 17: Current learning rate: 1.00e-05
2025-04-24 00:17:01,322 - richard.src.train.trainer:save_checkpoint:409 - DEBUG - Epoch 17: Val Dice 0.2193 did not improve over best 0.2204
2025-04-24 00:17:01,322 - richard.src.train.trainer:train:152 - DEBUG - Epoch 17 Summary:
2025-04-24 00:17:01,322 - richard.src.train.trainer:train:153 - DEBUG -   Train Loss: 0.8293, Train Dice: 0.1707
2025-04-24 00:17:01,323 - richard.src.train.trainer:train:156 - DEBUG -   Raw Train Losses: {Dice: 0.8293}
2025-04-24 00:17:01,323 - richard.src.train.trainer:train:158 - DEBUG -     Val Loss: 0.7782,   Val Dice: 0.2193
2025-04-24 00:17:01,323 - richard.src.train.trainer:train:161 - DEBUG -   Raw Val Losses: {Dice: 0.7782}
2025-04-24 00:17:01,323 - richard.src.train.trainer:train:163 - DEBUG - Best Val Loss So Far: 0.7779, Best Val Dice So Far: 0.2204
2025-04-24 00:17:32,399 - richard.src.train.trainer:train:140 - DEBUG - Stepped ReduceLROnPlateau scheduler with val_dice: 0.2232
2025-04-24 00:17:32,400 - richard.src.train.trainer:train:146 - DEBUG - Epoch 18: Current learning rate: 1.00e-05
2025-04-24 00:17:32,901 - richard.src.train.trainer:save_checkpoint:395 - DEBUG - Saved new best checkpoint to /radraid2/dongwoolee/VNet_LungNoduleSeg/richard/checkpoints/best_checkpoint_25-04-24_00:08:15_epoch_18.pth with val Dice: 0.2232
2025-04-24 00:17:32,932 - richard.src.train.trainer:save_checkpoint:405 - DEBUG - Removed previous best checkpoint: /radraid2/dongwoolee/VNet_LungNoduleSeg/richard/checkpoints/best_checkpoint_25-04-24_00:08:15_epoch_15.pth
2025-04-24 00:17:32,932 - richard.src.train.trainer:train:152 - DEBUG - Epoch 18 Summary:
2025-04-24 00:17:32,933 - richard.src.train.trainer:train:153 - DEBUG -   Train Loss: 0.8260, Train Dice: 0.1747
2025-04-24 00:17:32,933 - richard.src.train.trainer:train:156 - DEBUG -   Raw Train Losses: {Dice: 0.8260}
2025-04-24 00:17:32,933 - richard.src.train.trainer:train:158 - DEBUG -     Val Loss: 0.7741,   Val Dice: 0.2232
2025-04-24 00:17:32,933 - richard.src.train.trainer:train:161 - DEBUG -   Raw Val Losses: {Dice: 0.7741}
2025-04-24 00:17:32,933 - richard.src.train.trainer:train:163 - DEBUG - Best Val Loss So Far: 0.7779, Best Val Dice So Far: 0.2232
2025-04-24 00:18:02,703 - richard.src.train.trainer:train:140 - DEBUG - Stepped ReduceLROnPlateau scheduler with val_dice: 0.2238
2025-04-24 00:18:02,705 - richard.src.train.trainer:train:146 - DEBUG - Epoch 19: Current learning rate: 1.00e-05
2025-04-24 00:18:03,209 - richard.src.train.trainer:save_checkpoint:395 - DEBUG - Saved new best checkpoint to /radraid2/dongwoolee/VNet_LungNoduleSeg/richard/checkpoints/best_checkpoint_25-04-24_00:08:15_epoch_19.pth with val Dice: 0.2238
2025-04-24 00:18:03,240 - richard.src.train.trainer:save_checkpoint:405 - DEBUG - Removed previous best checkpoint: /radraid2/dongwoolee/VNet_LungNoduleSeg/richard/checkpoints/best_checkpoint_25-04-24_00:08:15_epoch_18.pth
2025-04-24 00:18:03,241 - richard.src.train.trainer:train:152 - DEBUG - Epoch 19 Summary:
2025-04-24 00:18:03,242 - richard.src.train.trainer:train:153 - DEBUG -   Train Loss: 0.8229, Train Dice: 0.1782
2025-04-24 00:18:03,242 - richard.src.train.trainer:train:156 - DEBUG -   Raw Train Losses: {Dice: 0.8229}
2025-04-24 00:18:03,242 - richard.src.train.trainer:train:158 - DEBUG -     Val Loss: 0.7733,   Val Dice: 0.2238
2025-04-24 00:18:03,242 - richard.src.train.trainer:train:161 - DEBUG -   Raw Val Losses: {Dice: 0.7733}
2025-04-24 00:18:03,242 - richard.src.train.trainer:train:163 - DEBUG - Best Val Loss So Far: 0.7741, Best Val Dice So Far: 0.2238
2025-04-24 00:18:31,617 - richard.src.train.trainer:train:140 - DEBUG - Stepped ReduceLROnPlateau scheduler with val_dice: 0.2307
2025-04-24 00:18:31,617 - richard.src.train.trainer:train:146 - DEBUG - Epoch 20: Current learning rate: 1.00e-05
2025-04-24 00:18:32,131 - richard.src.train.trainer:save_checkpoint:395 - DEBUG - Saved new best checkpoint to /radraid2/dongwoolee/VNet_LungNoduleSeg/richard/checkpoints/best_checkpoint_25-04-24_00:08:15_epoch_20.pth with val Dice: 0.2307
2025-04-24 00:18:32,161 - richard.src.train.trainer:save_checkpoint:405 - DEBUG - Removed previous best checkpoint: /radraid2/dongwoolee/VNet_LungNoduleSeg/richard/checkpoints/best_checkpoint_25-04-24_00:08:15_epoch_19.pth
2025-04-24 00:18:32,162 - richard.src.train.trainer:train:152 - DEBUG - Epoch 20 Summary:
2025-04-24 00:18:32,162 - richard.src.train.trainer:train:153 - DEBUG -   Train Loss: 0.8203, Train Dice: 0.1820
2025-04-24 00:18:32,163 - richard.src.train.trainer:train:156 - DEBUG -   Raw Train Losses: {Dice: 0.8203}
2025-04-24 00:18:32,163 - richard.src.train.trainer:train:158 - DEBUG -     Val Loss: 0.7674,   Val Dice: 0.2307
2025-04-24 00:18:32,163 - richard.src.train.trainer:train:161 - DEBUG -   Raw Val Losses: {Dice: 0.7674}
2025-04-24 00:18:32,163 - richard.src.train.trainer:train:163 - DEBUG - Best Val Loss So Far: 0.7733, Best Val Dice So Far: 0.2307
2025-04-24 00:19:04,848 - richard.src.train.trainer:train:140 - DEBUG - Stepped ReduceLROnPlateau scheduler with val_dice: 0.2330
2025-04-24 00:19:04,849 - richard.src.train.trainer:train:146 - DEBUG - Epoch 21: Current learning rate: 1.00e-05
2025-04-24 00:19:05,404 - richard.src.train.trainer:save_checkpoint:395 - DEBUG - Saved new best checkpoint to /radraid2/dongwoolee/VNet_LungNoduleSeg/richard/checkpoints/best_checkpoint_25-04-24_00:08:15_epoch_21.pth with val Dice: 0.2330
2025-04-24 00:19:05,439 - richard.src.train.trainer:save_checkpoint:405 - DEBUG - Removed previous best checkpoint: /radraid2/dongwoolee/VNet_LungNoduleSeg/richard/checkpoints/best_checkpoint_25-04-24_00:08:15_epoch_20.pth
2025-04-24 00:19:05,440 - richard.src.train.trainer:train:152 - DEBUG - Epoch 21 Summary:
2025-04-24 00:19:05,441 - richard.src.train.trainer:train:153 - DEBUG -   Train Loss: 0.8182, Train Dice: 0.1847
2025-04-24 00:19:05,441 - richard.src.train.trainer:train:156 - DEBUG -   Raw Train Losses: {Dice: 0.8182}
2025-04-24 00:19:05,441 - richard.src.train.trainer:train:158 - DEBUG -     Val Loss: 0.7664,   Val Dice: 0.2330
2025-04-24 00:19:05,441 - richard.src.train.trainer:train:161 - DEBUG -   Raw Val Losses: {Dice: 0.7664}
2025-04-24 00:19:05,441 - richard.src.train.trainer:train:163 - DEBUG - Best Val Loss So Far: 0.7674, Best Val Dice So Far: 0.2330
2025-04-24 00:19:36,913 - richard.src.train.trainer:train:140 - DEBUG - Stepped ReduceLROnPlateau scheduler with val_dice: 0.2413
2025-04-24 00:19:36,913 - richard.src.train.trainer:train:146 - DEBUG - Epoch 22: Current learning rate: 1.00e-05
2025-04-24 00:19:37,419 - richard.src.train.trainer:save_checkpoint:395 - DEBUG - Saved new best checkpoint to /radraid2/dongwoolee/VNet_LungNoduleSeg/richard/checkpoints/best_checkpoint_25-04-24_00:08:15_epoch_22.pth with val Dice: 0.2413
2025-04-24 00:19:37,451 - richard.src.train.trainer:save_checkpoint:405 - DEBUG - Removed previous best checkpoint: /radraid2/dongwoolee/VNet_LungNoduleSeg/richard/checkpoints/best_checkpoint_25-04-24_00:08:15_epoch_21.pth
2025-04-24 00:19:37,452 - richard.src.train.trainer:train:152 - DEBUG - Epoch 22 Summary:
2025-04-24 00:19:37,452 - richard.src.train.trainer:train:153 - DEBUG -   Train Loss: 0.8148, Train Dice: 0.1894
2025-04-24 00:19:37,453 - richard.src.train.trainer:train:156 - DEBUG -   Raw Train Losses: {Dice: 0.8148}
2025-04-24 00:19:37,453 - richard.src.train.trainer:train:158 - DEBUG -     Val Loss: 0.7599,   Val Dice: 0.2413
2025-04-24 00:19:37,453 - richard.src.train.trainer:train:161 - DEBUG -   Raw Val Losses: {Dice: 0.7599}
2025-04-24 00:19:37,453 - richard.src.train.trainer:train:163 - DEBUG - Best Val Loss So Far: 0.7664, Best Val Dice So Far: 0.2413
2025-04-24 00:20:11,802 - richard.src.train.trainer:train:140 - DEBUG - Stepped ReduceLROnPlateau scheduler with val_dice: 0.2497
2025-04-24 00:20:11,802 - richard.src.train.trainer:train:146 - DEBUG - Epoch 23: Current learning rate: 1.00e-05
2025-04-24 00:20:12,311 - richard.src.train.trainer:save_checkpoint:395 - DEBUG - Saved new best checkpoint to /radraid2/dongwoolee/VNet_LungNoduleSeg/richard/checkpoints/best_checkpoint_25-04-24_00:08:15_epoch_23.pth with val Dice: 0.2497
2025-04-24 00:20:12,344 - richard.src.train.trainer:save_checkpoint:405 - DEBUG - Removed previous best checkpoint: /radraid2/dongwoolee/VNet_LungNoduleSeg/richard/checkpoints/best_checkpoint_25-04-24_00:08:15_epoch_22.pth
2025-04-24 00:20:12,344 - richard.src.train.trainer:train:152 - DEBUG - Epoch 23 Summary:
2025-04-24 00:20:12,345 - richard.src.train.trainer:train:153 - DEBUG -   Train Loss: 0.8117, Train Dice: 0.1948
2025-04-24 00:20:12,345 - richard.src.train.trainer:train:156 - DEBUG -   Raw Train Losses: {Dice: 0.8117}
2025-04-24 00:20:12,345 - richard.src.train.trainer:train:158 - DEBUG -     Val Loss: 0.7570,   Val Dice: 0.2497
2025-04-24 00:20:12,345 - richard.src.train.trainer:train:161 - DEBUG -   Raw Val Losses: {Dice: 0.7570}
2025-04-24 00:20:12,345 - richard.src.train.trainer:train:163 - DEBUG - Best Val Loss So Far: 0.7599, Best Val Dice So Far: 0.2497
2025-04-24 00:20:44,046 - richard.src.train.trainer:train:140 - DEBUG - Stepped ReduceLROnPlateau scheduler with val_dice: 0.2678
2025-04-24 00:20:44,046 - richard.src.train.trainer:train:146 - DEBUG - Epoch 24: Current learning rate: 1.00e-05
2025-04-24 00:20:44,573 - richard.src.train.trainer:save_checkpoint:395 - DEBUG - Saved new best checkpoint to /radraid2/dongwoolee/VNet_LungNoduleSeg/richard/checkpoints/best_checkpoint_25-04-24_00:08:15_epoch_24.pth with val Dice: 0.2678
2025-04-24 00:20:44,607 - richard.src.train.trainer:save_checkpoint:405 - DEBUG - Removed previous best checkpoint: /radraid2/dongwoolee/VNet_LungNoduleSeg/richard/checkpoints/best_checkpoint_25-04-24_00:08:15_epoch_23.pth
2025-04-24 00:20:44,608 - richard.src.train.trainer:train:152 - DEBUG - Epoch 24 Summary:
2025-04-24 00:20:44,609 - richard.src.train.trainer:train:153 - DEBUG -   Train Loss: 0.8076, Train Dice: 0.2008
2025-04-24 00:20:44,609 - richard.src.train.trainer:train:156 - DEBUG -   Raw Train Losses: {Dice: 0.8076}
2025-04-24 00:20:44,609 - richard.src.train.trainer:train:158 - DEBUG -     Val Loss: 0.7522,   Val Dice: 0.2678
2025-04-24 00:20:44,609 - richard.src.train.trainer:train:161 - DEBUG -   Raw Val Losses: {Dice: 0.7522}
2025-04-24 00:20:44,609 - richard.src.train.trainer:train:163 - DEBUG - Best Val Loss So Far: 0.7570, Best Val Dice So Far: 0.2678
2025-04-24 00:21:14,475 - richard.src.train.trainer:train:140 - DEBUG - Stepped ReduceLROnPlateau scheduler with val_dice: 0.2941
2025-04-24 00:21:14,475 - richard.src.train.trainer:train:146 - DEBUG - Epoch 25: Current learning rate: 1.00e-05
2025-04-24 00:21:15,013 - richard.src.train.trainer:save_checkpoint:395 - DEBUG - Saved new best checkpoint to /radraid2/dongwoolee/VNet_LungNoduleSeg/richard/checkpoints/best_checkpoint_25-04-24_00:08:15_epoch_25.pth with val Dice: 0.2941
2025-04-24 00:21:15,047 - richard.src.train.trainer:save_checkpoint:405 - DEBUG - Removed previous best checkpoint: /radraid2/dongwoolee/VNet_LungNoduleSeg/richard/checkpoints/best_checkpoint_25-04-24_00:08:15_epoch_24.pth
2025-04-24 00:21:15,049 - richard.src.train.trainer:train:152 - DEBUG - Epoch 25 Summary:
2025-04-24 00:21:15,049 - richard.src.train.trainer:train:153 - DEBUG -   Train Loss: 0.8045, Train Dice: 0.2070
2025-04-24 00:21:15,049 - richard.src.train.trainer:train:156 - DEBUG -   Raw Train Losses: {Dice: 0.8045}
2025-04-24 00:21:15,049 - richard.src.train.trainer:train:158 - DEBUG -     Val Loss: 0.7407,   Val Dice: 0.2941
2025-04-24 00:21:15,049 - richard.src.train.trainer:train:161 - DEBUG -   Raw Val Losses: {Dice: 0.7407}
2025-04-24 00:21:15,049 - richard.src.train.trainer:train:163 - DEBUG - Best Val Loss So Far: 0.7522, Best Val Dice So Far: 0.2941
2025-04-24 00:21:46,024 - richard.src.train.trainer:train:140 - DEBUG - Stepped ReduceLROnPlateau scheduler with val_dice: 0.2971
2025-04-24 00:21:46,024 - richard.src.train.trainer:train:146 - DEBUG - Epoch 26: Current learning rate: 1.00e-05
2025-04-24 00:21:46,541 - richard.src.train.trainer:save_checkpoint:395 - DEBUG - Saved new best checkpoint to /radraid2/dongwoolee/VNet_LungNoduleSeg/richard/checkpoints/best_checkpoint_25-04-24_00:08:15_epoch_26.pth with val Dice: 0.2971
2025-04-24 00:21:46,574 - richard.src.train.trainer:save_checkpoint:405 - DEBUG - Removed previous best checkpoint: /radraid2/dongwoolee/VNet_LungNoduleSeg/richard/checkpoints/best_checkpoint_25-04-24_00:08:15_epoch_25.pth
2025-04-24 00:21:46,575 - richard.src.train.trainer:train:152 - DEBUG - Epoch 26 Summary:
2025-04-24 00:21:46,576 - richard.src.train.trainer:train:153 - DEBUG -   Train Loss: 0.8000, Train Dice: 0.2123
2025-04-24 00:21:46,576 - richard.src.train.trainer:train:156 - DEBUG -   Raw Train Losses: {Dice: 0.8000}
2025-04-24 00:21:46,576 - richard.src.train.trainer:train:158 - DEBUG -     Val Loss: 0.7422,   Val Dice: 0.2971
2025-04-24 00:21:46,576 - richard.src.train.trainer:train:161 - DEBUG -   Raw Val Losses: {Dice: 0.7422}
2025-04-24 00:21:46,577 - richard.src.train.trainer:train:163 - DEBUG - Best Val Loss So Far: 0.7407, Best Val Dice So Far: 0.2971
2025-04-24 00:22:18,830 - richard.src.train.trainer:train:140 - DEBUG - Stepped ReduceLROnPlateau scheduler with val_dice: 0.3241
2025-04-24 00:22:18,831 - richard.src.train.trainer:train:146 - DEBUG - Epoch 27: Current learning rate: 1.00e-05
2025-04-24 00:22:19,331 - richard.src.train.trainer:save_checkpoint:395 - DEBUG - Saved new best checkpoint to /radraid2/dongwoolee/VNet_LungNoduleSeg/richard/checkpoints/best_checkpoint_25-04-24_00:08:15_epoch_27.pth with val Dice: 0.3241
2025-04-24 00:22:19,364 - richard.src.train.trainer:save_checkpoint:405 - DEBUG - Removed previous best checkpoint: /radraid2/dongwoolee/VNet_LungNoduleSeg/richard/checkpoints/best_checkpoint_25-04-24_00:08:15_epoch_26.pth
2025-04-24 00:22:19,365 - richard.src.train.trainer:train:152 - DEBUG - Epoch 27 Summary:
2025-04-24 00:22:19,366 - richard.src.train.trainer:train:153 - DEBUG -   Train Loss: 0.7948, Train Dice: 0.2202
2025-04-24 00:22:19,366 - richard.src.train.trainer:train:156 - DEBUG -   Raw Train Losses: {Dice: 0.7948}
2025-04-24 00:22:19,366 - richard.src.train.trainer:train:158 - DEBUG -     Val Loss: 0.7329,   Val Dice: 0.3241
2025-04-24 00:22:19,366 - richard.src.train.trainer:train:161 - DEBUG -   Raw Val Losses: {Dice: 0.7329}
2025-04-24 00:22:19,366 - richard.src.train.trainer:train:163 - DEBUG - Best Val Loss So Far: 0.7407, Best Val Dice So Far: 0.3241
2025-04-24 00:22:51,762 - richard.src.train.trainer:train:140 - DEBUG - Stepped ReduceLROnPlateau scheduler with val_dice: 0.3417
2025-04-24 00:22:51,763 - richard.src.train.trainer:train:146 - DEBUG - Epoch 28: Current learning rate: 1.00e-05
2025-04-24 00:22:52,291 - richard.src.train.trainer:save_checkpoint:395 - DEBUG - Saved new best checkpoint to /radraid2/dongwoolee/VNet_LungNoduleSeg/richard/checkpoints/best_checkpoint_25-04-24_00:08:15_epoch_28.pth with val Dice: 0.3417
2025-04-24 00:22:52,329 - richard.src.train.trainer:save_checkpoint:405 - DEBUG - Removed previous best checkpoint: /radraid2/dongwoolee/VNet_LungNoduleSeg/richard/checkpoints/best_checkpoint_25-04-24_00:08:15_epoch_27.pth
2025-04-24 00:22:52,331 - richard.src.train.trainer:train:152 - DEBUG - Epoch 28 Summary:
2025-04-24 00:22:52,331 - richard.src.train.trainer:train:153 - DEBUG -   Train Loss: 0.7912, Train Dice: 0.2280
2025-04-24 00:22:52,332 - richard.src.train.trainer:train:156 - DEBUG -   Raw Train Losses: {Dice: 0.7912}
2025-04-24 00:22:52,332 - richard.src.train.trainer:train:158 - DEBUG -     Val Loss: 0.7247,   Val Dice: 0.3417
2025-04-24 00:22:52,332 - richard.src.train.trainer:train:161 - DEBUG -   Raw Val Losses: {Dice: 0.7247}
2025-04-24 00:22:52,333 - richard.src.train.trainer:train:163 - DEBUG - Best Val Loss So Far: 0.7329, Best Val Dice So Far: 0.3417
2025-04-24 00:23:23,309 - richard.src.train.trainer:train:140 - DEBUG - Stepped ReduceLROnPlateau scheduler with val_dice: 0.3583
2025-04-24 00:23:23,309 - richard.src.train.trainer:train:146 - DEBUG - Epoch 29: Current learning rate: 1.00e-05
2025-04-24 00:23:23,816 - richard.src.train.trainer:save_checkpoint:395 - DEBUG - Saved new best checkpoint to /radraid2/dongwoolee/VNet_LungNoduleSeg/richard/checkpoints/best_checkpoint_25-04-24_00:08:15_epoch_29.pth with val Dice: 0.3583
2025-04-24 00:23:23,856 - richard.src.train.trainer:save_checkpoint:405 - DEBUG - Removed previous best checkpoint: /radraid2/dongwoolee/VNet_LungNoduleSeg/richard/checkpoints/best_checkpoint_25-04-24_00:08:15_epoch_28.pth
2025-04-24 00:23:23,859 - richard.src.train.trainer:train:152 - DEBUG - Epoch 29 Summary:
2025-04-24 00:23:23,860 - richard.src.train.trainer:train:153 - DEBUG -   Train Loss: 0.7884, Train Dice: 0.2316
2025-04-24 00:23:23,860 - richard.src.train.trainer:train:156 - DEBUG -   Raw Train Losses: {Dice: 0.7884}
2025-04-24 00:23:23,860 - richard.src.train.trainer:train:158 - DEBUG -     Val Loss: 0.7232,   Val Dice: 0.3583
2025-04-24 00:23:23,860 - richard.src.train.trainer:train:161 - DEBUG -   Raw Val Losses: {Dice: 0.7232}
2025-04-24 00:23:23,861 - richard.src.train.trainer:train:163 - DEBUG - Best Val Loss So Far: 0.7247, Best Val Dice So Far: 0.3583
2025-04-24 00:23:52,685 - richard.src.train.trainer:train:140 - DEBUG - Stepped ReduceLROnPlateau scheduler with val_dice: 0.3670
2025-04-24 00:23:52,686 - richard.src.train.trainer:train:146 - DEBUG - Epoch 30: Current learning rate: 1.00e-05
2025-04-24 00:23:53,205 - richard.src.train.trainer:save_checkpoint:395 - DEBUG - Saved new best checkpoint to /radraid2/dongwoolee/VNet_LungNoduleSeg/richard/checkpoints/best_checkpoint_25-04-24_00:08:15_epoch_30.pth with val Dice: 0.3670
2025-04-24 00:23:53,242 - richard.src.train.trainer:save_checkpoint:405 - DEBUG - Removed previous best checkpoint: /radraid2/dongwoolee/VNet_LungNoduleSeg/richard/checkpoints/best_checkpoint_25-04-24_00:08:15_epoch_29.pth
2025-04-24 00:23:53,243 - richard.src.train.trainer:train:152 - DEBUG - Epoch 30 Summary:
2025-04-24 00:23:53,243 - richard.src.train.trainer:train:153 - DEBUG -   Train Loss: 0.7847, Train Dice: 0.2380
2025-04-24 00:23:53,243 - richard.src.train.trainer:train:156 - DEBUG -   Raw Train Losses: {Dice: 0.7847}
2025-04-24 00:23:53,243 - richard.src.train.trainer:train:158 - DEBUG -     Val Loss: 0.7182,   Val Dice: 0.3670
2025-04-24 00:23:53,244 - richard.src.train.trainer:train:161 - DEBUG -   Raw Val Losses: {Dice: 0.7182}
2025-04-24 00:23:53,244 - richard.src.train.trainer:train:163 - DEBUG - Best Val Loss So Far: 0.7232, Best Val Dice So Far: 0.3670
2025-04-24 00:23:53,802 - richard.src.train.trainer:train:210 - INFO - Saved final checkpoint to /radraid2/dongwoolee/VNet_LungNoduleSeg/richard/checkpoints/final_checkpoint_25-04-24_00:08:15.pth
2025-04-24 00:23:53,803 - root:train:211 - INFO - Training finished.
