2025-04-23 13:25:51,929 - root:setup_logging:143 - INFO - File logging (DEBUG level) activated: /radraid2/dongwoolee/VNet_LungNoduleSeg/richard/logs/train_25-04-23_13:25:51.log
2025-04-23 13:25:51,930 - root:setup_logging:149 - INFO - Console logging level set to: INFO
2025-04-23 13:25:51,936 - root:setup_logging:151 - INFO - File logging level set to: DEBUG
2025-04-23 13:25:51,936 - root:<module>:239 - INFO - Start time: 25-04-23_13:25:51
2025-04-23 13:25:51,937 - root:<module>:240 - INFO - This is a finetune script.
2025-04-23 13:25:51,952 - richard.src.utils.utils:_load_and_merge_yaml_configs:290 - INFO - Decorator loaded base config from: richard/config/finetune.yaml
2025-04-23 13:25:51,959 - richard.src.utils.utils:_load_and_merge_yaml_configs:307 - INFO - Decorator loaded config for 'model' from: richard/config/model/vnet.yaml
2025-04-23 13:25:51,965 - richard.src.utils.utils:_load_and_merge_yaml_configs:307 - INFO - Decorator loaded config for 'dataset' from: richard/config/dataset/splits_2d.yaml
2025-04-23 13:25:51,971 - richard.src.utils.utils:_load_and_merge_yaml_configs:307 - INFO - Decorator loaded config for 'dataloader' from: richard/config/dataloader/dataloader.yaml
2025-04-23 13:25:51,974 - richard.src.utils.utils:_load_and_merge_yaml_configs:307 - INFO - Decorator loaded config for 'optimizer' from: richard/config/optimizer/AdamW.yaml
2025-04-23 13:25:51,977 - richard.src.utils.utils:_load_and_merge_yaml_configs:307 - INFO - Decorator loaded config for 'scheduler' from: richard/config/scheduler/ReduceLROnPlateau.yaml
2025-04-23 13:25:51,978 - richard.src.utils.utils:wrapper:364 - INFO - Decorator successfully loaded and merged configurations.
2025-04-23 13:25:51,979 - richard.src.utils.utils:wrapper:372 - INFO - Decorator injecting loaded 'cfg' into function call.
2025-04-23 13:25:51,979 - richard.src.utils.utils:wrapper:382 - DEBUG - Decorator injected 'cfg' into function call:
 {
  "model": {
    "name": "VNet2D",
    "in_channels": 1,
    "out_channels": 1,
    "conv_kernel_size": 5,
    "conv_stride": 1,
    "conv_padding": 2,
    "conv_bn": true,
    "conv_activation_fn": null,
    "sampling_conv_kernel_size": 2,
    "sampling_conv_stride": 2,
    "sampling_conv_padding": 0,
    "sampling_conv_bn": true,
    "sampling_conv_activation_fn": null,
    "dropout_rate": 0.3
  },
  "dataset": {
    "train": {
      "image_dir": "/radraid2/dongwoolee/VNet_LungNoduleSeg/richard/data/splits/train/images_2D_0axis/",
      "mask_dir": "/radraid2/dongwoolee/VNet_LungNoduleSeg/richard/data/splits/train/masks_2D_0axis/",
      "augment": true,
      "normalize": true,
      "mean": [
        -493.0376
      ],
      "std": [
        443.1897
      ]
    },
    "val": {
      "image_dir": "/radraid2/dongwoolee/VNet_LungNoduleSeg/richard/data/splits/val/images_2D_0axis/",
      "mask_dir": "/radraid2/dongwoolee/VNet_LungNoduleSeg/richard/data/splits/val/masks_2D_0axis/",
      "augment": false,
      "normalize": true,
      "mean": [
        -493.0376
      ],
      "std": [
        443.1897
      ]
    }
  },
  "dataloader": {
    "train": {
      "batch_size": 16,
      "shuffle": true,
      "num_workers": 8
    },
    "val": {
      "batch_size": 16,
      "shuffle": false,
      "num_workers": 8
    },
    "test": {
      "batch_size": 16,
      "shuffle": false,
      "num_workers": 8
    }
  },
  "optimizer": {
    "name": "AdamW",
    "lr": 1e-05,
    "weight_decay": 0.01
  },
  "scheduler": {
    "name": "ReduceLROnPlateau",
    "factor": 0.2,
    "mode": "max",
    "patience": 5,
    "min_lr": 1e-06
  },
  "criterion": {
    "Dice": {
      "name": "DiceLoss",
      "weight": 1.0
    }
  },
  "training": {
    "num_epochs": 30,
    "batch_size": 16,
    "early_stopping_patience": 15,
    "early_stopping_min_delta": 0.0005
  },
  "checkpoint": {
    "path": "/radraid2/dongwoolee/VNet_LungNoduleSeg/richard/checkpoints/final_checkpoint_25-04-17_14:02:37.pth",
    "freeze_config": {
      "freeze": true,
      "config": {
        "init_conv": false,
        "downsample_block_1": false,
        "downsample_block_2": false,
        "downsample_block_3": false,
        "downsample_block_4": false,
        "upsample_block_1": false,
        "upsample_block_2": false,
        "upsample_block_3": false,
        "upsample_block_4": false,
        "final_conv": false
      }
    }
  }
}
2025-04-23 13:26:01,748 - root:train:29 - INFO - Using device: cuda
2025-04-23 13:26:01,749 - root:train:32 - INFO - Train function received config keys: ['model', 'dataset', 'dataloader', 'optimizer', 'scheduler', 'criterion', 'training', 'checkpoint']
2025-04-23 13:26:01,752 - root:train:36 - DEBUG - Created deep copy of config for instantiation.
2025-04-23 13:26:29,398 - root:train:53 - INFO - Loaded train dataset with 21340 samples.
2025-04-23 13:26:29,398 - root:train:54 - INFO - Loaded validation dataset with 15181 samples.
2025-04-23 13:26:29,399 - root:train:58 - INFO - Created DataLoaders.
2025-04-23 13:26:29,870 - root:train:73 - INFO - Initialized model: VNet2D
2025-04-23 13:26:30,237 - root:train:91 - INFO - Loaded model state_dict from checkpoint: /radraid2/dongwoolee/VNet_LungNoduleSeg/richard/checkpoints/final_checkpoint_25-04-17_14:02:37.pth
2025-04-23 13:26:30,237 - root:train:93 - DEBUG - Original Model Training Config: {
  "model": {
    "in_channels": 1,
    "out_channels": 1,
    "conv_kernel_size": 5,
    "conv_stride": 1,
    "conv_padding": 2,
    "conv_bn": true,
    "conv_activation_fn": null,
    "sampling_conv_kernel_size": 2,
    "sampling_conv_stride": 2,
    "sampling_conv_padding": 0,
    "sampling_conv_bn": true,
    "sampling_conv_activation_fn": null,
    "dropout_rate": 0.3
  },
  "dataset": {
    "train": {
      "image_dir": "/radraid2/dongwoolee/VNet_LungNoduleSeg/richard/data/LUNA16/train/images_2D_0axis/",
      "mask_dir": "/radraid2/dongwoolee/VNet_LungNoduleSeg/richard/data/LUNA16/train/masks_2D_0axis/",
      "augment": true,
      "normalize": true,
      "mean": [
        -593.997
      ],
      "std": [
        417.0208
      ]
    },
    "val": {
      "image_dir": "/radraid2/dongwoolee/VNet_LungNoduleSeg/richard/data/LUNA16/val/images_2D_0axis/",
      "mask_dir": "/radraid2/dongwoolee/VNet_LungNoduleSeg/richard/data/LUNA16/val/masks_2D_0axis/",
      "augment": false,
      "normalize": true,
      "mean": [
        -593.997
      ],
      "std": [
        417.0208
      ]
    }
  },
  "dataloader": {
    "train": {
      "batch_size": 16,
      "shuffle": true,
      "num_workers": 8
    },
    "val": {
      "batch_size": 16,
      "shuffle": false,
      "num_workers": 8
    },
    "test": {
      "batch_size": 16,
      "shuffle": false,
      "num_workers": 8
    }
  },
  "optimizer": {
    "lr": 1e-05,
    "weight_decay": 0.01
  },
  "scheduler": {
    "factor": 0.2,
    "mode": "max",
    "patience": 5,
    "min_lr": 1e-06
  },
  "criterion": {
    "Focal": {
      "name": "FocalLoss",
      "weight": 1.0,
      "params": {
        "alpha": 0.25,
        "gamma": 2.0
      }
    }
  },
  "training": {
    "num_epochs": 30,
    "batch_size": 16,
    "early_stopping_patience": 15,
    "early_stopping_min_delta": 0.0005
  }
}
2025-04-23 13:26:30,238 - root:train:127 - WARNING - Freeze was enabled, but no parameters matched the names in freeze_config: ['init_conv', 'downsample_block_1', 'downsample_block_2', 'downsample_block_3', 'downsample_block_4', 'upsample_block_1', 'upsample_block_2', 'upsample_block_3', 'upsample_block_4', 'final_conv']
2025-04-23 13:26:30,240 - root:train:148 - INFO - Initialized AdamW optimizer with params: {'lr': 1e-05, 'weight_decay': 0.01}
2025-04-23 13:26:30,241 - root:train:171 - INFO - Initialized ReduceLROnPlateau scheduler with params: {'factor': 0.2, 'mode': 'max', 'patience': 5, 'min_lr': 1e-06}
2025-04-23 13:26:30,242 - richard.src.utils.loss:__init__:202 - INFO - Initialized loss component 'Dice' (DiceLoss) with effective params: {}
2025-04-23 13:26:30,242 - richard.src.utils.loss:__init__:231 - INFO - Final combined loss weights: {'Dice': 1.0}
2025-04-23 13:26:30,242 - root:train:188 - INFO - Initialized CombinedLoss criterion.
2025-04-23 13:26:30,242 - richard.src.train.trainer:__init__:39 - INFO - Trainer initialized with optimizer: AdamW
2025-04-23 13:26:30,242 - richard.src.train.trainer:__init__:45 - INFO - Trainer initialized with scheduler: ReduceLROnPlateau
2025-04-23 13:26:30,242 - richard.src.train.trainer:__init__:53 - INFO - Trainer initialized with criterion: CombinedLoss
2025-04-23 13:26:30,243 - richard.src.train.trainer:__init__:97 - INFO - Early stopping enabled with patience: 15, min_delta: 0.0005
2025-04-23 13:26:30,243 - richard.src.train.trainer:__init__:107 - DEBUG - Initialized raw loss tracking for components: ['Dice']
2025-04-23 13:26:30,243 - root:train:209 - INFO - Starting training for 30 epochs...
2025-04-23 13:27:04,838 - richard.src.train.trainer:train:140 - DEBUG - Stepped ReduceLROnPlateau scheduler with val_dice: 0.4660
2025-04-23 13:27:04,839 - richard.src.train.trainer:train:146 - DEBUG - Epoch 1: Current learning rate: 1.00e-05
2025-04-23 13:27:07,034 - richard.src.train.trainer:save_checkpoint:395 - DEBUG - Saved new best checkpoint to /radraid2/dongwoolee/VNet_LungNoduleSeg/richard/checkpoints/best_checkpoint_25-04-23_13:25:51_epoch_1.pth with val Dice: 0.4660
2025-04-23 13:27:07,035 - richard.src.train.trainer:train:152 - DEBUG - Epoch 1 Summary:
2025-04-23 13:27:07,035 - richard.src.train.trainer:train:153 - DEBUG -   Train Loss: 0.9026, Train Dice: 0.3553
2025-04-23 13:27:07,035 - richard.src.train.trainer:train:156 - DEBUG -   Raw Train Losses: {Dice: 0.9026}
2025-04-23 13:27:07,035 - richard.src.train.trainer:train:158 - DEBUG -     Val Loss: 0.8026,   Val Dice: 0.4660
2025-04-23 13:27:07,036 - richard.src.train.trainer:train:161 - DEBUG -   Raw Val Losses: {Dice: 0.8026}
2025-04-23 13:27:07,036 - richard.src.train.trainer:train:163 - DEBUG - Best Val Loss So Far: inf, Best Val Dice So Far: 0.4660
2025-04-23 13:27:51,782 - richard.src.train.trainer:train:140 - DEBUG - Stepped ReduceLROnPlateau scheduler with val_dice: 0.5392
2025-04-23 13:27:51,782 - richard.src.train.trainer:train:146 - DEBUG - Epoch 2: Current learning rate: 1.00e-05
2025-04-23 13:27:53,588 - richard.src.train.trainer:save_checkpoint:395 - DEBUG - Saved new best checkpoint to /radraid2/dongwoolee/VNet_LungNoduleSeg/richard/checkpoints/best_checkpoint_25-04-23_13:25:51_epoch_2.pth with val Dice: 0.5392
2025-04-23 13:27:53,658 - richard.src.train.trainer:save_checkpoint:405 - DEBUG - Removed previous best checkpoint: /radraid2/dongwoolee/VNet_LungNoduleSeg/richard/checkpoints/best_checkpoint_25-04-23_13:25:51_epoch_1.pth
2025-04-23 13:27:53,658 - richard.src.train.trainer:train:152 - DEBUG - Epoch 2 Summary:
2025-04-23 13:27:53,659 - richard.src.train.trainer:train:153 - DEBUG -   Train Loss: 0.8670, Train Dice: 0.4623
2025-04-23 13:27:53,659 - richard.src.train.trainer:train:156 - DEBUG -   Raw Train Losses: {Dice: 0.8670}
2025-04-23 13:27:53,659 - richard.src.train.trainer:train:158 - DEBUG -     Val Loss: 0.7648,   Val Dice: 0.5392
2025-04-23 13:27:53,659 - richard.src.train.trainer:train:161 - DEBUG -   Raw Val Losses: {Dice: 0.7648}
2025-04-23 13:27:53,659 - richard.src.train.trainer:train:163 - DEBUG - Best Val Loss So Far: 0.8026, Best Val Dice So Far: 0.5392
2025-04-23 13:28:33,547 - richard.src.train.trainer:train:132 - DEBUG - Epoch 3: No improvement in val_dice for 1 epoch(s). Patience: 15
2025-04-23 13:28:33,548 - richard.src.train.trainer:train:140 - DEBUG - Stepped ReduceLROnPlateau scheduler with val_dice: 0.5239
2025-04-23 13:28:33,548 - richard.src.train.trainer:train:146 - DEBUG - Epoch 3: Current learning rate: 1.00e-05
2025-04-23 13:28:33,583 - richard.src.train.trainer:save_checkpoint:409 - DEBUG - Epoch 3: Val Dice 0.5239 did not improve over best 0.5392
2025-04-23 13:28:33,583 - richard.src.train.trainer:train:152 - DEBUG - Epoch 3 Summary:
2025-04-23 13:28:33,583 - richard.src.train.trainer:train:153 - DEBUG -   Train Loss: 0.8303, Train Dice: 0.5239
2025-04-23 13:28:33,583 - richard.src.train.trainer:train:156 - DEBUG -   Raw Train Losses: {Dice: 0.8303}
2025-04-23 13:28:33,583 - richard.src.train.trainer:train:158 - DEBUG -     Val Loss: 0.7189,   Val Dice: 0.5239
2025-04-23 13:28:33,583 - richard.src.train.trainer:train:161 - DEBUG -   Raw Val Losses: {Dice: 0.7189}
2025-04-23 13:28:33,583 - richard.src.train.trainer:train:163 - DEBUG - Best Val Loss So Far: 0.7648, Best Val Dice So Far: 0.5392
2025-04-23 13:29:07,543 - richard.src.train.trainer:train:140 - DEBUG - Stepped ReduceLROnPlateau scheduler with val_dice: 0.5810
2025-04-23 13:29:07,543 - richard.src.train.trainer:train:146 - DEBUG - Epoch 4: Current learning rate: 1.00e-05
2025-04-23 13:29:08,948 - richard.src.train.trainer:save_checkpoint:395 - DEBUG - Saved new best checkpoint to /radraid2/dongwoolee/VNet_LungNoduleSeg/richard/checkpoints/best_checkpoint_25-04-23_13:25:51_epoch_4.pth with val Dice: 0.5810
2025-04-23 13:29:09,010 - richard.src.train.trainer:save_checkpoint:405 - DEBUG - Removed previous best checkpoint: /radraid2/dongwoolee/VNet_LungNoduleSeg/richard/checkpoints/best_checkpoint_25-04-23_13:25:51_epoch_2.pth
2025-04-23 13:29:09,011 - richard.src.train.trainer:train:152 - DEBUG - Epoch 4 Summary:
2025-04-23 13:29:09,011 - richard.src.train.trainer:train:153 - DEBUG -   Train Loss: 0.7843, Train Dice: 0.5787
2025-04-23 13:29:09,011 - richard.src.train.trainer:train:156 - DEBUG -   Raw Train Losses: {Dice: 0.7843}
2025-04-23 13:29:09,011 - richard.src.train.trainer:train:158 - DEBUG -     Val Loss: 0.6660,   Val Dice: 0.5810
2025-04-23 13:29:09,011 - richard.src.train.trainer:train:161 - DEBUG -   Raw Val Losses: {Dice: 0.6660}
2025-04-23 13:29:09,012 - richard.src.train.trainer:train:163 - DEBUG - Best Val Loss So Far: 0.7189, Best Val Dice So Far: 0.5810
2025-04-23 13:29:43,695 - richard.src.train.trainer:train:140 - DEBUG - Stepped ReduceLROnPlateau scheduler with val_dice: 0.6239
2025-04-23 13:29:43,695 - richard.src.train.trainer:train:146 - DEBUG - Epoch 5: Current learning rate: 1.00e-05
2025-04-23 13:29:45,618 - richard.src.train.trainer:save_checkpoint:395 - DEBUG - Saved new best checkpoint to /radraid2/dongwoolee/VNet_LungNoduleSeg/richard/checkpoints/best_checkpoint_25-04-23_13:25:51_epoch_5.pth with val Dice: 0.6239
2025-04-23 13:29:45,697 - richard.src.train.trainer:save_checkpoint:405 - DEBUG - Removed previous best checkpoint: /radraid2/dongwoolee/VNet_LungNoduleSeg/richard/checkpoints/best_checkpoint_25-04-23_13:25:51_epoch_4.pth
2025-04-23 13:29:45,698 - richard.src.train.trainer:train:152 - DEBUG - Epoch 5 Summary:
2025-04-23 13:29:45,698 - richard.src.train.trainer:train:153 - DEBUG -   Train Loss: 0.7267, Train Dice: 0.6283
2025-04-23 13:29:45,698 - richard.src.train.trainer:train:156 - DEBUG -   Raw Train Losses: {Dice: 0.7267}
2025-04-23 13:29:45,698 - richard.src.train.trainer:train:158 - DEBUG -     Val Loss: 0.6237,   Val Dice: 0.6239
2025-04-23 13:29:45,698 - richard.src.train.trainer:train:161 - DEBUG -   Raw Val Losses: {Dice: 0.6237}
2025-04-23 13:29:45,699 - richard.src.train.trainer:train:163 - DEBUG - Best Val Loss So Far: 0.6660, Best Val Dice So Far: 0.6239
2025-04-23 13:30:27,282 - richard.src.train.trainer:train:140 - DEBUG - Stepped ReduceLROnPlateau scheduler with val_dice: 0.6286
2025-04-23 13:30:27,283 - richard.src.train.trainer:train:146 - DEBUG - Epoch 6: Current learning rate: 1.00e-05
2025-04-23 13:30:28,674 - richard.src.train.trainer:save_checkpoint:395 - DEBUG - Saved new best checkpoint to /radraid2/dongwoolee/VNet_LungNoduleSeg/richard/checkpoints/best_checkpoint_25-04-23_13:25:51_epoch_6.pth with val Dice: 0.6286
2025-04-23 13:30:28,734 - richard.src.train.trainer:save_checkpoint:405 - DEBUG - Removed previous best checkpoint: /radraid2/dongwoolee/VNet_LungNoduleSeg/richard/checkpoints/best_checkpoint_25-04-23_13:25:51_epoch_5.pth
2025-04-23 13:30:28,734 - richard.src.train.trainer:train:152 - DEBUG - Epoch 6 Summary:
2025-04-23 13:30:28,734 - richard.src.train.trainer:train:153 - DEBUG -   Train Loss: 0.6695, Train Dice: 0.6608
2025-04-23 13:30:28,734 - richard.src.train.trainer:train:156 - DEBUG -   Raw Train Losses: {Dice: 0.6695}
2025-04-23 13:30:28,734 - richard.src.train.trainer:train:158 - DEBUG -     Val Loss: 0.5703,   Val Dice: 0.6286
2025-04-23 13:30:28,734 - richard.src.train.trainer:train:161 - DEBUG -   Raw Val Losses: {Dice: 0.5703}
2025-04-23 13:30:28,735 - richard.src.train.trainer:train:163 - DEBUG - Best Val Loss So Far: 0.6237, Best Val Dice So Far: 0.6286
2025-04-23 13:31:09,367 - richard.src.train.trainer:train:140 - DEBUG - Stepped ReduceLROnPlateau scheduler with val_dice: 0.6531
2025-04-23 13:31:09,367 - richard.src.train.trainer:train:146 - DEBUG - Epoch 7: Current learning rate: 1.00e-05
2025-04-23 13:31:10,776 - richard.src.train.trainer:save_checkpoint:395 - DEBUG - Saved new best checkpoint to /radraid2/dongwoolee/VNet_LungNoduleSeg/richard/checkpoints/best_checkpoint_25-04-23_13:25:51_epoch_7.pth with val Dice: 0.6531
2025-04-23 13:31:10,842 - richard.src.train.trainer:save_checkpoint:405 - DEBUG - Removed previous best checkpoint: /radraid2/dongwoolee/VNet_LungNoduleSeg/richard/checkpoints/best_checkpoint_25-04-23_13:25:51_epoch_6.pth
2025-04-23 13:31:10,843 - richard.src.train.trainer:train:152 - DEBUG - Epoch 7 Summary:
2025-04-23 13:31:10,843 - richard.src.train.trainer:train:153 - DEBUG -   Train Loss: 0.6066, Train Dice: 0.6864
2025-04-23 13:31:10,843 - richard.src.train.trainer:train:156 - DEBUG -   Raw Train Losses: {Dice: 0.6066}
2025-04-23 13:31:10,843 - richard.src.train.trainer:train:158 - DEBUG -     Val Loss: 0.5208,   Val Dice: 0.6531
2025-04-23 13:31:10,843 - richard.src.train.trainer:train:161 - DEBUG -   Raw Val Losses: {Dice: 0.5208}
2025-04-23 13:31:10,843 - richard.src.train.trainer:train:163 - DEBUG - Best Val Loss So Far: 0.5703, Best Val Dice So Far: 0.6531
2025-04-23 13:31:55,747 - richard.src.train.trainer:train:132 - DEBUG - Epoch 8: No improvement in val_dice for 1 epoch(s). Patience: 15
2025-04-23 13:31:55,748 - richard.src.train.trainer:train:140 - DEBUG - Stepped ReduceLROnPlateau scheduler with val_dice: 0.6481
2025-04-23 13:31:55,748 - richard.src.train.trainer:train:146 - DEBUG - Epoch 8: Current learning rate: 1.00e-05
2025-04-23 13:31:55,804 - richard.src.train.trainer:save_checkpoint:409 - DEBUG - Epoch 8: Val Dice 0.6481 did not improve over best 0.6531
2025-04-23 13:31:55,804 - richard.src.train.trainer:train:152 - DEBUG - Epoch 8 Summary:
2025-04-23 13:31:55,804 - richard.src.train.trainer:train:153 - DEBUG -   Train Loss: 0.5505, Train Dice: 0.7042
2025-04-23 13:31:55,804 - richard.src.train.trainer:train:156 - DEBUG -   Raw Train Losses: {Dice: 0.5505}
2025-04-23 13:31:55,804 - richard.src.train.trainer:train:158 - DEBUG -     Val Loss: 0.4809,   Val Dice: 0.6481
2025-04-23 13:31:55,804 - richard.src.train.trainer:train:161 - DEBUG -   Raw Val Losses: {Dice: 0.4809}
2025-04-23 13:31:55,804 - richard.src.train.trainer:train:163 - DEBUG - Best Val Loss So Far: 0.5208, Best Val Dice So Far: 0.6531
2025-04-23 13:32:42,676 - richard.src.train.trainer:train:132 - DEBUG - Epoch 9: No improvement in val_dice for 2 epoch(s). Patience: 15
2025-04-23 13:32:42,676 - richard.src.train.trainer:train:140 - DEBUG - Stepped ReduceLROnPlateau scheduler with val_dice: 0.6485
2025-04-23 13:32:42,677 - richard.src.train.trainer:train:146 - DEBUG - Epoch 9: Current learning rate: 1.00e-05
2025-04-23 13:32:42,677 - richard.src.train.trainer:save_checkpoint:409 - DEBUG - Epoch 9: Val Dice 0.6485 did not improve over best 0.6531
2025-04-23 13:32:42,677 - richard.src.train.trainer:train:152 - DEBUG - Epoch 9 Summary:
2025-04-23 13:32:42,677 - richard.src.train.trainer:train:153 - DEBUG -   Train Loss: 0.4927, Train Dice: 0.7208
2025-04-23 13:32:42,677 - richard.src.train.trainer:train:156 - DEBUG -   Raw Train Losses: {Dice: 0.4927}
2025-04-23 13:32:42,677 - richard.src.train.trainer:train:158 - DEBUG -     Val Loss: 0.4558,   Val Dice: 0.6485
2025-04-23 13:32:42,678 - richard.src.train.trainer:train:161 - DEBUG -   Raw Val Losses: {Dice: 0.4558}
2025-04-23 13:32:42,678 - richard.src.train.trainer:train:163 - DEBUG - Best Val Loss So Far: 0.4809, Best Val Dice So Far: 0.6531
2025-04-23 13:33:31,315 - richard.src.train.trainer:train:140 - DEBUG - Stepped ReduceLROnPlateau scheduler with val_dice: 0.6561
2025-04-23 13:33:31,316 - richard.src.train.trainer:train:146 - DEBUG - Epoch 10: Current learning rate: 1.00e-05
2025-04-23 13:33:32,705 - richard.src.train.trainer:save_checkpoint:395 - DEBUG - Saved new best checkpoint to /radraid2/dongwoolee/VNet_LungNoduleSeg/richard/checkpoints/best_checkpoint_25-04-23_13:25:51_epoch_10.pth with val Dice: 0.6561
2025-04-23 13:33:32,772 - richard.src.train.trainer:save_checkpoint:405 - DEBUG - Removed previous best checkpoint: /radraid2/dongwoolee/VNet_LungNoduleSeg/richard/checkpoints/best_checkpoint_25-04-23_13:25:51_epoch_7.pth
2025-04-23 13:33:32,772 - richard.src.train.trainer:train:152 - DEBUG - Epoch 10 Summary:
2025-04-23 13:33:32,773 - richard.src.train.trainer:train:153 - DEBUG -   Train Loss: 0.4463, Train Dice: 0.7310
2025-04-23 13:33:32,773 - richard.src.train.trainer:train:156 - DEBUG -   Raw Train Losses: {Dice: 0.4463}
2025-04-23 13:33:32,773 - richard.src.train.trainer:train:158 - DEBUG -     Val Loss: 0.4212,   Val Dice: 0.6561
2025-04-23 13:33:32,773 - richard.src.train.trainer:train:161 - DEBUG -   Raw Val Losses: {Dice: 0.4212}
2025-04-23 13:33:32,773 - richard.src.train.trainer:train:163 - DEBUG - Best Val Loss So Far: 0.4558, Best Val Dice So Far: 0.6561
2025-04-23 13:34:12,001 - richard.src.train.trainer:train:132 - DEBUG - Epoch 11: No improvement in val_dice for 1 epoch(s). Patience: 15
2025-04-23 13:34:12,001 - richard.src.train.trainer:train:140 - DEBUG - Stepped ReduceLROnPlateau scheduler with val_dice: 0.6444
2025-04-23 13:34:12,001 - richard.src.train.trainer:train:146 - DEBUG - Epoch 11: Current learning rate: 1.00e-05
2025-04-23 13:34:12,001 - richard.src.train.trainer:save_checkpoint:409 - DEBUG - Epoch 11: Val Dice 0.6444 did not improve over best 0.6561
2025-04-23 13:34:12,001 - richard.src.train.trainer:train:152 - DEBUG - Epoch 11 Summary:
2025-04-23 13:34:12,001 - richard.src.train.trainer:train:153 - DEBUG -   Train Loss: 0.4026, Train Dice: 0.7393
2025-04-23 13:34:12,001 - richard.src.train.trainer:train:156 - DEBUG -   Raw Train Losses: {Dice: 0.4026}
2025-04-23 13:34:12,001 - richard.src.train.trainer:train:158 - DEBUG -     Val Loss: 0.4129,   Val Dice: 0.6444
2025-04-23 13:34:12,001 - richard.src.train.trainer:train:161 - DEBUG -   Raw Val Losses: {Dice: 0.4129}
2025-04-23 13:34:12,001 - richard.src.train.trainer:train:163 - DEBUG - Best Val Loss So Far: 0.4212, Best Val Dice So Far: 0.6561
2025-04-23 13:34:53,801 - richard.src.train.trainer:train:132 - DEBUG - Epoch 12: No improvement in val_dice for 2 epoch(s). Patience: 15
2025-04-23 13:34:53,801 - richard.src.train.trainer:train:140 - DEBUG - Stepped ReduceLROnPlateau scheduler with val_dice: 0.6466
2025-04-23 13:34:53,801 - richard.src.train.trainer:train:146 - DEBUG - Epoch 12: Current learning rate: 1.00e-05
2025-04-23 13:34:53,801 - richard.src.train.trainer:save_checkpoint:409 - DEBUG - Epoch 12: Val Dice 0.6466 did not improve over best 0.6561
2025-04-23 13:34:53,802 - richard.src.train.trainer:train:152 - DEBUG - Epoch 12 Summary:
2025-04-23 13:34:53,802 - richard.src.train.trainer:train:153 - DEBUG -   Train Loss: 0.3712, Train Dice: 0.7426
2025-04-23 13:34:53,802 - richard.src.train.trainer:train:156 - DEBUG -   Raw Train Losses: {Dice: 0.3712}
2025-04-23 13:34:53,802 - richard.src.train.trainer:train:158 - DEBUG -     Val Loss: 0.3959,   Val Dice: 0.6466
2025-04-23 13:34:53,802 - richard.src.train.trainer:train:161 - DEBUG -   Raw Val Losses: {Dice: 0.3959}
2025-04-23 13:34:53,802 - richard.src.train.trainer:train:163 - DEBUG - Best Val Loss So Far: 0.4129, Best Val Dice So Far: 0.6561
2025-04-23 13:35:35,554 - richard.src.train.trainer:train:132 - DEBUG - Epoch 13: No improvement in val_dice for 3 epoch(s). Patience: 15
2025-04-23 13:35:35,554 - richard.src.train.trainer:train:140 - DEBUG - Stepped ReduceLROnPlateau scheduler with val_dice: 0.6336
2025-04-23 13:35:35,554 - richard.src.train.trainer:train:146 - DEBUG - Epoch 13: Current learning rate: 1.00e-05
2025-04-23 13:35:35,555 - richard.src.train.trainer:save_checkpoint:409 - DEBUG - Epoch 13: Val Dice 0.6336 did not improve over best 0.6561
2025-04-23 13:35:35,555 - richard.src.train.trainer:train:152 - DEBUG - Epoch 13 Summary:
2025-04-23 13:35:35,555 - richard.src.train.trainer:train:153 - DEBUG -   Train Loss: 0.3432, Train Dice: 0.7482
2025-04-23 13:35:35,555 - richard.src.train.trainer:train:156 - DEBUG -   Raw Train Losses: {Dice: 0.3432}
2025-04-23 13:35:35,555 - richard.src.train.trainer:train:158 - DEBUG -     Val Loss: 0.3975,   Val Dice: 0.6336
2025-04-23 13:35:35,555 - richard.src.train.trainer:train:161 - DEBUG -   Raw Val Losses: {Dice: 0.3975}
2025-04-23 13:35:35,555 - richard.src.train.trainer:train:163 - DEBUG - Best Val Loss So Far: 0.3959, Best Val Dice So Far: 0.6561
2025-04-23 13:36:24,661 - richard.src.train.trainer:train:140 - DEBUG - Stepped ReduceLROnPlateau scheduler with val_dice: 0.6649
2025-04-23 13:36:24,661 - richard.src.train.trainer:train:146 - DEBUG - Epoch 14: Current learning rate: 1.00e-05
2025-04-23 13:36:26,653 - richard.src.train.trainer:save_checkpoint:395 - DEBUG - Saved new best checkpoint to /radraid2/dongwoolee/VNet_LungNoduleSeg/richard/checkpoints/best_checkpoint_25-04-23_13:25:51_epoch_14.pth with val Dice: 0.6649
2025-04-23 13:36:26,721 - richard.src.train.trainer:save_checkpoint:405 - DEBUG - Removed previous best checkpoint: /radraid2/dongwoolee/VNet_LungNoduleSeg/richard/checkpoints/best_checkpoint_25-04-23_13:25:51_epoch_10.pth
2025-04-23 13:36:26,721 - richard.src.train.trainer:train:152 - DEBUG - Epoch 14 Summary:
2025-04-23 13:36:26,722 - richard.src.train.trainer:train:153 - DEBUG -   Train Loss: 0.3168, Train Dice: 0.7544
2025-04-23 13:36:26,722 - richard.src.train.trainer:train:156 - DEBUG -   Raw Train Losses: {Dice: 0.3168}
2025-04-23 13:36:26,722 - richard.src.train.trainer:train:158 - DEBUG -     Val Loss: 0.3574,   Val Dice: 0.6649
2025-04-23 13:36:26,722 - richard.src.train.trainer:train:161 - DEBUG -   Raw Val Losses: {Dice: 0.3574}
2025-04-23 13:36:26,722 - richard.src.train.trainer:train:163 - DEBUG - Best Val Loss So Far: 0.3959, Best Val Dice So Far: 0.6649
2025-04-23 13:37:08,652 - richard.src.train.trainer:train:132 - DEBUG - Epoch 15: No improvement in val_dice for 1 epoch(s). Patience: 15
2025-04-23 13:37:08,652 - richard.src.train.trainer:train:140 - DEBUG - Stepped ReduceLROnPlateau scheduler with val_dice: 0.6562
2025-04-23 13:37:08,652 - richard.src.train.trainer:train:146 - DEBUG - Epoch 15: Current learning rate: 1.00e-05
2025-04-23 13:37:08,652 - richard.src.train.trainer:save_checkpoint:409 - DEBUG - Epoch 15: Val Dice 0.6562 did not improve over best 0.6649
2025-04-23 13:37:08,652 - richard.src.train.trainer:train:152 - DEBUG - Epoch 15 Summary:
2025-04-23 13:37:08,652 - richard.src.train.trainer:train:153 - DEBUG -   Train Loss: 0.3058, Train Dice: 0.7532
2025-04-23 13:37:08,652 - richard.src.train.trainer:train:156 - DEBUG -   Raw Train Losses: {Dice: 0.3058}
2025-04-23 13:37:08,652 - richard.src.train.trainer:train:158 - DEBUG -     Val Loss: 0.3605,   Val Dice: 0.6562
2025-04-23 13:37:08,652 - richard.src.train.trainer:train:161 - DEBUG -   Raw Val Losses: {Dice: 0.3605}
2025-04-23 13:37:08,652 - richard.src.train.trainer:train:163 - DEBUG - Best Val Loss So Far: 0.3574, Best Val Dice So Far: 0.6649
2025-04-23 13:37:53,085 - richard.src.train.trainer:train:132 - DEBUG - Epoch 16: No improvement in val_dice for 2 epoch(s). Patience: 15
2025-04-23 13:37:53,085 - richard.src.train.trainer:train:140 - DEBUG - Stepped ReduceLROnPlateau scheduler with val_dice: 0.6623
2025-04-23 13:37:53,085 - richard.src.train.trainer:train:146 - DEBUG - Epoch 16: Current learning rate: 1.00e-05
2025-04-23 13:37:53,087 - richard.src.train.trainer:save_checkpoint:409 - DEBUG - Epoch 16: Val Dice 0.6623 did not improve over best 0.6649
2025-04-23 13:37:53,087 - richard.src.train.trainer:train:152 - DEBUG - Epoch 16 Summary:
2025-04-23 13:37:53,087 - richard.src.train.trainer:train:153 - DEBUG -   Train Loss: 0.2894, Train Dice: 0.7568
2025-04-23 13:37:53,087 - richard.src.train.trainer:train:156 - DEBUG -   Raw Train Losses: {Dice: 0.2894}
2025-04-23 13:37:53,087 - richard.src.train.trainer:train:158 - DEBUG -     Val Loss: 0.3494,   Val Dice: 0.6623
2025-04-23 13:37:53,087 - richard.src.train.trainer:train:161 - DEBUG -   Raw Val Losses: {Dice: 0.3494}
2025-04-23 13:37:53,087 - richard.src.train.trainer:train:163 - DEBUG - Best Val Loss So Far: 0.3574, Best Val Dice So Far: 0.6649
2025-04-23 13:38:35,096 - richard.src.train.trainer:train:140 - DEBUG - Stepped ReduceLROnPlateau scheduler with val_dice: 0.6697
2025-04-23 13:38:35,096 - richard.src.train.trainer:train:146 - DEBUG - Epoch 17: Current learning rate: 1.00e-05
2025-04-23 13:38:37,676 - richard.src.train.trainer:save_checkpoint:395 - DEBUG - Saved new best checkpoint to /radraid2/dongwoolee/VNet_LungNoduleSeg/richard/checkpoints/best_checkpoint_25-04-23_13:25:51_epoch_17.pth with val Dice: 0.6697
2025-04-23 13:38:37,745 - richard.src.train.trainer:save_checkpoint:405 - DEBUG - Removed previous best checkpoint: /radraid2/dongwoolee/VNet_LungNoduleSeg/richard/checkpoints/best_checkpoint_25-04-23_13:25:51_epoch_14.pth
2025-04-23 13:38:37,745 - richard.src.train.trainer:train:152 - DEBUG - Epoch 17 Summary:
2025-04-23 13:38:37,746 - richard.src.train.trainer:train:153 - DEBUG -   Train Loss: 0.2801, Train Dice: 0.7581
2025-04-23 13:38:37,746 - richard.src.train.trainer:train:156 - DEBUG -   Raw Train Losses: {Dice: 0.2801}
2025-04-23 13:38:37,746 - richard.src.train.trainer:train:158 - DEBUG -     Val Loss: 0.3393,   Val Dice: 0.6697
2025-04-23 13:38:37,746 - richard.src.train.trainer:train:161 - DEBUG -   Raw Val Losses: {Dice: 0.3393}
2025-04-23 13:38:37,746 - richard.src.train.trainer:train:163 - DEBUG - Best Val Loss So Far: 0.3494, Best Val Dice So Far: 0.6697
2025-04-23 13:39:28,088 - richard.src.train.trainer:train:132 - DEBUG - Epoch 18: No improvement in val_dice for 1 epoch(s). Patience: 15
2025-04-23 13:39:28,089 - richard.src.train.trainer:train:140 - DEBUG - Stepped ReduceLROnPlateau scheduler with val_dice: 0.6589
2025-04-23 13:39:28,089 - richard.src.train.trainer:train:146 - DEBUG - Epoch 18: Current learning rate: 1.00e-05
2025-04-23 13:39:28,089 - richard.src.train.trainer:save_checkpoint:409 - DEBUG - Epoch 18: Val Dice 0.6589 did not improve over best 0.6697
2025-04-23 13:39:28,089 - richard.src.train.trainer:train:152 - DEBUG - Epoch 18 Summary:
2025-04-23 13:39:28,089 - richard.src.train.trainer:train:153 - DEBUG -   Train Loss: 0.2689, Train Dice: 0.7619
2025-04-23 13:39:28,090 - richard.src.train.trainer:train:156 - DEBUG -   Raw Train Losses: {Dice: 0.2689}
2025-04-23 13:39:28,090 - richard.src.train.trainer:train:158 - DEBUG -     Val Loss: 0.3483,   Val Dice: 0.6589
2025-04-23 13:39:28,090 - richard.src.train.trainer:train:161 - DEBUG -   Raw Val Losses: {Dice: 0.3483}
2025-04-23 13:39:28,090 - richard.src.train.trainer:train:163 - DEBUG - Best Val Loss So Far: 0.3393, Best Val Dice So Far: 0.6697
2025-04-23 13:40:08,971 - richard.src.train.trainer:train:132 - DEBUG - Epoch 19: No improvement in val_dice for 2 epoch(s). Patience: 15
2025-04-23 13:40:08,972 - richard.src.train.trainer:train:140 - DEBUG - Stepped ReduceLROnPlateau scheduler with val_dice: 0.6594
2025-04-23 13:40:08,972 - richard.src.train.trainer:train:146 - DEBUG - Epoch 19: Current learning rate: 1.00e-05
2025-04-23 13:40:08,972 - richard.src.train.trainer:save_checkpoint:409 - DEBUG - Epoch 19: Val Dice 0.6594 did not improve over best 0.6697
2025-04-23 13:40:08,972 - richard.src.train.trainer:train:152 - DEBUG - Epoch 19 Summary:
2025-04-23 13:40:08,972 - richard.src.train.trainer:train:153 - DEBUG -   Train Loss: 0.2592, Train Dice: 0.7666
2025-04-23 13:40:08,972 - richard.src.train.trainer:train:156 - DEBUG -   Raw Train Losses: {Dice: 0.2592}
2025-04-23 13:40:08,972 - richard.src.train.trainer:train:158 - DEBUG -     Val Loss: 0.3460,   Val Dice: 0.6594
2025-04-23 13:40:08,972 - richard.src.train.trainer:train:161 - DEBUG -   Raw Val Losses: {Dice: 0.3460}
2025-04-23 13:40:08,972 - richard.src.train.trainer:train:163 - DEBUG - Best Val Loss So Far: 0.3393, Best Val Dice So Far: 0.6697
2025-04-23 13:40:49,348 - richard.src.train.trainer:train:132 - DEBUG - Epoch 20: No improvement in val_dice for 3 epoch(s). Patience: 15
2025-04-23 13:40:49,349 - richard.src.train.trainer:train:140 - DEBUG - Stepped ReduceLROnPlateau scheduler with val_dice: 0.6602
2025-04-23 13:40:49,349 - richard.src.train.trainer:train:146 - DEBUG - Epoch 20: Current learning rate: 1.00e-05
2025-04-23 13:40:49,349 - richard.src.train.trainer:save_checkpoint:409 - DEBUG - Epoch 20: Val Dice 0.6602 did not improve over best 0.6697
2025-04-23 13:40:49,349 - richard.src.train.trainer:train:152 - DEBUG - Epoch 20 Summary:
2025-04-23 13:40:49,349 - richard.src.train.trainer:train:153 - DEBUG -   Train Loss: 0.2577, Train Dice: 0.7639
2025-04-23 13:40:49,349 - richard.src.train.trainer:train:156 - DEBUG -   Raw Train Losses: {Dice: 0.2577}
2025-04-23 13:40:49,349 - richard.src.train.trainer:train:158 - DEBUG -     Val Loss: 0.3447,   Val Dice: 0.6602
2025-04-23 13:40:49,349 - richard.src.train.trainer:train:161 - DEBUG -   Raw Val Losses: {Dice: 0.3447}
2025-04-23 13:40:49,350 - richard.src.train.trainer:train:163 - DEBUG - Best Val Loss So Far: 0.3393, Best Val Dice So Far: 0.6697
2025-04-23 13:41:31,043 - richard.src.train.trainer:train:132 - DEBUG - Epoch 21: No improvement in val_dice for 4 epoch(s). Patience: 15
2025-04-23 13:41:31,043 - richard.src.train.trainer:train:140 - DEBUG - Stepped ReduceLROnPlateau scheduler with val_dice: 0.6603
2025-04-23 13:41:31,043 - richard.src.train.trainer:train:146 - DEBUG - Epoch 21: Current learning rate: 1.00e-05
2025-04-23 13:41:31,043 - richard.src.train.trainer:save_checkpoint:409 - DEBUG - Epoch 21: Val Dice 0.6603 did not improve over best 0.6697
2025-04-23 13:41:31,045 - richard.src.train.trainer:train:152 - DEBUG - Epoch 21 Summary:
2025-04-23 13:41:31,045 - richard.src.train.trainer:train:153 - DEBUG -   Train Loss: 0.2492, Train Dice: 0.7695
2025-04-23 13:41:31,045 - richard.src.train.trainer:train:156 - DEBUG -   Raw Train Losses: {Dice: 0.2492}
2025-04-23 13:41:31,045 - richard.src.train.trainer:train:158 - DEBUG -     Val Loss: 0.3436,   Val Dice: 0.6603
2025-04-23 13:41:31,045 - richard.src.train.trainer:train:161 - DEBUG -   Raw Val Losses: {Dice: 0.3436}
2025-04-23 13:41:31,045 - richard.src.train.trainer:train:163 - DEBUG - Best Val Loss So Far: 0.3393, Best Val Dice So Far: 0.6697
2025-04-23 13:42:13,223 - richard.src.train.trainer:train:132 - DEBUG - Epoch 22: No improvement in val_dice for 5 epoch(s). Patience: 15
2025-04-23 13:42:13,223 - richard.src.train.trainer:train:140 - DEBUG - Stepped ReduceLROnPlateau scheduler with val_dice: 0.6688
2025-04-23 13:42:13,223 - richard.src.train.trainer:train:146 - DEBUG - Epoch 22: Current learning rate: 1.00e-05
2025-04-23 13:42:13,224 - richard.src.train.trainer:save_checkpoint:409 - DEBUG - Epoch 22: Val Dice 0.6688 did not improve over best 0.6697
2025-04-23 13:42:13,224 - richard.src.train.trainer:train:152 - DEBUG - Epoch 22 Summary:
2025-04-23 13:42:13,224 - richard.src.train.trainer:train:153 - DEBUG -   Train Loss: 0.2484, Train Dice: 0.7678
2025-04-23 13:42:13,224 - richard.src.train.trainer:train:156 - DEBUG -   Raw Train Losses: {Dice: 0.2484}
2025-04-23 13:42:13,224 - richard.src.train.trainer:train:158 - DEBUG -     Val Loss: 0.3343,   Val Dice: 0.6688
2025-04-23 13:42:13,224 - richard.src.train.trainer:train:161 - DEBUG -   Raw Val Losses: {Dice: 0.3343}
2025-04-23 13:42:13,224 - richard.src.train.trainer:train:163 - DEBUG - Best Val Loss So Far: 0.3393, Best Val Dice So Far: 0.6697
2025-04-23 13:42:54,968 - richard.src.train.trainer:train:132 - DEBUG - Epoch 23: No improvement in val_dice for 6 epoch(s). Patience: 15
2025-04-23 13:42:54,968 - richard.src.train.trainer:train:140 - DEBUG - Stepped ReduceLROnPlateau scheduler with val_dice: 0.6663
2025-04-23 13:42:54,968 - richard.src.train.trainer:train:146 - DEBUG - Epoch 23: Current learning rate: 2.00e-06
2025-04-23 13:42:54,969 - richard.src.train.trainer:save_checkpoint:409 - DEBUG - Epoch 23: Val Dice 0.6663 did not improve over best 0.6697
2025-04-23 13:42:54,969 - richard.src.train.trainer:train:152 - DEBUG - Epoch 23 Summary:
2025-04-23 13:42:54,969 - richard.src.train.trainer:train:153 - DEBUG -   Train Loss: 0.2450, Train Dice: 0.7687
2025-04-23 13:42:54,969 - richard.src.train.trainer:train:156 - DEBUG -   Raw Train Losses: {Dice: 0.2450}
2025-04-23 13:42:54,969 - richard.src.train.trainer:train:158 - DEBUG -     Val Loss: 0.3366,   Val Dice: 0.6663
2025-04-23 13:42:54,969 - richard.src.train.trainer:train:161 - DEBUG -   Raw Val Losses: {Dice: 0.3366}
2025-04-23 13:42:54,969 - richard.src.train.trainer:train:163 - DEBUG - Best Val Loss So Far: 0.3343, Best Val Dice So Far: 0.6697
2025-04-23 13:43:43,949 - richard.src.train.trainer:train:132 - DEBUG - Epoch 24: No improvement in val_dice for 7 epoch(s). Patience: 15
2025-04-23 13:43:43,949 - richard.src.train.trainer:train:140 - DEBUG - Stepped ReduceLROnPlateau scheduler with val_dice: 0.6597
2025-04-23 13:43:43,949 - richard.src.train.trainer:train:146 - DEBUG - Epoch 24: Current learning rate: 2.00e-06
2025-04-23 13:43:43,949 - richard.src.train.trainer:save_checkpoint:409 - DEBUG - Epoch 24: Val Dice 0.6597 did not improve over best 0.6697
2025-04-23 13:43:43,949 - richard.src.train.trainer:train:152 - DEBUG - Epoch 24 Summary:
2025-04-23 13:43:43,950 - richard.src.train.trainer:train:153 - DEBUG -   Train Loss: 0.2376, Train Dice: 0.7750
2025-04-23 13:43:43,950 - richard.src.train.trainer:train:156 - DEBUG -   Raw Train Losses: {Dice: 0.2376}
2025-04-23 13:43:43,950 - richard.src.train.trainer:train:158 - DEBUG -     Val Loss: 0.3431,   Val Dice: 0.6597
2025-04-23 13:43:43,950 - richard.src.train.trainer:train:161 - DEBUG -   Raw Val Losses: {Dice: 0.3431}
2025-04-23 13:43:43,950 - richard.src.train.trainer:train:163 - DEBUG - Best Val Loss So Far: 0.3343, Best Val Dice So Far: 0.6697
2025-04-23 13:44:24,315 - richard.src.train.trainer:train:132 - DEBUG - Epoch 25: No improvement in val_dice for 8 epoch(s). Patience: 15
2025-04-23 13:44:24,316 - richard.src.train.trainer:train:140 - DEBUG - Stepped ReduceLROnPlateau scheduler with val_dice: 0.6575
2025-04-23 13:44:24,316 - richard.src.train.trainer:train:146 - DEBUG - Epoch 25: Current learning rate: 2.00e-06
2025-04-23 13:44:24,317 - richard.src.train.trainer:save_checkpoint:409 - DEBUG - Epoch 25: Val Dice 0.6575 did not improve over best 0.6697
2025-04-23 13:44:24,317 - richard.src.train.trainer:train:152 - DEBUG - Epoch 25 Summary:
2025-04-23 13:44:24,317 - richard.src.train.trainer:train:153 - DEBUG -   Train Loss: 0.2395, Train Dice: 0.7730
2025-04-23 13:44:24,317 - richard.src.train.trainer:train:156 - DEBUG -   Raw Train Losses: {Dice: 0.2395}
2025-04-23 13:44:24,317 - richard.src.train.trainer:train:158 - DEBUG -     Val Loss: 0.3450,   Val Dice: 0.6575
2025-04-23 13:44:24,317 - richard.src.train.trainer:train:161 - DEBUG -   Raw Val Losses: {Dice: 0.3450}
2025-04-23 13:44:24,317 - richard.src.train.trainer:train:163 - DEBUG - Best Val Loss So Far: 0.3343, Best Val Dice So Far: 0.6697
2025-04-23 13:45:11,727 - richard.src.train.trainer:train:132 - DEBUG - Epoch 26: No improvement in val_dice for 9 epoch(s). Patience: 15
2025-04-23 13:45:11,727 - richard.src.train.trainer:train:140 - DEBUG - Stepped ReduceLROnPlateau scheduler with val_dice: 0.6590
2025-04-23 13:45:11,728 - richard.src.train.trainer:train:146 - DEBUG - Epoch 26: Current learning rate: 2.00e-06
2025-04-23 13:45:11,728 - richard.src.train.trainer:save_checkpoint:409 - DEBUG - Epoch 26: Val Dice 0.6590 did not improve over best 0.6697
2025-04-23 13:45:11,728 - richard.src.train.trainer:train:152 - DEBUG - Epoch 26 Summary:
2025-04-23 13:45:11,728 - richard.src.train.trainer:train:153 - DEBUG -   Train Loss: 0.2353, Train Dice: 0.7767
2025-04-23 13:45:11,728 - richard.src.train.trainer:train:156 - DEBUG -   Raw Train Losses: {Dice: 0.2353}
2025-04-23 13:45:11,728 - richard.src.train.trainer:train:158 - DEBUG -     Val Loss: 0.3437,   Val Dice: 0.6590
2025-04-23 13:45:11,728 - richard.src.train.trainer:train:161 - DEBUG -   Raw Val Losses: {Dice: 0.3437}
2025-04-23 13:45:11,728 - richard.src.train.trainer:train:163 - DEBUG - Best Val Loss So Far: 0.3343, Best Val Dice So Far: 0.6697
2025-04-23 13:45:51,833 - richard.src.train.trainer:train:132 - DEBUG - Epoch 27: No improvement in val_dice for 10 epoch(s). Patience: 15
2025-04-23 13:45:51,834 - richard.src.train.trainer:train:140 - DEBUG - Stepped ReduceLROnPlateau scheduler with val_dice: 0.6631
2025-04-23 13:45:51,834 - richard.src.train.trainer:train:146 - DEBUG - Epoch 27: Current learning rate: 2.00e-06
2025-04-23 13:45:51,834 - richard.src.train.trainer:save_checkpoint:409 - DEBUG - Epoch 27: Val Dice 0.6631 did not improve over best 0.6697
2025-04-23 13:45:51,834 - richard.src.train.trainer:train:152 - DEBUG - Epoch 27 Summary:
2025-04-23 13:45:51,834 - richard.src.train.trainer:train:153 - DEBUG -   Train Loss: 0.2336, Train Dice: 0.7781
2025-04-23 13:45:51,834 - richard.src.train.trainer:train:156 - DEBUG -   Raw Train Losses: {Dice: 0.2336}
2025-04-23 13:45:51,834 - richard.src.train.trainer:train:158 - DEBUG -     Val Loss: 0.3393,   Val Dice: 0.6631
2025-04-23 13:45:51,834 - richard.src.train.trainer:train:161 - DEBUG -   Raw Val Losses: {Dice: 0.3393}
2025-04-23 13:45:51,834 - richard.src.train.trainer:train:163 - DEBUG - Best Val Loss So Far: 0.3343, Best Val Dice So Far: 0.6697
2025-04-23 13:46:36,248 - richard.src.train.trainer:train:132 - DEBUG - Epoch 28: No improvement in val_dice for 11 epoch(s). Patience: 15
2025-04-23 13:46:36,249 - richard.src.train.trainer:train:140 - DEBUG - Stepped ReduceLROnPlateau scheduler with val_dice: 0.6686
2025-04-23 13:46:36,249 - richard.src.train.trainer:train:146 - DEBUG - Epoch 28: Current learning rate: 2.00e-06
2025-04-23 13:46:36,249 - richard.src.train.trainer:save_checkpoint:409 - DEBUG - Epoch 28: Val Dice 0.6686 did not improve over best 0.6697
2025-04-23 13:46:36,249 - richard.src.train.trainer:train:152 - DEBUG - Epoch 28 Summary:
2025-04-23 13:46:36,249 - richard.src.train.trainer:train:153 - DEBUG -   Train Loss: 0.2337, Train Dice: 0.7774
2025-04-23 13:46:36,249 - richard.src.train.trainer:train:156 - DEBUG -   Raw Train Losses: {Dice: 0.2337}
2025-04-23 13:46:36,249 - richard.src.train.trainer:train:158 - DEBUG -     Val Loss: 0.3335,   Val Dice: 0.6686
2025-04-23 13:46:36,249 - richard.src.train.trainer:train:161 - DEBUG -   Raw Val Losses: {Dice: 0.3335}
2025-04-23 13:46:36,249 - richard.src.train.trainer:train:163 - DEBUG - Best Val Loss So Far: 0.3343, Best Val Dice So Far: 0.6697
2025-04-23 13:47:16,533 - richard.src.train.trainer:train:132 - DEBUG - Epoch 29: No improvement in val_dice for 12 epoch(s). Patience: 15
2025-04-23 13:47:16,533 - richard.src.train.trainer:train:140 - DEBUG - Stepped ReduceLROnPlateau scheduler with val_dice: 0.6644
2025-04-23 13:47:16,533 - richard.src.train.trainer:train:146 - DEBUG - Epoch 29: Current learning rate: 1.00e-06
2025-04-23 13:47:16,534 - richard.src.train.trainer:save_checkpoint:409 - DEBUG - Epoch 29: Val Dice 0.6644 did not improve over best 0.6697
2025-04-23 13:47:16,534 - richard.src.train.trainer:train:152 - DEBUG - Epoch 29 Summary:
2025-04-23 13:47:16,534 - richard.src.train.trainer:train:153 - DEBUG -   Train Loss: 0.2334, Train Dice: 0.7778
2025-04-23 13:47:16,534 - richard.src.train.trainer:train:156 - DEBUG -   Raw Train Losses: {Dice: 0.2334}
2025-04-23 13:47:16,534 - richard.src.train.trainer:train:158 - DEBUG -     Val Loss: 0.3380,   Val Dice: 0.6644
2025-04-23 13:47:16,534 - richard.src.train.trainer:train:161 - DEBUG -   Raw Val Losses: {Dice: 0.3380}
2025-04-23 13:47:16,534 - richard.src.train.trainer:train:163 - DEBUG - Best Val Loss So Far: 0.3335, Best Val Dice So Far: 0.6697
2025-04-23 13:48:07,511 - richard.src.train.trainer:train:132 - DEBUG - Epoch 30: No improvement in val_dice for 13 epoch(s). Patience: 15
2025-04-23 13:48:07,511 - richard.src.train.trainer:train:140 - DEBUG - Stepped ReduceLROnPlateau scheduler with val_dice: 0.6685
2025-04-23 13:48:07,511 - richard.src.train.trainer:train:146 - DEBUG - Epoch 30: Current learning rate: 1.00e-06
2025-04-23 13:48:07,512 - richard.src.train.trainer:save_checkpoint:409 - DEBUG - Epoch 30: Val Dice 0.6685 did not improve over best 0.6697
2025-04-23 13:48:07,512 - richard.src.train.trainer:train:152 - DEBUG - Epoch 30 Summary:
2025-04-23 13:48:07,512 - richard.src.train.trainer:train:153 - DEBUG -   Train Loss: 0.2300, Train Dice: 0.7809
2025-04-23 13:48:07,513 - richard.src.train.trainer:train:156 - DEBUG -   Raw Train Losses: {Dice: 0.2300}
2025-04-23 13:48:07,513 - richard.src.train.trainer:train:158 - DEBUG -     Val Loss: 0.3338,   Val Dice: 0.6685
2025-04-23 13:48:07,513 - richard.src.train.trainer:train:161 - DEBUG -   Raw Val Losses: {Dice: 0.3338}
2025-04-23 13:48:07,513 - richard.src.train.trainer:train:163 - DEBUG - Best Val Loss So Far: 0.3335, Best Val Dice So Far: 0.6697
2025-04-23 13:48:08,916 - richard.src.train.trainer:train:210 - INFO - Saved final checkpoint to /radraid2/dongwoolee/VNet_LungNoduleSeg/richard/checkpoints/final_checkpoint_25-04-23_13:25:51.pth
2025-04-23 13:48:08,917 - root:train:211 - INFO - Training finished.
