2025-04-17 13:58:47,545 - root:setup_logging:142 - INFO - File logging (DEBUG level) activated: /radraid2/dongwoolee/VNet_LungNoduleSeg/richard/logs/debug_25-04-17_13:58:47.log
2025-04-17 13:58:47,545 - root:setup_logging:148 - INFO - Console logging level set to: INFO
2025-04-17 13:58:47,546 - root:setup_logging:150 - INFO - File logging level set to: DEBUG
2025-04-17 13:58:47,546 - root:<module>:174 - INFO - Start time: 25-04-17_13:58:47
2025-04-17 13:58:47,556 - richard.src.utils.utils:_load_and_merge_yaml_configs:289 - INFO - Decorator loaded base config from: richard/config/train.yaml
2025-04-17 13:58:47,563 - richard.src.utils.utils:_load_and_merge_yaml_configs:306 - INFO - Decorator loaded config for 'model' from: richard/config/model/vnet.yaml
2025-04-17 13:58:47,569 - richard.src.utils.utils:_load_and_merge_yaml_configs:306 - INFO - Decorator loaded config for 'dataset' from: richard/config/dataset/luna16_2d.yaml
2025-04-17 13:58:47,574 - richard.src.utils.utils:_load_and_merge_yaml_configs:306 - INFO - Decorator loaded config for 'dataloader' from: richard/config/dataloader/dataloader.yaml
2025-04-17 13:58:47,575 - richard.src.utils.utils:_load_and_merge_yaml_configs:306 - INFO - Decorator loaded config for 'optimizer' from: richard/config/optimizer/AdamW.yaml
2025-04-17 13:58:47,577 - richard.src.utils.utils:_load_and_merge_yaml_configs:306 - INFO - Decorator loaded config for 'scheduler' from: richard/config/scheduler/ReduceLROnPlateau.yaml
2025-04-17 13:58:47,577 - richard.src.utils.utils:wrapper:363 - INFO - Decorator successfully loaded and merged configurations.
2025-04-17 13:58:47,578 - richard.src.utils.utils:wrapper:371 - INFO - Decorator injecting loaded 'cfg' into function call.
2025-04-17 13:58:47,578 - richard.src.utils.utils:wrapper:381 - DEBUG - Decorator injected 'cfg' into function call: {'model': {'name': 'VNet2D', 'in_channels': 1, 'out_channels': 1, 'conv_kernel_size': 5, 'conv_stride': 1, 'conv_padding': 2, 'conv_bn': True, 'conv_activation_fn': None, 'sampling_conv_kernel_size': 2, 'sampling_conv_stride': 2, 'sampling_conv_padding': 0, 'sampling_conv_bn': True, 'sampling_conv_activation_fn': None, 'dropout_rate': 0.3}, 'dataset': {'train': {'image_dir': '/radraid2/dongwoolee/VNet_LungNoduleSeg/richard/data/LUNA16/train/images_2D_0axis/', 'mask_dir': '/radraid2/dongwoolee/VNet_LungNoduleSeg/richard/data/LUNA16/train/masks_2D_0axis/', 'augment': True, 'normalize': True, 'mean': [-593.997], 'std': [417.0208]}, 'val': {'image_dir': '/radraid2/dongwoolee/VNet_LungNoduleSeg/richard/data/splits/val/images_2D_0axis/', 'mask_dir': '/radraid2/dongwoolee/VNet_LungNoduleSeg/richard/data/splits/val/masks_2D_0axis/', 'augment': False, 'normalize': True, 'mean': [-593.997], 'std': [417.0208]}}, 'dataloader': {'train': {'batch_size': 16, 'shuffle': True, 'num_workers': 8}, 'val': {'batch_size': 16, 'shuffle': False, 'num_workers': 8}, 'test': {'batch_size': 16, 'shuffle': False, 'num_workers': 8}}, 'optimizer': {'name': 'AdamW', 'lr': 0.0001, 'weight_decay': 0.01}, 'scheduler': {'name': 'ReduceLROnPlateau', 'factor': 0.2, 'mode': 'max', 'patience': 5, 'min_lr': 1e-06}, 'criterion': {'Dice': {'name': 'DiceLoss', 'weight': 1.0}}, 'training': {'num_epochs': 30, 'batch_size': 16, 'early_stopping_patience': 15, 'early_stopping_min_delta': 0.0005}}
2025-04-17 13:58:47,749 - root:train:30 - INFO - Using device: cuda
2025-04-17 13:58:47,749 - root:train:33 - INFO - Train function received config keys: ['model', 'dataset', 'dataloader', 'optimizer', 'scheduler', 'criterion', 'training']
2025-04-17 13:59:18,688 - root:train:50 - INFO - Loaded train dataset with 11933 samples.
2025-04-17 13:59:18,688 - root:train:51 - INFO - Loaded validation dataset with 15181 samples.
2025-04-17 13:59:18,689 - root:train:55 - INFO - Created DataLoaders.
2025-04-17 13:59:19,095 - root:train:70 - INFO - Initialized model: VNet2D
2025-04-17 13:59:19,096 - root:train:87 - INFO - Initialized AdamW optimizer with params: {'lr': 0.0001, 'weight_decay': 0.01}
2025-04-17 13:59:19,097 - root:train:106 - INFO - Initialized ReduceLROnPlateau scheduler with params: {'factor': 0.2, 'mode': 'max', 'patience': 5, 'min_lr': 1e-06}
2025-04-17 13:59:19,098 - richard.src.utils.loss:__init__:202 - INFO - Initialized loss component 'Dice' (DiceLoss) with effective params: {}
2025-04-17 13:59:19,098 - richard.src.utils.loss:__init__:231 - INFO - Final combined loss weights: {'Dice': 1.0}
2025-04-17 13:59:19,099 - root:train:123 - INFO - Initialized CombinedLoss criterion.
2025-04-17 13:59:19,099 - richard.src.train.trainer:__init__:39 - INFO - Trainer initialized with optimizer: AdamW
2025-04-17 13:59:19,100 - richard.src.train.trainer:__init__:45 - INFO - Trainer initialized with scheduler: ReduceLROnPlateau
2025-04-17 13:59:19,100 - richard.src.train.trainer:__init__:53 - INFO - Trainer initialized with criterion: CombinedLoss
2025-04-17 13:59:19,100 - richard.src.train.trainer:__init__:97 - INFO - Early stopping enabled with patience: 15, min_delta: 0.0005
2025-04-17 13:59:19,100 - richard.src.train.trainer:__init__:107 - DEBUG - Initialized raw loss tracking for components: ['Dice']
2025-04-17 13:59:19,100 - root:train:144 - INFO - Starting training for 30 epochs...
2025-04-17 13:59:53,246 - richard.src.train.trainer:train:140 - DEBUG - Stepped ReduceLROnPlateau scheduler with val_dice: 0.1777
2025-04-17 13:59:53,248 - richard.src.train.trainer:train:146 - DEBUG - Epoch 1: Current learning rate: 1.00e-04
2025-04-17 13:59:55,634 - richard.src.train.trainer:save_checkpoint:395 - DEBUG - Saved new best checkpoint to /radraid2/dongwoolee/VNet_LungNoduleSeg/richard/checkpoints/best_checkpoint_epoch_1_25-04-17_13:58:47.pth with val Dice: 0.1777
2025-04-17 13:59:55,635 - richard.src.train.trainer:train:152 - DEBUG - Epoch 1 Summary:
2025-04-17 13:59:55,636 - richard.src.train.trainer:train:153 - DEBUG -   Train Loss: 0.5274, Train Dice: 0.5815
2025-04-17 13:59:55,636 - richard.src.train.trainer:train:156 - DEBUG -   Raw Train Losses: {Dice: 0.5274}
2025-04-17 13:59:55,636 - richard.src.train.trainer:train:158 - DEBUG -     Val Loss: 0.8494,   Val Dice: 0.1777
2025-04-17 13:59:55,636 - richard.src.train.trainer:train:161 - DEBUG -   Raw Val Losses: {Dice: 0.8494}
2025-04-17 13:59:55,636 - richard.src.train.trainer:train:163 - DEBUG - Best Val Loss So Far: inf, Best Val Dice So Far: 0.1777
2025-04-17 14:00:26,881 - richard.src.train.trainer:train:140 - DEBUG - Stepped ReduceLROnPlateau scheduler with val_dice: 0.2159
2025-04-17 14:00:26,883 - richard.src.train.trainer:train:146 - DEBUG - Epoch 2: Current learning rate: 1.00e-04
2025-04-17 14:00:28,935 - richard.src.train.trainer:save_checkpoint:395 - DEBUG - Saved new best checkpoint to /radraid2/dongwoolee/VNet_LungNoduleSeg/richard/checkpoints/best_checkpoint_epoch_2_25-04-17_13:58:47.pth with val Dice: 0.2159
2025-04-17 14:00:28,991 - richard.src.train.trainer:save_checkpoint:405 - DEBUG - Removed previous best checkpoint: /radraid2/dongwoolee/VNet_LungNoduleSeg/richard/checkpoints/best_checkpoint_epoch_1_25-04-17_13:58:47.pth
2025-04-17 14:00:28,992 - richard.src.train.trainer:train:152 - DEBUG - Epoch 2 Summary:
2025-04-17 14:00:28,992 - richard.src.train.trainer:train:153 - DEBUG -   Train Loss: 0.3676, Train Dice: 0.6877
2025-04-17 14:00:28,992 - richard.src.train.trainer:train:156 - DEBUG -   Raw Train Losses: {Dice: 0.3676}
2025-04-17 14:00:28,992 - richard.src.train.trainer:train:158 - DEBUG -     Val Loss: 0.7972,   Val Dice: 0.2159
2025-04-17 14:00:28,993 - richard.src.train.trainer:train:161 - DEBUG -   Raw Val Losses: {Dice: 0.7972}
2025-04-17 14:00:28,993 - richard.src.train.trainer:train:163 - DEBUG - Best Val Loss So Far: 0.8494, Best Val Dice So Far: 0.2159
2025-04-17 14:00:53,431 - richard.src.train.trainer:train:132 - DEBUG - Epoch 3: No improvement in val_dice for 1 epoch(s). Patience: 15
2025-04-17 14:00:53,431 - richard.src.train.trainer:train:140 - DEBUG - Stepped ReduceLROnPlateau scheduler with val_dice: 0.2014
2025-04-17 14:00:53,431 - richard.src.train.trainer:train:146 - DEBUG - Epoch 3: Current learning rate: 1.00e-04
2025-04-17 14:00:53,431 - richard.src.train.trainer:save_checkpoint:409 - DEBUG - Epoch 3: Val Dice 0.2014 did not improve over best 0.2159
2025-04-17 14:00:53,431 - richard.src.train.trainer:train:152 - DEBUG - Epoch 3 Summary:
2025-04-17 14:00:53,431 - richard.src.train.trainer:train:153 - DEBUG -   Train Loss: 0.3160, Train Dice: 0.7086
2025-04-17 14:00:53,431 - richard.src.train.trainer:train:156 - DEBUG -   Raw Train Losses: {Dice: 0.3160}
2025-04-17 14:00:53,431 - richard.src.train.trainer:train:158 - DEBUG -     Val Loss: 0.8024,   Val Dice: 0.2014
2025-04-17 14:00:53,431 - richard.src.train.trainer:train:161 - DEBUG -   Raw Val Losses: {Dice: 0.8024}
2025-04-17 14:00:53,431 - richard.src.train.trainer:train:163 - DEBUG - Best Val Loss So Far: 0.7972, Best Val Dice So Far: 0.2159
2025-04-17 14:01:23,020 - richard.src.train.trainer:train:132 - DEBUG - Epoch 4: No improvement in val_dice for 2 epoch(s). Patience: 15
2025-04-17 14:01:23,020 - richard.src.train.trainer:train:140 - DEBUG - Stepped ReduceLROnPlateau scheduler with val_dice: 0.1863
2025-04-17 14:01:23,020 - richard.src.train.trainer:train:146 - DEBUG - Epoch 4: Current learning rate: 1.00e-04
2025-04-17 14:01:23,021 - richard.src.train.trainer:save_checkpoint:409 - DEBUG - Epoch 4: Val Dice 0.1863 did not improve over best 0.2159
2025-04-17 14:01:23,021 - richard.src.train.trainer:train:152 - DEBUG - Epoch 4 Summary:
2025-04-17 14:01:23,021 - richard.src.train.trainer:train:153 - DEBUG -   Train Loss: 0.2934, Train Dice: 0.7203
2025-04-17 14:01:23,021 - richard.src.train.trainer:train:156 - DEBUG -   Raw Train Losses: {Dice: 0.2934}
2025-04-17 14:01:23,021 - richard.src.train.trainer:train:158 - DEBUG -     Val Loss: 0.8148,   Val Dice: 0.1863
2025-04-17 14:01:23,021 - richard.src.train.trainer:train:161 - DEBUG -   Raw Val Losses: {Dice: 0.8148}
2025-04-17 14:01:23,021 - richard.src.train.trainer:train:163 - DEBUG - Best Val Loss So Far: 0.7972, Best Val Dice So Far: 0.2159
2025-04-17 14:01:56,667 - richard.src.train.trainer:train:132 - DEBUG - Epoch 5: No improvement in val_dice for 3 epoch(s). Patience: 15
2025-04-17 14:01:56,667 - richard.src.train.trainer:train:140 - DEBUG - Stepped ReduceLROnPlateau scheduler with val_dice: 0.2136
2025-04-17 14:01:56,668 - richard.src.train.trainer:train:146 - DEBUG - Epoch 5: Current learning rate: 1.00e-04
2025-04-17 14:01:56,668 - richard.src.train.trainer:save_checkpoint:409 - DEBUG - Epoch 5: Val Dice 0.2136 did not improve over best 0.2159
2025-04-17 14:01:56,668 - richard.src.train.trainer:train:152 - DEBUG - Epoch 5 Summary:
2025-04-17 14:01:56,668 - richard.src.train.trainer:train:153 - DEBUG -   Train Loss: 0.2810, Train Dice: 0.7273
2025-04-17 14:01:56,668 - richard.src.train.trainer:train:156 - DEBUG -   Raw Train Losses: {Dice: 0.2810}
2025-04-17 14:01:56,668 - richard.src.train.trainer:train:158 - DEBUG -     Val Loss: 0.7876,   Val Dice: 0.2136
2025-04-17 14:01:56,669 - richard.src.train.trainer:train:161 - DEBUG -   Raw Val Losses: {Dice: 0.7876}
2025-04-17 14:01:56,669 - richard.src.train.trainer:train:163 - DEBUG - Best Val Loss So Far: 0.7972, Best Val Dice So Far: 0.2159
2025-04-17 14:02:21,488 - richard.src.train.trainer:train:140 - DEBUG - Stepped ReduceLROnPlateau scheduler with val_dice: 0.2393
2025-04-17 14:02:21,489 - richard.src.train.trainer:train:146 - DEBUG - Epoch 6: Current learning rate: 1.00e-04
2025-04-17 14:02:23,847 - richard.src.train.trainer:save_checkpoint:395 - DEBUG - Saved new best checkpoint to /radraid2/dongwoolee/VNet_LungNoduleSeg/richard/checkpoints/best_checkpoint_epoch_6_25-04-17_13:58:47.pth with val Dice: 0.2393
2025-04-17 14:02:23,902 - richard.src.train.trainer:save_checkpoint:405 - DEBUG - Removed previous best checkpoint: /radraid2/dongwoolee/VNet_LungNoduleSeg/richard/checkpoints/best_checkpoint_epoch_2_25-04-17_13:58:47.pth
2025-04-17 14:02:23,903 - richard.src.train.trainer:train:152 - DEBUG - Epoch 6 Summary:
2025-04-17 14:02:23,904 - richard.src.train.trainer:train:153 - DEBUG -   Train Loss: 0.2741, Train Dice: 0.7317
2025-04-17 14:02:23,904 - richard.src.train.trainer:train:156 - DEBUG -   Raw Train Losses: {Dice: 0.2741}
2025-04-17 14:02:23,904 - richard.src.train.trainer:train:158 - DEBUG -     Val Loss: 0.7617,   Val Dice: 0.2393
2025-04-17 14:02:23,904 - richard.src.train.trainer:train:161 - DEBUG -   Raw Val Losses: {Dice: 0.7617}
2025-04-17 14:02:23,904 - richard.src.train.trainer:train:163 - DEBUG - Best Val Loss So Far: 0.7876, Best Val Dice So Far: 0.2393
2025-04-17 14:02:53,775 - richard.src.train.trainer:train:132 - DEBUG - Epoch 7: No improvement in val_dice for 1 epoch(s). Patience: 15
2025-04-17 14:02:53,775 - richard.src.train.trainer:train:140 - DEBUG - Stepped ReduceLROnPlateau scheduler with val_dice: 0.2007
2025-04-17 14:02:53,775 - richard.src.train.trainer:train:146 - DEBUG - Epoch 7: Current learning rate: 1.00e-04
2025-04-17 14:02:53,775 - richard.src.train.trainer:save_checkpoint:409 - DEBUG - Epoch 7: Val Dice 0.2007 did not improve over best 0.2393
2025-04-17 14:02:53,775 - richard.src.train.trainer:train:152 - DEBUG - Epoch 7 Summary:
2025-04-17 14:02:53,775 - richard.src.train.trainer:train:153 - DEBUG -   Train Loss: 0.2670, Train Dice: 0.7372
2025-04-17 14:02:53,775 - richard.src.train.trainer:train:156 - DEBUG -   Raw Train Losses: {Dice: 0.2670}
2025-04-17 14:02:53,777 - richard.src.train.trainer:train:158 - DEBUG -     Val Loss: 0.7997,   Val Dice: 0.2007
2025-04-17 14:02:53,777 - richard.src.train.trainer:train:161 - DEBUG -   Raw Val Losses: {Dice: 0.7997}
2025-04-17 14:02:53,777 - richard.src.train.trainer:train:163 - DEBUG - Best Val Loss So Far: 0.7617, Best Val Dice So Far: 0.2393
2025-04-17 14:03:23,940 - richard.src.train.trainer:train:132 - DEBUG - Epoch 8: No improvement in val_dice for 2 epoch(s). Patience: 15
2025-04-17 14:03:23,940 - richard.src.train.trainer:train:140 - DEBUG - Stepped ReduceLROnPlateau scheduler with val_dice: 0.2105
2025-04-17 14:03:23,941 - richard.src.train.trainer:train:146 - DEBUG - Epoch 8: Current learning rate: 1.00e-04
2025-04-17 14:03:23,942 - richard.src.train.trainer:save_checkpoint:409 - DEBUG - Epoch 8: Val Dice 0.2105 did not improve over best 0.2393
2025-04-17 14:03:23,942 - richard.src.train.trainer:train:152 - DEBUG - Epoch 8 Summary:
2025-04-17 14:03:23,942 - richard.src.train.trainer:train:153 - DEBUG -   Train Loss: 0.2606, Train Dice: 0.7424
2025-04-17 14:03:23,942 - richard.src.train.trainer:train:156 - DEBUG -   Raw Train Losses: {Dice: 0.2606}
2025-04-17 14:03:23,942 - richard.src.train.trainer:train:158 - DEBUG -     Val Loss: 0.7897,   Val Dice: 0.2105
2025-04-17 14:03:23,942 - richard.src.train.trainer:train:161 - DEBUG -   Raw Val Losses: {Dice: 0.7897}
2025-04-17 14:03:23,942 - richard.src.train.trainer:train:163 - DEBUG - Best Val Loss So Far: 0.7617, Best Val Dice So Far: 0.2393
2025-04-17 14:03:58,057 - richard.src.train.trainer:train:132 - DEBUG - Epoch 9: No improvement in val_dice for 3 epoch(s). Patience: 15
2025-04-17 14:03:58,057 - richard.src.train.trainer:train:140 - DEBUG - Stepped ReduceLROnPlateau scheduler with val_dice: 0.2159
2025-04-17 14:03:58,057 - richard.src.train.trainer:train:146 - DEBUG - Epoch 9: Current learning rate: 1.00e-04
2025-04-17 14:03:58,058 - richard.src.train.trainer:save_checkpoint:409 - DEBUG - Epoch 9: Val Dice 0.2159 did not improve over best 0.2393
2025-04-17 14:03:58,058 - richard.src.train.trainer:train:152 - DEBUG - Epoch 9 Summary:
2025-04-17 14:03:58,058 - richard.src.train.trainer:train:153 - DEBUG -   Train Loss: 0.2593, Train Dice: 0.7430
2025-04-17 14:03:58,058 - richard.src.train.trainer:train:156 - DEBUG -   Raw Train Losses: {Dice: 0.2593}
2025-04-17 14:03:58,058 - richard.src.train.trainer:train:158 - DEBUG -     Val Loss: 0.7843,   Val Dice: 0.2159
2025-04-17 14:03:58,058 - richard.src.train.trainer:train:161 - DEBUG -   Raw Val Losses: {Dice: 0.7843}
2025-04-17 14:03:58,058 - richard.src.train.trainer:train:163 - DEBUG - Best Val Loss So Far: 0.7617, Best Val Dice So Far: 0.2393
2025-04-17 14:04:29,787 - richard.src.train.trainer:train:132 - DEBUG - Epoch 10: No improvement in val_dice for 4 epoch(s). Patience: 15
2025-04-17 14:04:29,787 - richard.src.train.trainer:train:140 - DEBUG - Stepped ReduceLROnPlateau scheduler with val_dice: 0.2080
2025-04-17 14:04:29,787 - richard.src.train.trainer:train:146 - DEBUG - Epoch 10: Current learning rate: 1.00e-04
2025-04-17 14:04:29,787 - richard.src.train.trainer:save_checkpoint:409 - DEBUG - Epoch 10: Val Dice 0.2080 did not improve over best 0.2393
2025-04-17 14:04:29,787 - richard.src.train.trainer:train:152 - DEBUG - Epoch 10 Summary:
2025-04-17 14:04:29,787 - richard.src.train.trainer:train:153 - DEBUG -   Train Loss: 0.2554, Train Dice: 0.7464
2025-04-17 14:04:29,787 - richard.src.train.trainer:train:156 - DEBUG -   Raw Train Losses: {Dice: 0.2554}
2025-04-17 14:04:29,787 - richard.src.train.trainer:train:158 - DEBUG -     Val Loss: 0.7921,   Val Dice: 0.2080
2025-04-17 14:04:29,787 - richard.src.train.trainer:train:161 - DEBUG -   Raw Val Losses: {Dice: 0.7921}
2025-04-17 14:04:29,787 - richard.src.train.trainer:train:163 - DEBUG - Best Val Loss So Far: 0.7617, Best Val Dice So Far: 0.2393
2025-04-17 14:05:08,093 - richard.src.train.trainer:train:132 - DEBUG - Epoch 11: No improvement in val_dice for 5 epoch(s). Patience: 15
2025-04-17 14:05:08,093 - richard.src.train.trainer:train:140 - DEBUG - Stepped ReduceLROnPlateau scheduler with val_dice: 0.2014
2025-04-17 14:05:08,093 - richard.src.train.trainer:train:146 - DEBUG - Epoch 11: Current learning rate: 1.00e-04
2025-04-17 14:05:08,095 - richard.src.train.trainer:save_checkpoint:409 - DEBUG - Epoch 11: Val Dice 0.2014 did not improve over best 0.2393
2025-04-17 14:05:08,095 - richard.src.train.trainer:train:152 - DEBUG - Epoch 11 Summary:
2025-04-17 14:05:08,095 - richard.src.train.trainer:train:153 - DEBUG -   Train Loss: 0.2545, Train Dice: 0.7470
2025-04-17 14:05:08,095 - richard.src.train.trainer:train:156 - DEBUG -   Raw Train Losses: {Dice: 0.2545}
2025-04-17 14:05:08,095 - richard.src.train.trainer:train:158 - DEBUG -     Val Loss: 0.7986,   Val Dice: 0.2014
2025-04-17 14:05:08,095 - richard.src.train.trainer:train:161 - DEBUG -   Raw Val Losses: {Dice: 0.7986}
2025-04-17 14:05:08,095 - richard.src.train.trainer:train:163 - DEBUG - Best Val Loss So Far: 0.7617, Best Val Dice So Far: 0.2393
2025-04-17 14:05:37,766 - richard.src.train.trainer:train:132 - DEBUG - Epoch 12: No improvement in val_dice for 6 epoch(s). Patience: 15
2025-04-17 14:05:37,766 - richard.src.train.trainer:train:140 - DEBUG - Stepped ReduceLROnPlateau scheduler with val_dice: 0.2108
2025-04-17 14:05:37,768 - richard.src.train.trainer:train:146 - DEBUG - Epoch 12: Current learning rate: 2.00e-05
2025-04-17 14:05:37,768 - richard.src.train.trainer:save_checkpoint:409 - DEBUG - Epoch 12: Val Dice 0.2108 did not improve over best 0.2393
2025-04-17 14:05:37,768 - richard.src.train.trainer:train:152 - DEBUG - Epoch 12 Summary:
2025-04-17 14:05:37,768 - richard.src.train.trainer:train:153 - DEBUG -   Train Loss: 0.2513, Train Dice: 0.7499
2025-04-17 14:05:37,768 - richard.src.train.trainer:train:156 - DEBUG -   Raw Train Losses: {Dice: 0.2513}
2025-04-17 14:05:37,768 - richard.src.train.trainer:train:158 - DEBUG -     Val Loss: 0.7892,   Val Dice: 0.2108
2025-04-17 14:05:37,768 - richard.src.train.trainer:train:161 - DEBUG -   Raw Val Losses: {Dice: 0.7892}
2025-04-17 14:05:37,768 - richard.src.train.trainer:train:163 - DEBUG - Best Val Loss So Far: 0.7617, Best Val Dice So Far: 0.2393
2025-04-17 14:06:12,607 - richard.src.train.trainer:train:132 - DEBUG - Epoch 13: No improvement in val_dice for 7 epoch(s). Patience: 15
2025-04-17 14:06:12,608 - richard.src.train.trainer:train:140 - DEBUG - Stepped ReduceLROnPlateau scheduler with val_dice: 0.2100
2025-04-17 14:06:12,608 - richard.src.train.trainer:train:146 - DEBUG - Epoch 13: Current learning rate: 2.00e-05
2025-04-17 14:06:12,608 - richard.src.train.trainer:save_checkpoint:409 - DEBUG - Epoch 13: Val Dice 0.2100 did not improve over best 0.2393
2025-04-17 14:06:12,608 - richard.src.train.trainer:train:152 - DEBUG - Epoch 13 Summary:
2025-04-17 14:06:12,608 - richard.src.train.trainer:train:153 - DEBUG -   Train Loss: 0.2435, Train Dice: 0.7576
2025-04-17 14:06:12,608 - richard.src.train.trainer:train:156 - DEBUG -   Raw Train Losses: {Dice: 0.2435}
2025-04-17 14:06:12,608 - richard.src.train.trainer:train:158 - DEBUG -     Val Loss: 0.7901,   Val Dice: 0.2100
2025-04-17 14:06:12,608 - richard.src.train.trainer:train:161 - DEBUG -   Raw Val Losses: {Dice: 0.7901}
2025-04-17 14:06:12,608 - richard.src.train.trainer:train:163 - DEBUG - Best Val Loss So Far: 0.7617, Best Val Dice So Far: 0.2393
2025-04-17 14:06:47,308 - richard.src.train.trainer:train:132 - DEBUG - Epoch 14: No improvement in val_dice for 8 epoch(s). Patience: 15
2025-04-17 14:06:47,309 - richard.src.train.trainer:train:140 - DEBUG - Stepped ReduceLROnPlateau scheduler with val_dice: 0.2116
2025-04-17 14:06:47,309 - richard.src.train.trainer:train:146 - DEBUG - Epoch 14: Current learning rate: 2.00e-05
2025-04-17 14:06:47,309 - richard.src.train.trainer:save_checkpoint:409 - DEBUG - Epoch 14: Val Dice 0.2116 did not improve over best 0.2393
2025-04-17 14:06:47,309 - richard.src.train.trainer:train:152 - DEBUG - Epoch 14 Summary:
2025-04-17 14:06:47,309 - richard.src.train.trainer:train:153 - DEBUG -   Train Loss: 0.2377, Train Dice: 0.7632
2025-04-17 14:06:47,309 - richard.src.train.trainer:train:156 - DEBUG -   Raw Train Losses: {Dice: 0.2377}
2025-04-17 14:06:47,309 - richard.src.train.trainer:train:158 - DEBUG -     Val Loss: 0.7884,   Val Dice: 0.2116
2025-04-17 14:06:47,309 - richard.src.train.trainer:train:161 - DEBUG -   Raw Val Losses: {Dice: 0.7884}
2025-04-17 14:06:47,309 - richard.src.train.trainer:train:163 - DEBUG - Best Val Loss So Far: 0.7617, Best Val Dice So Far: 0.2393
2025-04-17 14:07:18,303 - richard.src.train.trainer:train:132 - DEBUG - Epoch 15: No improvement in val_dice for 9 epoch(s). Patience: 15
2025-04-17 14:07:18,304 - richard.src.train.trainer:train:140 - DEBUG - Stepped ReduceLROnPlateau scheduler with val_dice: 0.2127
2025-04-17 14:07:18,305 - richard.src.train.trainer:train:146 - DEBUG - Epoch 15: Current learning rate: 2.00e-05
2025-04-17 14:07:18,305 - richard.src.train.trainer:save_checkpoint:409 - DEBUG - Epoch 15: Val Dice 0.2127 did not improve over best 0.2393
2025-04-17 14:07:18,305 - richard.src.train.trainer:train:152 - DEBUG - Epoch 15 Summary:
2025-04-17 14:07:18,305 - richard.src.train.trainer:train:153 - DEBUG -   Train Loss: 0.2365, Train Dice: 0.7644
2025-04-17 14:07:18,305 - richard.src.train.trainer:train:156 - DEBUG -   Raw Train Losses: {Dice: 0.2365}
2025-04-17 14:07:18,305 - richard.src.train.trainer:train:158 - DEBUG -     Val Loss: 0.7874,   Val Dice: 0.2127
2025-04-17 14:07:18,306 - richard.src.train.trainer:train:161 - DEBUG -   Raw Val Losses: {Dice: 0.7874}
2025-04-17 14:07:18,306 - richard.src.train.trainer:train:163 - DEBUG - Best Val Loss So Far: 0.7617, Best Val Dice So Far: 0.2393
2025-04-17 14:07:55,234 - richard.src.train.trainer:train:132 - DEBUG - Epoch 16: No improvement in val_dice for 10 epoch(s). Patience: 15
2025-04-17 14:07:55,235 - richard.src.train.trainer:train:140 - DEBUG - Stepped ReduceLROnPlateau scheduler with val_dice: 0.2042
2025-04-17 14:07:55,235 - richard.src.train.trainer:train:146 - DEBUG - Epoch 16: Current learning rate: 2.00e-05
2025-04-17 14:07:55,236 - richard.src.train.trainer:save_checkpoint:409 - DEBUG - Epoch 16: Val Dice 0.2042 did not improve over best 0.2393
2025-04-17 14:07:55,236 - richard.src.train.trainer:train:152 - DEBUG - Epoch 16 Summary:
2025-04-17 14:07:55,236 - richard.src.train.trainer:train:153 - DEBUG -   Train Loss: 0.2344, Train Dice: 0.7665
2025-04-17 14:07:55,236 - richard.src.train.trainer:train:156 - DEBUG -   Raw Train Losses: {Dice: 0.2344}
2025-04-17 14:07:55,236 - richard.src.train.trainer:train:158 - DEBUG -     Val Loss: 0.7959,   Val Dice: 0.2042
2025-04-17 14:07:55,236 - richard.src.train.trainer:train:161 - DEBUG -   Raw Val Losses: {Dice: 0.7959}
2025-04-17 14:07:55,236 - richard.src.train.trainer:train:163 - DEBUG - Best Val Loss So Far: 0.7617, Best Val Dice So Far: 0.2393
2025-04-17 14:08:23,761 - richard.src.train.trainer:train:132 - DEBUG - Epoch 17: No improvement in val_dice for 11 epoch(s). Patience: 15
2025-04-17 14:08:23,762 - richard.src.train.trainer:train:140 - DEBUG - Stepped ReduceLROnPlateau scheduler with val_dice: 0.2056
2025-04-17 14:08:23,767 - richard.src.train.trainer:train:146 - DEBUG - Epoch 17: Current learning rate: 2.00e-05
2025-04-17 14:08:23,768 - richard.src.train.trainer:save_checkpoint:409 - DEBUG - Epoch 17: Val Dice 0.2056 did not improve over best 0.2393
2025-04-17 14:08:23,768 - richard.src.train.trainer:train:152 - DEBUG - Epoch 17 Summary:
2025-04-17 14:08:23,768 - richard.src.train.trainer:train:153 - DEBUG -   Train Loss: 0.2343, Train Dice: 0.7665
2025-04-17 14:08:23,768 - richard.src.train.trainer:train:156 - DEBUG -   Raw Train Losses: {Dice: 0.2343}
2025-04-17 14:08:23,768 - richard.src.train.trainer:train:158 - DEBUG -     Val Loss: 0.7944,   Val Dice: 0.2056
2025-04-17 14:08:23,768 - richard.src.train.trainer:train:161 - DEBUG -   Raw Val Losses: {Dice: 0.7944}
2025-04-17 14:08:23,768 - richard.src.train.trainer:train:163 - DEBUG - Best Val Loss So Far: 0.7617, Best Val Dice So Far: 0.2393
2025-04-17 14:08:57,868 - richard.src.train.trainer:train:132 - DEBUG - Epoch 18: No improvement in val_dice for 12 epoch(s). Patience: 15
2025-04-17 14:08:57,869 - richard.src.train.trainer:train:140 - DEBUG - Stepped ReduceLROnPlateau scheduler with val_dice: 0.2041
2025-04-17 14:08:57,869 - richard.src.train.trainer:train:146 - DEBUG - Epoch 18: Current learning rate: 4.00e-06
2025-04-17 14:08:57,869 - richard.src.train.trainer:save_checkpoint:409 - DEBUG - Epoch 18: Val Dice 0.2041 did not improve over best 0.2393
2025-04-17 14:08:57,869 - richard.src.train.trainer:train:152 - DEBUG - Epoch 18 Summary:
2025-04-17 14:08:57,869 - richard.src.train.trainer:train:153 - DEBUG -   Train Loss: 0.2344, Train Dice: 0.7664
2025-04-17 14:08:57,869 - richard.src.train.trainer:train:156 - DEBUG -   Raw Train Losses: {Dice: 0.2344}
2025-04-17 14:08:57,869 - richard.src.train.trainer:train:158 - DEBUG -     Val Loss: 0.7959,   Val Dice: 0.2041
2025-04-17 14:08:57,869 - richard.src.train.trainer:train:161 - DEBUG -   Raw Val Losses: {Dice: 0.7959}
2025-04-17 14:08:57,869 - richard.src.train.trainer:train:163 - DEBUG - Best Val Loss So Far: 0.7617, Best Val Dice So Far: 0.2393
2025-04-17 14:09:25,576 - richard.src.train.trainer:train:132 - DEBUG - Epoch 19: No improvement in val_dice for 13 epoch(s). Patience: 15
2025-04-17 14:09:25,576 - richard.src.train.trainer:train:140 - DEBUG - Stepped ReduceLROnPlateau scheduler with val_dice: 0.2090
2025-04-17 14:09:25,603 - richard.src.train.trainer:train:146 - DEBUG - Epoch 19: Current learning rate: 4.00e-06
2025-04-17 14:09:25,603 - richard.src.train.trainer:save_checkpoint:409 - DEBUG - Epoch 19: Val Dice 0.2090 did not improve over best 0.2393
2025-04-17 14:09:25,603 - richard.src.train.trainer:train:152 - DEBUG - Epoch 19 Summary:
2025-04-17 14:09:25,603 - richard.src.train.trainer:train:153 - DEBUG -   Train Loss: 0.2309, Train Dice: 0.7699
2025-04-17 14:09:25,603 - richard.src.train.trainer:train:156 - DEBUG -   Raw Train Losses: {Dice: 0.2309}
2025-04-17 14:09:25,603 - richard.src.train.trainer:train:158 - DEBUG -     Val Loss: 0.7911,   Val Dice: 0.2090
2025-04-17 14:09:25,603 - richard.src.train.trainer:train:161 - DEBUG -   Raw Val Losses: {Dice: 0.7911}
2025-04-17 14:09:25,603 - richard.src.train.trainer:train:163 - DEBUG - Best Val Loss So Far: 0.7617, Best Val Dice So Far: 0.2393
2025-04-17 14:09:57,670 - richard.src.train.trainer:train:132 - DEBUG - Epoch 20: No improvement in val_dice for 14 epoch(s). Patience: 15
2025-04-17 14:09:57,671 - richard.src.train.trainer:train:140 - DEBUG - Stepped ReduceLROnPlateau scheduler with val_dice: 0.2104
2025-04-17 14:09:57,671 - richard.src.train.trainer:train:146 - DEBUG - Epoch 20: Current learning rate: 4.00e-06
2025-04-17 14:09:57,671 - richard.src.train.trainer:save_checkpoint:409 - DEBUG - Epoch 20: Val Dice 0.2104 did not improve over best 0.2393
2025-04-17 14:09:57,671 - richard.src.train.trainer:train:152 - DEBUG - Epoch 20 Summary:
2025-04-17 14:09:57,671 - richard.src.train.trainer:train:153 - DEBUG -   Train Loss: 0.2289, Train Dice: 0.7720
2025-04-17 14:09:57,671 - richard.src.train.trainer:train:156 - DEBUG -   Raw Train Losses: {Dice: 0.2289}
2025-04-17 14:09:57,672 - richard.src.train.trainer:train:158 - DEBUG -     Val Loss: 0.7896,   Val Dice: 0.2104
2025-04-17 14:09:57,672 - richard.src.train.trainer:train:161 - DEBUG -   Raw Val Losses: {Dice: 0.7896}
2025-04-17 14:09:57,672 - richard.src.train.trainer:train:163 - DEBUG - Best Val Loss So Far: 0.7617, Best Val Dice So Far: 0.2393
2025-04-17 14:10:26,065 - richard.src.train.trainer:train:132 - DEBUG - Epoch 21: No improvement in val_dice for 15 epoch(s). Patience: 15
2025-04-17 14:10:26,065 - richard.src.train.trainer:train:140 - DEBUG - Stepped ReduceLROnPlateau scheduler with val_dice: 0.2061
2025-04-17 14:10:26,066 - richard.src.train.trainer:train:146 - DEBUG - Epoch 21: Current learning rate: 4.00e-06
2025-04-17 14:10:26,066 - richard.src.train.trainer:save_checkpoint:409 - DEBUG - Epoch 21: Val Dice 0.2061 did not improve over best 0.2393
2025-04-17 14:10:26,066 - richard.src.train.trainer:train:152 - DEBUG - Epoch 21 Summary:
2025-04-17 14:10:26,066 - richard.src.train.trainer:train:153 - DEBUG -   Train Loss: 0.2282, Train Dice: 0.7726
2025-04-17 14:10:26,066 - richard.src.train.trainer:train:156 - DEBUG -   Raw Train Losses: {Dice: 0.2282}
2025-04-17 14:10:26,066 - richard.src.train.trainer:train:158 - DEBUG -     Val Loss: 0.7940,   Val Dice: 0.2061
2025-04-17 14:10:26,066 - richard.src.train.trainer:train:161 - DEBUG -   Raw Val Losses: {Dice: 0.7940}
2025-04-17 14:10:26,066 - richard.src.train.trainer:train:163 - DEBUG - Best Val Loss So Far: 0.7617, Best Val Dice So Far: 0.2393
2025-04-17 14:10:26,067 - richard.src.train.trainer:train:179 - INFO - Early stopping triggered after 15 epochs without improvement.
2025-04-17 14:10:29,018 - richard.src.train.trainer:train:210 - INFO - Saved final checkpoint to /radraid2/dongwoolee/VNet_LungNoduleSeg/richard/checkpoints/final_checkpoint_25-04-17_13:58:47.pth
2025-04-17 14:10:29,019 - root:train:146 - INFO - Training finished.
